#
# There is insufficient memory for the Java Runtime Environment to continue.
# Native memory allocation (malloc) failed to allocate 1397776 bytes. Error detail: Chunk::new
# Possible reasons:
#   The system is out of physical RAM or swap space
#   This process is running with CompressedOops enabled, and the Java Heap may be blocking the growth of the native heap
# Possible solutions:
#   Reduce memory load on the system
#   Increase physical memory or swap space
#   Check if swap backing store is full
#   Decrease Java heap size (-Xmx/-Xms)
#   Decrease number of Java threads
#   Decrease Java thread stack sizes (-Xss)
#   Set larger code cache with -XX:ReservedCodeCacheSize=
#   JVM is running with Unscaled Compressed Oops mode in which the Java heap is
#     placed in the first 4GB address space. The Java Heap base address is the
#     maximum limit for the native heap growth. Please use -XX:HeapBaseMinAddress
#     to set the Java Heap base and to place the Java Heap above 4GB virtual address.
# This output file may be truncated or incomplete.
#
#  Out of Memory Error (arena.cpp:168), pid=56452, tid=35880
#
# JRE version: OpenJDK Runtime Environment Temurin-21.0.7+6 (21.0.7+6) (build 21.0.7+6-LTS)
# Java VM: OpenJDK 64-Bit Server VM Temurin-21.0.7+6 (21.0.7+6-LTS, mixed mode, sharing, tiered, compressed oops, compressed class ptrs, parallel gc, windows-amd64)
# No core dump will be written. Minidumps are not enabled by default on client versions of Windows
#

---------------  S U M M A R Y ------------

Command Line: --add-modules=ALL-SYSTEM --add-opens=java.base/java.util=ALL-UNNAMED --add-opens=java.base/java.lang=ALL-UNNAMED --add-opens=java.base/sun.nio.fs=ALL-UNNAMED -Declipse.application=org.eclipse.jdt.ls.core.id1 -Dosgi.bundles.defaultStartLevel=4 -Declipse.product=org.eclipse.jdt.ls.core.product -Djava.import.generatesMetadataFilesAtProjectRoot=false -DDetectVMInstallationsJob.disabled=true -Dfile.encoding=utf8 -XX:+UseParallelGC -XX:GCTimeRatio=4 -XX:AdaptiveSizePolicyWeight=90 -Dsun.zip.disableMemoryMapping=true -Xmx1G -Xms100m -Xlog:disable -javaagent:c:\Users\yassm\.vscode\extensions\redhat.java-1.42.0-win32-x64\lombok\lombok-1.18.36.jar -XX:+HeapDumpOnOutOfMemoryError -XX:HeapDumpPath=c:\Users\yassm\AppData\Roaming\Code\User\workspaceStorage\01b6eb0d43ef3d27e35b615da00195a7\redhat.java -Daether.dependencyCollector.impl=bf c:\Users\yassm\.vscode\extensions\redhat.java-1.42.0-win32-x64\server\plugins\org.eclipse.equinox.launcher_1.7.0.v20250424-1814.jar -configuration c:\Users\yassm\AppData\Roaming\Code\User\globalStorage\redhat.java\1.42.0\config_win -data c:\Users\yassm\AppData\Roaming\Code\User\workspaceStorage\01b6eb0d43ef3d27e35b615da00195a7\redhat.java\jdt_ws --pipe=\\.\pipe\lsp-7a700926ea1243659feac655a86a2d50-sock

Host: AMD Ryzen 5 3500U with Radeon Vega Mobile Gfx  , 8 cores, 5G,  Windows 11 , 64 bit Build 22000 (10.0.22000.2538)
Time: Mon Jun  9 10:36:00 2025 Afr. centrale Ouest elapsed time: 24.430076 seconds (0d 0h 0m 24s)

---------------  T H R E A D  ---------------

Current thread (0x000001bb9a4998c0):  JavaThread "C2 CompilerThread0" daemon [_thread_in_native, id=35880, stack(0x0000006e80100000,0x0000006e80200000) (1024K)]


Current CompileTask:
C2:24430 13781       4       org.eclipse.jdt.internal.compiler.util.JrtFileSystem$2::visitFile (10 bytes)

Stack: [0x0000006e80100000,0x0000006e80200000]
Native frames: (J=compiled Java code, j=interpreted, Vv=VM code, C=native code)
V  [jvm.dll+0x6ce119]
V  [jvm.dll+0x8a84a1]
V  [jvm.dll+0x8aa9ce]
V  [jvm.dll+0x8ab0b3]
V  [jvm.dll+0x27f8a6]
V  [jvm.dll+0xc507d]
V  [jvm.dll+0xc55b3]
V  [jvm.dll+0x3b68f2]
V  [jvm.dll+0x1dfe33]
V  [jvm.dll+0x247c42]
V  [jvm.dll+0x2470cf]
V  [jvm.dll+0x1c760e]
V  [jvm.dll+0x25695a]
V  [jvm.dll+0x254efa]
V  [jvm.dll+0x3f03f6]
V  [jvm.dll+0x851f6b]
V  [jvm.dll+0x6cc7dd]
C  [ucrtbase.dll+0x26c0c]
C  [KERNEL32.DLL+0x153e0]
C  [ntdll.dll+0x485b]


---------------  P R O C E S S  ---------------

Threads class SMR info:
_java_thread_list=0x000001bbe3707640, length=60, elements={
0x000001bb83cf2170, 0x000001bb9a48d070, 0x000001bb9a48eca0, 0x000001bb9a4913f0,
0x000001bb9a492300, 0x000001bb9a495020, 0x000001bb9a496a80, 0x000001bb9a4998c0,
0x000001bb9a4bd4f0, 0x000001bb8614e490, 0x000001bbe13021a0, 0x000001bbe196e970,
0x000001bbe19a7260, 0x000001bbe2101040, 0x000001bbe19247b0, 0x000001bbe1e941a0,
0x000001bbe1e94830, 0x000001bbe1e95550, 0x000001bbe1e96270, 0x000001bbe1e96f90,
0x000001bbe1e93b10, 0x000001bbe1e95be0, 0x000001bbe32ddc10, 0x000001bbe32dc1d0,
0x000001bbe32dc860, 0x000001bbe32dbb40, 0x000001bbe32db4b0, 0x000001bbe32dcef0,
0x000001bbe32dd580, 0x000001bbe32de2a0, 0x000001bbe32de930, 0x000001bbe45138c0,
0x000001bbe4511e80, 0x000001bbe4510ad0, 0x000001bbe450cfc0, 0x000001bbe4512510,
0x000001bbe450ea00, 0x000001bbe450dce0, 0x000001bbe450d650, 0x000001bbe4513230,
0x000001bbe4510440, 0x000001bbe4511160, 0x000001bbe4512ba0, 0x000001bbe450e370,
0x000001bbe4513f50, 0x000001bbe45145e0, 0x000001bbe45e8f40, 0x000001bbe45e9c60,
0x000001bbe45e88b0, 0x000001bbe45e95d0, 0x000001bbe45e7500, 0x000001bbe45e7b90,
0x000001bbe45e8220, 0x000001bbe45ea2f0, 0x000001bbe45e6e70, 0x000001bbe16032a0,
0x000001bbe15fe3e0, 0x000001bbe15ffe20, 0x000001bbe16011d0, 0x000001bbe1603930
}

Java Threads: ( => current thread )
  0x000001bb83cf2170 JavaThread "main"                              [_thread_blocked, id=47412, stack(0x0000006eff700000,0x0000006eff800000) (1024K)]
  0x000001bb9a48d070 JavaThread "Reference Handler"          daemon [_thread_blocked, id=53932, stack(0x0000006effb00000,0x0000006effc00000) (1024K)]
  0x000001bb9a48eca0 JavaThread "Finalizer"                  daemon [_thread_blocked, id=62516, stack(0x0000006effc00000,0x0000006effd00000) (1024K)]
  0x000001bb9a4913f0 JavaThread "Signal Dispatcher"          daemon [_thread_blocked, id=56524, stack(0x0000006effd00000,0x0000006effe00000) (1024K)]
  0x000001bb9a492300 JavaThread "Attach Listener"            daemon [_thread_blocked, id=67448, stack(0x0000006effe00000,0x0000006efff00000) (1024K)]
  0x000001bb9a495020 JavaThread "Service Thread"             daemon [_thread_blocked, id=66492, stack(0x0000006efff00000,0x0000006f00000000) (1024K)]
  0x000001bb9a496a80 JavaThread "Monitor Deflation Thread"   daemon [_thread_blocked, id=33600, stack(0x0000006e80000000,0x0000006e80100000) (1024K)]
=>0x000001bb9a4998c0 JavaThread "C2 CompilerThread0"         daemon [_thread_in_native, id=35880, stack(0x0000006e80100000,0x0000006e80200000) (1024K)]
  0x000001bb9a4bd4f0 JavaThread "C1 CompilerThread0"         daemon [_thread_blocked, id=67280, stack(0x0000006e80200000,0x0000006e80300000) (1024K)]
  0x000001bb8614e490 JavaThread "Common-Cleaner"             daemon [_thread_blocked, id=61056, stack(0x0000006e80300000,0x0000006e80400000) (1024K)]
  0x000001bbe13021a0 JavaThread "Notification Thread"        daemon [_thread_blocked, id=47592, stack(0x0000006e80400000,0x0000006e80500000) (1024K)]
  0x000001bbe196e970 JavaThread "Active Thread: Equinox Container: 3199a60b-89bc-4970-ade9-12fe291c08e8"        [_thread_blocked, id=65040, stack(0x0000006e80b00000,0x0000006e80c00000) (1024K)]
  0x000001bbe19a7260 JavaThread "Refresh Thread: Equinox Container: 3199a60b-89bc-4970-ade9-12fe291c08e8" daemon [_thread_blocked, id=67036, stack(0x0000006e80d00000,0x0000006e80e00000) (1024K)]
  0x000001bbe2101040 JavaThread "Framework Event Dispatcher: Equinox Container: 3199a60b-89bc-4970-ade9-12fe291c08e8" daemon [_thread_blocked, id=40888, stack(0x0000006e80e00000,0x0000006e80f00000) (1024K)]
  0x000001bbe19247b0 JavaThread "Start Level: Equinox Container: 3199a60b-89bc-4970-ade9-12fe291c08e8" daemon [_thread_blocked, id=62392, stack(0x0000006e80f00000,0x0000006e81000000) (1024K)]
  0x000001bbe1e941a0 JavaThread "Bundle File Closer"         daemon [_thread_blocked, id=63324, stack(0x0000006e81000000,0x0000006e81100000) (1024K)]
  0x000001bbe1e94830 JavaThread "SCR Component Actor"        daemon [_thread_blocked, id=29900, stack(0x0000006e81100000,0x0000006e81200000) (1024K)]
  0x000001bbe1e95550 JavaThread "Worker-JM"                         [_thread_blocked, id=60140, stack(0x0000006e81300000,0x0000006e81400000) (1024K)]
  0x000001bbe1e96270 JavaThread "JNA Cleaner"                daemon [_thread_blocked, id=43408, stack(0x0000006e81400000,0x0000006e81500000) (1024K)]
  0x000001bbe1e96f90 JavaThread "Worker-0"                          [_thread_blocked, id=45884, stack(0x0000006e81500000,0x0000006e81600000) (1024K)]
  0x000001bbe1e93b10 JavaThread "Worker-1"                          [_thread_blocked, id=62560, stack(0x0000006e81600000,0x0000006e81700000) (1024K)]
  0x000001bbe1e95be0 JavaThread "Java indexing"              daemon [_thread_blocked, id=60652, stack(0x0000006e81700000,0x0000006e81800000) (1024K)]
  0x000001bbe32ddc10 JavaThread "Worker-2: Initialize Workspace"        [_thread_blocked, id=48048, stack(0x0000006e81800000,0x0000006e81900000) (1024K)]
  0x000001bbe32dc1d0 JavaThread "Worker-3: Java indexing... "        [_thread_blocked, id=58000, stack(0x0000006e81900000,0x0000006e81a00000) (1024K)]
  0x000001bbe32dc860 JavaThread "Worker-4: Initialize workspace"        [_thread_blocked, id=67092, stack(0x0000006e81a00000,0x0000006e81b00000) (1024K)]
  0x000001bbe32dbb40 JavaThread "Thread-2"                   daemon [_thread_in_native, id=64804, stack(0x0000006e81b00000,0x0000006e81c00000) (1024K)]
  0x000001bbe32db4b0 JavaThread "Thread-3"                   daemon [_thread_in_native, id=48496, stack(0x0000006e81c00000,0x0000006e81d00000) (1024K)]
  0x000001bbe32dcef0 JavaThread "Thread-4"                   daemon [_thread_in_native, id=47524, stack(0x0000006e81d00000,0x0000006e81e00000) (1024K)]
  0x000001bbe32dd580 JavaThread "Thread-5"                   daemon [_thread_in_native, id=39036, stack(0x0000006e81e00000,0x0000006e81f00000) (1024K)]
  0x000001bbe32de2a0 JavaThread "Thread-6"                   daemon [_thread_in_native, id=60096, stack(0x0000006e81f00000,0x0000006e82000000) (1024K)]
  0x000001bbe32de930 JavaThread "Thread-7"                   daemon [_thread_in_native, id=66768, stack(0x0000006e82000000,0x0000006e82100000) (1024K)]
  0x000001bbe45138c0 JavaThread "Thread-8"                   daemon [_thread_in_native, id=48448, stack(0x0000006e82100000,0x0000006e82200000) (1024K)]
  0x000001bbe4511e80 JavaThread "Thread-9"                   daemon [_thread_in_native, id=48212, stack(0x0000006e82200000,0x0000006e82300000) (1024K)]
  0x000001bbe4510ad0 JavaThread "Thread-10"                  daemon [_thread_in_native, id=45224, stack(0x0000006e82300000,0x0000006e82400000) (1024K)]
  0x000001bbe450cfc0 JavaThread "pool-2-thread-1"                   [_thread_blocked, id=62352, stack(0x0000006e82400000,0x0000006e82500000) (1024K)]
  0x000001bbe4512510 JavaThread "WorkspaceEventsHandler"            [_thread_blocked, id=10216, stack(0x0000006e82500000,0x0000006e82600000) (1024K)]
  0x000001bbe450ea00 JavaThread "pool-1-thread-1"                   [_thread_blocked, id=65716, stack(0x0000006e82600000,0x0000006e82700000) (1024K)]
  0x000001bbe450dce0 JavaThread "Worker-5"                          [_thread_blocked, id=63896, stack(0x0000006e82700000,0x0000006e82800000) (1024K)]
  0x000001bbe450d650 JavaThread "LocalFile Deleter"          daemon [_thread_blocked, id=61792, stack(0x0000006e82800000,0x0000006e82900000) (1024K)]
  0x000001bbe4513230 JavaThread "LocalFile Deleter"          daemon [_thread_blocked, id=36120, stack(0x0000006e82900000,0x0000006e82a00000) (1024K)]
  0x000001bbe4510440 JavaThread "LocalFile Deleter"          daemon [_thread_blocked, id=56136, stack(0x0000006e82a00000,0x0000006e82b00000) (1024K)]
  0x000001bbe4511160 JavaThread "LocalFile Deleter"          daemon [_thread_blocked, id=61656, stack(0x0000006e82b00000,0x0000006e82c00000) (1024K)]
  0x000001bbe4512ba0 JavaThread "LocalFile Deleter"          daemon [_thread_blocked, id=60364, stack(0x0000006e82c00000,0x0000006e82d00000) (1024K)]
  0x000001bbe450e370 JavaThread "LocalFile Deleter"          daemon [_thread_blocked, id=57592, stack(0x0000006e82d00000,0x0000006e82e00000) (1024K)]
  0x000001bbe4513f50 JavaThread "LocalFile Deleter"          daemon [_thread_blocked, id=45628, stack(0x0000006e82e00000,0x0000006e82f00000) (1024K)]
  0x000001bbe45145e0 JavaThread "LocalFile Deleter"          daemon [_thread_blocked, id=47032, stack(0x0000006e82f00000,0x0000006e83000000) (1024K)]
  0x000001bbe45e8f40 JavaThread "Compiler Source File Reader" daemon [_thread_blocked, id=55168, stack(0x0000006e83000000,0x0000006e83100000) (1024K)]
  0x000001bbe45e9c60 JavaThread "Compiler Source File Reader" daemon [_thread_blocked, id=15244, stack(0x0000006e83100000,0x0000006e83200000) (1024K)]
  0x000001bbe45e88b0 JavaThread "Compiler Source File Reader" daemon [_thread_blocked, id=65512, stack(0x0000006e83200000,0x0000006e83300000) (1024K)]
  0x000001bbe45e95d0 JavaThread "Compiler Source File Reader" daemon [_thread_blocked, id=58692, stack(0x0000006e83300000,0x0000006e83400000) (1024K)]
  0x000001bbe45e7500 JavaThread "Compiler Source File Reader" daemon [_thread_blocked, id=67020, stack(0x0000006e83400000,0x0000006e83500000) (1024K)]
  0x000001bbe45e7b90 JavaThread "Compiler Source File Reader" daemon [_thread_blocked, id=65916, stack(0x0000006e83500000,0x0000006e83600000) (1024K)]
  0x000001bbe45e8220 JavaThread "Compiler Processing Task"   daemon [_thread_blocked, id=47020, stack(0x0000006e81200000,0x0000006e81300000) (1024K)]
  0x000001bbe45ea2f0 JavaThread "Compiler Class File Writer" daemon [_thread_blocked, id=49608, stack(0x0000006e83600000,0x0000006e83700000) (1024K)]
  0x000001bbe45e6e70 JavaThread "Compiler Class File Writer" daemon [_thread_blocked, id=12944, stack(0x0000006e83700000,0x0000006e83800000) (1024K)]
  0x000001bbe16032a0 JavaThread "Compiler Class File Writer" daemon [_thread_blocked, id=57964, stack(0x0000006e83800000,0x0000006e83900000) (1024K)]
  0x000001bbe15fe3e0 JavaThread "Compiler Class File Writer" daemon [_thread_blocked, id=36092, stack(0x0000006e83900000,0x0000006e83a00000) (1024K)]
  0x000001bbe15ffe20 JavaThread "Compiler Class File Writer" daemon [_thread_blocked, id=58288, stack(0x0000006e83a00000,0x0000006e83b00000) (1024K)]
  0x000001bbe16011d0 JavaThread "Compiler Class File Writer" daemon [_thread_blocked, id=6532, stack(0x0000006e83b00000,0x0000006e83c00000) (1024K)]
  0x000001bbe1603930 JavaThread "SCR Component Registry"     daemon [_thread_blocked, id=33888, stack(0x0000006e83c00000,0x0000006e83d00000) (1024K)]
Total: 60

Other Threads:
  0x000001bb83dae8b0 VMThread "VM Thread"                           [id=63608, stack(0x0000006effa00000,0x0000006effb00000) (1024K)]
  0x000001bb9a39ca00 WatcherThread "VM Periodic Task Thread"        [id=29816, stack(0x0000006eff900000,0x0000006effa00000) (1024K)]
  0x000001bb86101af0 WorkerThread "GC Thread#0"                     [id=59200, stack(0x0000006eff800000,0x0000006eff900000) (1024K)]
  0x000001bbe147ed40 WorkerThread "GC Thread#1"                     [id=58804, stack(0x0000006e80500000,0x0000006e80600000) (1024K)]
  0x000001bbe147f4b0 WorkerThread "GC Thread#2"                     [id=62348, stack(0x0000006e80600000,0x0000006e80700000) (1024K)]
  0x000001bbe147f850 WorkerThread "GC Thread#3"                     [id=56884, stack(0x0000006e80700000,0x0000006e80800000) (1024K)]
  0x000001bbe14e68f0 WorkerThread "GC Thread#4"                     [id=66128, stack(0x0000006e80800000,0x0000006e80900000) (1024K)]
  0x000001bbe14e6c90 WorkerThread "GC Thread#5"                     [id=65244, stack(0x0000006e80900000,0x0000006e80a00000) (1024K)]
  0x000001bbe14e7030 WorkerThread "GC Thread#6"                     [id=63084, stack(0x0000006e80a00000,0x0000006e80b00000) (1024K)]
  0x000001bbe19a6ec0 WorkerThread "GC Thread#7"                     [id=64760, stack(0x0000006e80c00000,0x0000006e80d00000) (1024K)]
Total: 10

Threads with active compile tasks:
C2 CompilerThread0  24553 13781       4       org.eclipse.jdt.internal.compiler.util.JrtFileSystem$2::visitFile (10 bytes)
Total: 1

VM state: at safepoint (normal execution)

VM Mutex/Monitor currently owned by a thread:  ([mutex/lock_event])
[0x00007ffb9df1e308] Threads_lock - owner thread: 0x000001bb83dae8b0
[0x00007ffb9df1e408] Heap_lock - owner thread: 0x000001bbe1e95be0

Heap address: 0x00000000c0000000, size: 1024 MB, Compressed Oops mode: 32-bit

CDS archive(s) mapped at: [0x000001bb9b000000-0x000001bb9bba0000-0x000001bb9bba0000), size 12189696, SharedBaseAddress: 0x000001bb9b000000, ArchiveRelocationMode: 1.
Compressed class space mapped at: 0x000001bb9c000000-0x000001bbdc000000, reserved size: 1073741824
Narrow klass base: 0x000001bb9b000000, Narrow klass shift: 0, Narrow klass range: 0x100000000

GC Precious Log:
 CardTable entry size: 512
 CPUs: 8 total, 8 available
 Memory: 6091M
 Large Page Support: Disabled
 NUMA Support: Disabled
 Compressed Oops: Enabled (32-bit)
 Alignments: Space 512K, Generation 512K, Heap 2M
 Heap Min Capacity: 100M
 Heap Initial Capacity: 100M
 Heap Max Capacity: 1G
 Pre-touch: Disabled
 Parallel Workers: 8

Heap:
 PSYoungGen      total 3584K, used 3579K [0x00000000eab00000, 0x00000000eb280000, 0x0000000100000000)
  eden space 2560K, 100% used [0x00000000eab00000,0x00000000ead80000,0x00000000ead80000)
  from space 1024K, 99% used [0x00000000ead80000,0x00000000eae7ef18,0x00000000eae80000)
  to   space 2560K, 28% used [0x00000000eb000000,0x00000000eb0b38e8,0x00000000eb280000)
 ParOldGen       total 310272K, used 310071K [0x00000000c0000000, 0x00000000d2f00000, 0x00000000eab00000)
  object space 310272K, 99% used [0x00000000c0000000,0x00000000d2ecdd68,0x00000000d2f00000)
 Metaspace       used 65574K, committed 67136K, reserved 1114112K
  class space    used 6560K, committed 7296K, reserved 1048576K

Card table byte_map: [0x000001bb85a70000,0x000001bb85c80000] _byte_map_base: 0x000001bb85470000

Marking Bits: (ParMarkBitMap*) 0x00007ffb9df231f0
 Begin Bits: [0x000001bb982c0000, 0x000001bb992c0000)
 End Bits:   [0x000001bb992c0000, 0x000001bb9a2c0000)

Polling page: 0x000001bb85710000

Metaspace:

Usage:
  Non-class:     57.63 MB used.
      Class:      6.41 MB used.
       Both:     64.04 MB used.

Virtual space:
  Non-class space:       64.00 MB reserved,      58.44 MB ( 91%) committed,  1 nodes.
      Class space:        1.00 GB reserved,       7.12 MB ( <1%) committed,  1 nodes.
             Both:        1.06 GB reserved,      65.56 MB (  6%) committed. 

Chunk freelists:
   Non-Class:  5.20 MB
       Class:  8.92 MB
        Both:  14.12 MB

MaxMetaspaceSize: unlimited
CompressedClassSpaceSize: 1.00 GB
Initial GC threshold: 21.00 MB
Current GC threshold: 97.31 MB
CDS: on
 - commit_granule_bytes: 65536.
 - commit_granule_words: 8192.
 - virtual_space_node_default_size: 8388608.
 - enlarge_chunks_in_place: 1.
 - use_allocation_guard: 0.


Internal statistics:

num_allocs_failed_limit: 9.
num_arena_births: 1302.
num_arena_deaths: 14.
num_vsnodes_births: 2.
num_vsnodes_deaths: 0.
num_space_committed: 1049.
num_space_uncommitted: 0.
num_chunks_returned_to_freelist: 23.
num_chunks_taken_from_freelist: 4468.
num_chunk_merges: 12.
num_chunk_splits: 2733.
num_chunks_enlarged: 1526.
num_inconsistent_stats: 0.

CodeHeap 'non-profiled nmethods': size=120000Kb used=4425Kb max_used=4425Kb free=115574Kb
 bounds [0x000001bb90d90000, 0x000001bb911f0000, 0x000001bb982c0000]
CodeHeap 'profiled nmethods': size=120000Kb used=29736Kb max_used=29736Kb free=90263Kb
 bounds [0x000001bb892c0000, 0x000001bb8afd0000, 0x000001bb907f0000]
CodeHeap 'non-nmethods': size=5760Kb used=1430Kb max_used=1476Kb free=4330Kb
 bounds [0x000001bb907f0000, 0x000001bb90a60000, 0x000001bb90d90000]
 total_blobs=13846 nmethods=13102 adapters=646
 compilation: enabled
              stopped_count=0, restarted_count=0
 full_count=0

Compilation events (20 events):
Event: 24.333 Thread 0x000001bb9a4bd4f0 13833       2       java.lang.invoke.LambdaForm$MH/0x000001bb9c142000::invoke (27 bytes)
Event: 24.333 Thread 0x000001bb9a4bd4f0 nmethod 13833 0x000001bb8afc6b90 code [0x000001bb8afc6d40, 0x000001bb8afc6ef8]
Event: 24.356 Thread 0x000001bb9a4bd4f0 13836       2       org.eclipse.sisu.plexus.RealmManager::contextRealm (33 bytes)
Event: 24.356 Thread 0x000001bb9a4bd4f0 nmethod 13836 0x000001bb8afc7010 code [0x000001bb8afc71e0, 0x000001bb8afc7428]
Event: 24.356 Thread 0x000001bb9a4bd4f0 13835       2       org.eclipse.sisu.plexus.RealmFilteredBeans::iterator (45 bytes)
Event: 24.357 Thread 0x000001bb9a4bd4f0 nmethod 13835 0x000001bb8afc7590 code [0x000001bb8afc77a0, 0x000001bb8afc7bd0]
Event: 24.357 Thread 0x000001bb9a4bd4f0 13837       2       org.eclipse.sisu.plexus.RealmManager::visibleRealmNames (51 bytes)
Event: 24.358 Thread 0x000001bb9a4bd4f0 nmethod 13837 0x000001bb8afc7e10 code [0x000001bb8afc7fe0, 0x000001bb8afc8248]
Event: 24.368 Thread 0x000001bb9a4bd4f0 13838       2       java.lang.invoke.DirectMethodHandle$Holder::invokeStatic (15 bytes)
Event: 24.369 Thread 0x000001bb9a4bd4f0 nmethod 13838 0x000001bb8afc8390 code [0x000001bb8afc8540, 0x000001bb8afc86a8]
Event: 24.371 Thread 0x000001bb9a4bd4f0 13839       2       com.google.inject.Scopes::isSingleton (108 bytes)
Event: 24.372 Thread 0x000001bb9a4bd4f0 nmethod 13839 0x000001bb8afc8790 code [0x000001bb8afc89e0, 0x000001bb8afc9038]
Event: 24.383 Thread 0x000001bb9a4bd4f0 13840       2       java.lang.Thread::setContextClassLoader (28 bytes)
Event: 24.383 Thread 0x000001bb9a4bd4f0 nmethod 13840 0x000001bb8afc9410 code [0x000001bb8afc95a0, 0x000001bb8afc96c8]
Event: 24.384 Thread 0x000001bb9a4bd4f0 13841       1       org.apache.maven.artifact.DefaultArtifact::getArtifactHandler (5 bytes)
Event: 24.384 Thread 0x000001bb9a4bd4f0 nmethod 13841 0x000001bb911e2290 code [0x000001bb911e2420, 0x000001bb911e24e8]
Event: 24.398 Thread 0x000001bb9a4bd4f0 13843       2       org.eclipse.m2e.core.embedder.ArtifactKey::<init> (26 bytes)
Event: 24.398 Thread 0x000001bb9a4bd4f0 nmethod 13843 0x000001bb8afc9790 code [0x000001bb8afc9920, 0x000001bb8afc9a78]
Event: 24.423 Thread 0x000001bb9a4bd4f0 13844   !   2       java.lang.invoke.MethodHandleImpl::profileBoolean (34 bytes)
Event: 24.423 Thread 0x000001bb9a4bd4f0 nmethod 13844 0x000001bb8afc9b10 code [0x000001bb8afc9ce0, 0x000001bb8afc9fe0]

GC Heap History (20 events):
Event: 24.100 GC heap before
{Heap before GC invocations=401 (full 3):
 PSYoungGen      total 3584K, used 3040K [0x00000000eab00000, 0x00000000eaf80000, 0x0000000100000000)
  eden space 2560K, 100% used [0x00000000eab00000,0x00000000ead80000,0x00000000ead80000)
  from space 1024K, 46% used [0x00000000ead80000,0x00000000eadf8000,0x00000000eae80000)
  to   space 1024K, 0% used [0x00000000eae80000,0x00000000eae80000,0x00000000eaf80000)
 ParOldGen       total 305152K, used 304700K [0x00000000c0000000, 0x00000000d2a00000, 0x00000000eab00000)
  object space 305152K, 99% used [0x00000000c0000000,0x00000000d298f160,0x00000000d2a00000)
 Metaspace       used 65520K, committed 67072K, reserved 1114112K
  class space    used 6553K, committed 7296K, reserved 1048576K
}
Event: 24.103 GC heap after
{Heap after GC invocations=401 (full 3):
 PSYoungGen      total 3584K, used 576K [0x00000000eab00000, 0x00000000eaf80000, 0x0000000100000000)
  eden space 2560K, 0% used [0x00000000eab00000,0x00000000eab00000,0x00000000ead80000)
  from space 1024K, 56% used [0x00000000eae80000,0x00000000eaf10000,0x00000000eaf80000)
  to   space 1024K, 0% used [0x00000000ead80000,0x00000000ead80000,0x00000000eae80000)
 ParOldGen       total 305152K, used 305022K [0x00000000c0000000, 0x00000000d2a00000, 0x00000000eab00000)
  object space 305152K, 99% used [0x00000000c0000000,0x00000000d29dfbf8,0x00000000d2a00000)
 Metaspace       used 65520K, committed 67072K, reserved 1114112K
  class space    used 6553K, committed 7296K, reserved 1048576K
}
Event: 24.155 GC heap before
{Heap before GC invocations=402 (full 3):
 PSYoungGen      total 3584K, used 3135K [0x00000000eab00000, 0x00000000eaf80000, 0x0000000100000000)
  eden space 2560K, 99% used [0x00000000eab00000,0x00000000ead7ff00,0x00000000ead80000)
  from space 1024K, 56% used [0x00000000eae80000,0x00000000eaf10000,0x00000000eaf80000)
  to   space 1024K, 0% used [0x00000000ead80000,0x00000000ead80000,0x00000000eae80000)
 ParOldGen       total 305152K, used 305022K [0x00000000c0000000, 0x00000000d2a00000, 0x00000000eab00000)
  object space 305152K, 99% used [0x00000000c0000000,0x00000000d29dfbf8,0x00000000d2a00000)
 Metaspace       used 65553K, committed 67136K, reserved 1114112K
  class space    used 6556K, committed 7296K, reserved 1048576K
}
Event: 24.158 GC heap after
{Heap after GC invocations=402 (full 3):
 PSYoungGen      total 3584K, used 565K [0x00000000eab00000, 0x00000000eaf80000, 0x0000000100000000)
  eden space 2560K, 0% used [0x00000000eab00000,0x00000000eab00000,0x00000000ead80000)
  from space 1024K, 55% used [0x00000000ead80000,0x00000000eae0d458,0x00000000eae80000)
  to   space 1024K, 0% used [0x00000000eae80000,0x00000000eae80000,0x00000000eaf80000)
 ParOldGen       total 305664K, used 305472K [0x00000000c0000000, 0x00000000d2a80000, 0x00000000eab00000)
  object space 305664K, 99% used [0x00000000c0000000,0x00000000d2a50070,0x00000000d2a80000)
 Metaspace       used 65553K, committed 67136K, reserved 1114112K
  class space    used 6556K, committed 7296K, reserved 1048576K
}
Event: 24.175 GC heap before
{Heap before GC invocations=403 (full 3):
 PSYoungGen      total 3584K, used 2950K [0x00000000eab00000, 0x00000000eaf80000, 0x0000000100000000)
  eden space 2560K, 93% used [0x00000000eab00000,0x00000000ead54760,0x00000000ead80000)
  from space 1024K, 55% used [0x00000000ead80000,0x00000000eae0d458,0x00000000eae80000)
  to   space 1024K, 0% used [0x00000000eae80000,0x00000000eae80000,0x00000000eaf80000)
 ParOldGen       total 305664K, used 305472K [0x00000000c0000000, 0x00000000d2a80000, 0x00000000eab00000)
  object space 305664K, 99% used [0x00000000c0000000,0x00000000d2a50070,0x00000000d2a80000)
 Metaspace       used 65553K, committed 67136K, reserved 1114112K
  class space    used 6556K, committed 7296K, reserved 1048576K
}
Event: 24.180 GC heap after
{Heap after GC invocations=403 (full 3):
 PSYoungGen      total 3072K, used 256K [0x00000000eab00000, 0x00000000eaf00000, 0x0000000100000000)
  eden space 2560K, 0% used [0x00000000eab00000,0x00000000eab00000,0x00000000ead80000)
  from space 512K, 50% used [0x00000000eae80000,0x00000000eaec0000,0x00000000eaf00000)
  to   space 512K, 0% used [0x00000000eae00000,0x00000000eae00000,0x00000000eae80000)
 ParOldGen       total 306176K, used 305976K [0x00000000c0000000, 0x00000000d2b00000, 0x00000000eab00000)
  object space 306176K, 99% used [0x00000000c0000000,0x00000000d2ace2c0,0x00000000d2b00000)
 Metaspace       used 65553K, committed 67136K, reserved 1114112K
  class space    used 6556K, committed 7296K, reserved 1048576K
}
Event: 24.242 GC heap before
{Heap before GC invocations=404 (full 3):
 PSYoungGen      total 3072K, used 2785K [0x00000000eab00000, 0x00000000eaf00000, 0x0000000100000000)
  eden space 2560K, 98% used [0x00000000eab00000,0x00000000ead78490,0x00000000ead80000)
  from space 512K, 50% used [0x00000000eae80000,0x00000000eaec0000,0x00000000eaf00000)
  to   space 512K, 0% used [0x00000000eae00000,0x00000000eae00000,0x00000000eae80000)
 ParOldGen       total 306176K, used 305976K [0x00000000c0000000, 0x00000000d2b00000, 0x00000000eab00000)
  object space 306176K, 99% used [0x00000000c0000000,0x00000000d2ace2c0,0x00000000d2b00000)
 Metaspace       used 65553K, committed 67136K, reserved 1114112K
  class space    used 6556K, committed 7296K, reserved 1048576K
}
Event: 24.246 GC heap after
{Heap after GC invocations=404 (full 3):
 PSYoungGen      total 3072K, used 384K [0x00000000eab00000, 0x00000000eaf00000, 0x0000000100000000)
  eden space 2560K, 0% used [0x00000000eab00000,0x00000000eab00000,0x00000000ead80000)
  from space 512K, 75% used [0x00000000eae00000,0x00000000eae60000,0x00000000eae80000)
  to   space 512K, 0% used [0x00000000eae80000,0x00000000eae80000,0x00000000eaf00000)
 ParOldGen       total 306176K, used 306120K [0x00000000c0000000, 0x00000000d2b00000, 0x00000000eab00000)
  object space 306176K, 99% used [0x00000000c0000000,0x00000000d2af22c0,0x00000000d2b00000)
 Metaspace       used 65553K, committed 67136K, reserved 1114112K
  class space    used 6556K, committed 7296K, reserved 1048576K
}
Event: 24.283 GC heap before
{Heap before GC invocations=405 (full 3):
 PSYoungGen      total 3072K, used 2847K [0x00000000eab00000, 0x00000000eaf00000, 0x0000000100000000)
  eden space 2560K, 96% used [0x00000000eab00000,0x00000000ead67df0,0x00000000ead80000)
  from space 512K, 75% used [0x00000000eae00000,0x00000000eae60000,0x00000000eae80000)
  to   space 512K, 0% used [0x00000000eae80000,0x00000000eae80000,0x00000000eaf00000)
 ParOldGen       total 306176K, used 306120K [0x00000000c0000000, 0x00000000d2b00000, 0x00000000eab00000)
  object space 306176K, 99% used [0x00000000c0000000,0x00000000d2af22c0,0x00000000d2b00000)
 Metaspace       used 65556K, committed 67136K, reserved 1114112K
  class space    used 6557K, committed 7296K, reserved 1048576K
}
Event: 24.296 GC heap after
{Heap after GC invocations=405 (full 3):
 PSYoungGen      total 3072K, used 322K [0x00000000eab00000, 0x00000000eaf00000, 0x0000000100000000)
  eden space 2560K, 0% used [0x00000000eab00000,0x00000000eab00000,0x00000000ead80000)
  from space 512K, 62% used [0x00000000eae80000,0x00000000eaed0858,0x00000000eaf00000)
  to   space 512K, 0% used [0x00000000eae00000,0x00000000eae00000,0x00000000eae80000)
 ParOldGen       total 306688K, used 306352K [0x00000000c0000000, 0x00000000d2b80000, 0x00000000eab00000)
  object space 306688K, 99% used [0x00000000c0000000,0x00000000d2b2c2d0,0x00000000d2b80000)
 Metaspace       used 65556K, committed 67136K, reserved 1114112K
  class space    used 6557K, committed 7296K, reserved 1048576K
}
Event: 24.312 GC heap before
{Heap before GC invocations=406 (full 3):
 PSYoungGen      total 3072K, used 2882K [0x00000000eab00000, 0x00000000eaf00000, 0x0000000100000000)
  eden space 2560K, 100% used [0x00000000eab00000,0x00000000ead80000,0x00000000ead80000)
  from space 512K, 62% used [0x00000000eae80000,0x00000000eaed0858,0x00000000eaf00000)
  to   space 512K, 0% used [0x00000000eae00000,0x00000000eae00000,0x00000000eae80000)
 ParOldGen       total 306688K, used 306352K [0x00000000c0000000, 0x00000000d2b80000, 0x00000000eab00000)
  object space 306688K, 99% used [0x00000000c0000000,0x00000000d2b2c2d0,0x00000000d2b80000)
 Metaspace       used 65556K, committed 67136K, reserved 1114112K
  class space    used 6557K, committed 7296K, reserved 1048576K
}
Event: 24.315 GC heap after
{Heap after GC invocations=406 (full 3):
 PSYoungGen      total 3072K, used 510K [0x00000000eab00000, 0x00000000eaf80000, 0x0000000100000000)
  eden space 2560K, 0% used [0x00000000eab00000,0x00000000eab00000,0x00000000ead80000)
  from space 512K, 99% used [0x00000000eae00000,0x00000000eae7f870,0x00000000eae80000)
  to   space 1024K, 0% used [0x00000000eae80000,0x00000000eae80000,0x00000000eaf80000)
 ParOldGen       total 307200K, used 306708K [0x00000000c0000000, 0x00000000d2c00000, 0x00000000eab00000)
  object space 307200K, 99% used [0x00000000c0000000,0x00000000d2b85300,0x00000000d2c00000)
 Metaspace       used 65556K, committed 67136K, reserved 1114112K
  class space    used 6557K, committed 7296K, reserved 1048576K
}
Event: 24.325 GC heap before
{Heap before GC invocations=407 (full 3):
 PSYoungGen      total 3072K, used 3070K [0x00000000eab00000, 0x00000000eaf80000, 0x0000000100000000)
  eden space 2560K, 100% used [0x00000000eab00000,0x00000000ead80000,0x00000000ead80000)
  from space 512K, 99% used [0x00000000eae00000,0x00000000eae7f870,0x00000000eae80000)
  to   space 1024K, 0% used [0x00000000eae80000,0x00000000eae80000,0x00000000eaf80000)
 ParOldGen       total 307200K, used 306708K [0x00000000c0000000, 0x00000000d2c00000, 0x00000000eab00000)
  object space 307200K, 99% used [0x00000000c0000000,0x00000000d2b85300,0x00000000d2c00000)
 Metaspace       used 65556K, committed 67136K, reserved 1114112K
  class space    used 6557K, committed 7296K, reserved 1048576K
}
Event: 24.327 GC heap after
{Heap after GC invocations=407 (full 3):
 PSYoungGen      total 3584K, used 846K [0x00000000eab00000, 0x00000000eaf80000, 0x0000000100000000)
  eden space 2560K, 0% used [0x00000000eab00000,0x00000000eab00000,0x00000000ead80000)
  from space 1024K, 82% used [0x00000000eae80000,0x00000000eaf53988,0x00000000eaf80000)
  to   space 1024K, 0% used [0x00000000ead80000,0x00000000ead80000,0x00000000eae80000)
 ParOldGen       total 307200K, used 307160K [0x00000000c0000000, 0x00000000d2c00000, 0x00000000eab00000)
  object space 307200K, 99% used [0x00000000c0000000,0x00000000d2bf6288,0x00000000d2c00000)
 Metaspace       used 65556K, committed 67136K, reserved 1114112K
  class space    used 6557K, committed 7296K, reserved 1048576K
}
Event: 24.343 GC heap before
{Heap before GC invocations=408 (full 3):
 PSYoungGen      total 3584K, used 3404K [0x00000000eab00000, 0x00000000eaf80000, 0x0000000100000000)
  eden space 2560K, 99% used [0x00000000eab00000,0x00000000ead7f880,0x00000000ead80000)
  from space 1024K, 82% used [0x00000000eae80000,0x00000000eaf53988,0x00000000eaf80000)
  to   space 1024K, 0% used [0x00000000ead80000,0x00000000ead80000,0x00000000eae80000)
 ParOldGen       total 307200K, used 307160K [0x00000000c0000000, 0x00000000d2c00000, 0x00000000eab00000)
  object space 307200K, 99% used [0x00000000c0000000,0x00000000d2bf6288,0x00000000d2c00000)
 Metaspace       used 65557K, committed 67136K, reserved 1114112K
  class space    used 6557K, committed 7296K, reserved 1048576K
}
Event: 24.346 GC heap after
{Heap after GC invocations=408 (full 3):
 PSYoungGen      total 3584K, used 871K [0x00000000eab00000, 0x00000000eaf80000, 0x0000000100000000)
  eden space 2560K, 0% used [0x00000000eab00000,0x00000000eab00000,0x00000000ead80000)
  from space 1024K, 85% used [0x00000000ead80000,0x00000000eae59d60,0x00000000eae80000)
  to   space 1024K, 0% used [0x00000000eae80000,0x00000000eae80000,0x00000000eaf80000)
 ParOldGen       total 307712K, used 307593K [0x00000000c0000000, 0x00000000d2c80000, 0x00000000eab00000)
  object space 307712K, 99% used [0x00000000c0000000,0x00000000d2c62550,0x00000000d2c80000)
 Metaspace       used 65557K, committed 67136K, reserved 1114112K
  class space    used 6557K, committed 7296K, reserved 1048576K
}
Event: 24.361 GC heap before
{Heap before GC invocations=409 (full 3):
 PSYoungGen      total 3584K, used 3408K [0x00000000eab00000, 0x00000000eaf80000, 0x0000000100000000)
  eden space 2560K, 99% used [0x00000000eab00000,0x00000000ead7a388,0x00000000ead80000)
  from space 1024K, 85% used [0x00000000ead80000,0x00000000eae59d60,0x00000000eae80000)
  to   space 1024K, 0% used [0x00000000eae80000,0x00000000eae80000,0x00000000eaf80000)
 ParOldGen       total 307712K, used 307593K [0x00000000c0000000, 0x00000000d2c80000, 0x00000000eab00000)
  object space 307712K, 99% used [0x00000000c0000000,0x00000000d2c62550,0x00000000d2c80000)
 Metaspace       used 65569K, committed 67136K, reserved 1114112K
  class space    used 6560K, committed 7296K, reserved 1048576K
}
Event: 24.365 GC heap after
{Heap after GC invocations=409 (full 3):
 PSYoungGen      total 3584K, used 972K [0x00000000eab00000, 0x00000000eaf80000, 0x0000000100000000)
  eden space 2560K, 0% used [0x00000000eab00000,0x00000000eab00000,0x00000000ead80000)
  from space 1024K, 94% used [0x00000000eae80000,0x00000000eaf73240,0x00000000eaf80000)
  to   space 1024K, 0% used [0x00000000ead80000,0x00000000ead80000,0x00000000eae80000)
 ParOldGen       total 308736K, used 308311K [0x00000000c0000000, 0x00000000d2d80000, 0x00000000eab00000)
  object space 308736K, 99% used [0x00000000c0000000,0x00000000d2d15cc8,0x00000000d2d80000)
 Metaspace       used 65569K, committed 67136K, reserved 1114112K
  class space    used 6560K, committed 7296K, reserved 1048576K
}
Event: 24.393 GC heap before
{Heap before GC invocations=410 (full 3):
 PSYoungGen      total 3584K, used 3532K [0x00000000eab00000, 0x00000000eaf80000, 0x0000000100000000)
  eden space 2560K, 100% used [0x00000000eab00000,0x00000000ead80000,0x00000000ead80000)
  from space 1024K, 94% used [0x00000000eae80000,0x00000000eaf73240,0x00000000eaf80000)
  to   space 1024K, 0% used [0x00000000ead80000,0x00000000ead80000,0x00000000eae80000)
 ParOldGen       total 308736K, used 308311K [0x00000000c0000000, 0x00000000d2d80000, 0x00000000eab00000)
  object space 308736K, 99% used [0x00000000c0000000,0x00000000d2d15cc8,0x00000000d2d80000)
 Metaspace       used 65571K, committed 67136K, reserved 1114112K
  class space    used 6560K, committed 7296K, reserved 1048576K
}
Event: 24.397 GC heap after
{Heap after GC invocations=410 (full 3):
 PSYoungGen      total 3584K, used 1019K [0x00000000eab00000, 0x00000000eb280000, 0x0000000100000000)
  eden space 2560K, 0% used [0x00000000eab00000,0x00000000eab00000,0x00000000ead80000)
  from space 1024K, 99% used [0x00000000ead80000,0x00000000eae7ef18,0x00000000eae80000)
  to   space 2560K, 0% used [0x00000000eb000000,0x00000000eb000000,0x00000000eb280000)
 ParOldGen       total 309248K, used 309194K [0x00000000c0000000, 0x00000000d2e00000, 0x00000000eab00000)
  object space 309248K, 99% used [0x00000000c0000000,0x00000000d2df2b88,0x00000000d2e00000)
 Metaspace       used 65571K, committed 67136K, reserved 1114112K
  class space    used 6560K, committed 7296K, reserved 1048576K
}

Dll operation events (10 events):
Event: 0.016 Loaded shared library c:\Users\yassm\.vscode\extensions\redhat.java-1.42.0-win32-x64\jre\21.0.7-win32-x86_64\bin\java.dll
Event: 0.144 Loaded shared library c:\Users\yassm\.vscode\extensions\redhat.java-1.42.0-win32-x64\jre\21.0.7-win32-x86_64\bin\zip.dll
Event: 0.213 Loaded shared library C:\Users\yassm\.vscode\extensions\redhat.java-1.42.0-win32-x64\jre\21.0.7-win32-x86_64\bin\instrument.dll
Event: 0.223 Loaded shared library C:\Users\yassm\.vscode\extensions\redhat.java-1.42.0-win32-x64\jre\21.0.7-win32-x86_64\bin\net.dll
Event: 0.227 Loaded shared library C:\Users\yassm\.vscode\extensions\redhat.java-1.42.0-win32-x64\jre\21.0.7-win32-x86_64\bin\nio.dll
Event: 0.232 Loaded shared library C:\Users\yassm\.vscode\extensions\redhat.java-1.42.0-win32-x64\jre\21.0.7-win32-x86_64\bin\zip.dll
Event: 0.259 Loaded shared library C:\Users\yassm\.vscode\extensions\redhat.java-1.42.0-win32-x64\jre\21.0.7-win32-x86_64\bin\jimage.dll
Event: 0.371 Loaded shared library c:\Users\yassm\.vscode\extensions\redhat.java-1.42.0-win32-x64\jre\21.0.7-win32-x86_64\bin\verify.dll
Event: 2.257 Loaded shared library C:\Users\yassm\AppData\Roaming\Code\User\globalStorage\redhat.java\1.42.0\config_win\org.eclipse.equinox.launcher\org.eclipse.equinox.launcher.win32.win32.x86_64_1.2.1300.v20250331-1702\eclipse_11911.dll
Event: 5.148 Loaded shared library C:\Users\yassm\AppData\Local\Temp\jna-114749957\jna88061250442856314.dll

Deoptimization events (20 events):
Event: 23.214 Thread 0x000001bbe1e95be0 Uncommon trap: trap_request=0xffffff45 fr.pc=0x000001bb90fa91d0 relative=0x0000000000000190
Event: 23.214 Thread 0x000001bbe1e95be0 Uncommon trap: reason=unstable_if action=reinterpret pc=0x000001bb90fa91d0 method=org.eclipse.jdt.internal.compiler.util.Util.isClassFileName(Ljava/lang/String;)Z @ 20 c2
Event: 23.214 Thread 0x000001bbe1e95be0 DEOPT PACKING pc=0x000001bb90fa91d0 sp=0x0000006e817feb20
Event: 23.214 Thread 0x000001bbe1e95be0 DEOPT UNPACKING pc=0x000001bb90843aa2 sp=0x0000006e817fea98 mode 2
Event: 23.236 Thread 0x000001bbe1e93b10 DEOPT PACKING pc=0x000001bb8961e446 sp=0x0000006e816fe210
Event: 23.236 Thread 0x000001bbe1e93b10 DEOPT UNPACKING pc=0x000001bb90844242 sp=0x0000006e816fd790 mode 0
Event: 23.246 Thread 0x000001bbe1e93b10 DEOPT PACKING pc=0x000001bb8961e446 sp=0x0000006e816fe210
Event: 23.246 Thread 0x000001bbe1e93b10 DEOPT UNPACKING pc=0x000001bb90844242 sp=0x0000006e816fd790 mode 0
Event: 23.263 Thread 0x000001bbe1e93b10 DEOPT PACKING pc=0x000001bb8961e446 sp=0x0000006e816fe230
Event: 23.263 Thread 0x000001bbe1e93b10 DEOPT UNPACKING pc=0x000001bb90844242 sp=0x0000006e816fd7b0 mode 0
Event: 23.594 Thread 0x000001bbe1e95be0 Uncommon trap: trap_request=0xffffff45 fr.pc=0x000001bb91140164 relative=0x0000000000006ae4
Event: 23.594 Thread 0x000001bbe1e95be0 Uncommon trap: reason=unstable_if action=reinterpret pc=0x000001bb91140164 method=org.eclipse.jdt.internal.core.search.indexing.BinaryIndexer.indexDocument()V @ 315 c2
Event: 23.594 Thread 0x000001bbe1e95be0 DEOPT PACKING pc=0x000001bb91140164 sp=0x0000006e817fe990
Event: 23.594 Thread 0x000001bbe1e95be0 DEOPT UNPACKING pc=0x000001bb90843aa2 sp=0x0000006e817fe8f0 mode 2
Event: 23.812 Thread 0x000001bbe1e95be0 Uncommon trap: trap_request=0xffffff45 fr.pc=0x000001bb911dd554 relative=0x00000000000026f4
Event: 23.812 Thread 0x000001bbe1e95be0 Uncommon trap: reason=unstable_if action=reinterpret pc=0x000001bb911dd554 method=org.eclipse.jdt.internal.compiler.parser.Scanner.internalScanIdentifierOrKeyword(II[C)Lorg/eclipse/jdt/internal/compiler/parser/TerminalToken; @ 2153 c2
Event: 23.812 Thread 0x000001bbe1e95be0 DEOPT PACKING pc=0x000001bb911dd554 sp=0x0000006e817fe8e0
Event: 23.812 Thread 0x000001bbe1e95be0 DEOPT UNPACKING pc=0x000001bb90843aa2 sp=0x0000006e817fe870 mode 2
Event: 24.037 Thread 0x000001bbe32dc860 DEOPT PACKING pc=0x000001bb89d843d5 sp=0x0000006e81afbda0
Event: 24.037 Thread 0x000001bbe32dc860 DEOPT UNPACKING pc=0x000001bb90844242 sp=0x0000006e81afb2a8 mode 0

Classes loaded (20 events):
Event: 22.275 Loading class java/nio/file/FileTreeWalker$1
Event: 22.275 Loading class java/nio/file/FileTreeWalker$1 done
Event: 22.276 Loading class sun/nio/fs/Globs
Event: 22.276 Loading class sun/nio/fs/Globs done
Event: 22.277 Loading class java/util/regex/Pattern$SliceU
Event: 22.277 Loading class java/util/regex/Pattern$SliceU done
Event: 22.277 Loading class sun/nio/fs/WindowsFileSystem$2
Event: 22.277 Loading class java/nio/file/PathMatcher
Event: 22.277 Loading class java/nio/file/PathMatcher done
Event: 22.277 Loading class sun/nio/fs/WindowsFileSystem$2 done
Event: 22.372 Loading class java/util/Collections$SynchronizedRandomAccessList
Event: 22.372 Loading class java/util/Collections$SynchronizedList
Event: 22.372 Loading class java/util/Collections$SynchronizedList done
Event: 22.372 Loading class java/util/Collections$SynchronizedRandomAccessList done
Event: 22.383 Loading class java/util/concurrent/CompletableFuture$Signaller
Event: 22.384 Loading class java/util/concurrent/CompletableFuture$Signaller done
Event: 24.011 Loading class java/util/Hashtable$KeySet
Event: 24.011 Loading class java/util/Hashtable$KeySet done
Event: 24.404 Loading class java/lang/invoke/MethodHandleImpl$CountingWrapper$1
Event: 24.405 Loading class java/lang/invoke/MethodHandleImpl$CountingWrapper$1 done

Classes unloaded (7 events):
Event: 6.287 Thread 0x000001bb83dae8b0 Unloading class 0x000001bb9c1a5400 'java/lang/invoke/LambdaForm$MH+0x000001bb9c1a5400'
Event: 6.287 Thread 0x000001bb83dae8b0 Unloading class 0x000001bb9c1a5000 'java/lang/invoke/LambdaForm$MH+0x000001bb9c1a5000'
Event: 6.287 Thread 0x000001bb83dae8b0 Unloading class 0x000001bb9c1a4c00 'java/lang/invoke/LambdaForm$MH+0x000001bb9c1a4c00'
Event: 6.287 Thread 0x000001bb83dae8b0 Unloading class 0x000001bb9c1a4800 'java/lang/invoke/LambdaForm$MH+0x000001bb9c1a4800'
Event: 6.287 Thread 0x000001bb83dae8b0 Unloading class 0x000001bb9c1a4400 'java/lang/invoke/LambdaForm$BMH+0x000001bb9c1a4400'
Event: 6.287 Thread 0x000001bb83dae8b0 Unloading class 0x000001bb9c1a4000 'java/lang/invoke/LambdaForm$DMH+0x000001bb9c1a4000'
Event: 6.287 Thread 0x000001bb83dae8b0 Unloading class 0x000001bb9c1a2c00 'java/lang/invoke/LambdaForm$DMH+0x000001bb9c1a2c00'

Classes redefined (0 events):
No events

Internal exceptions (20 events):
Event: 22.323 Thread 0x000001bbe32ddc10 Exception <a 'sun/nio/fs/WindowsException'{0x00000000eab555d8}> (0x00000000eab555d8) 
thrown [s\src\hotspot\share\prims\jni.cpp, line 520]
Event: 22.395 Thread 0x000001bbe450ea00 Exception <a 'sun/nio/fs/WindowsException'{0x00000000ead1be08}> (0x00000000ead1be08) 
thrown [s\src\hotspot\share\prims\jni.cpp, line 520]
Event: 22.395 Thread 0x000001bbe450ea00 Exception <a 'sun/nio/fs/WindowsException'{0x00000000ead1c458}> (0x00000000ead1c458) 
thrown [s\src\hotspot\share\prims\jni.cpp, line 520]
Event: 22.397 Thread 0x000001bbe450ea00 Exception <a 'sun/nio/fs/WindowsException'{0x00000000ead51ab0}> (0x00000000ead51ab0) 
thrown [s\src\hotspot\share\prims\jni.cpp, line 520]
Event: 22.398 Thread 0x000001bbe450ea00 Exception <a 'sun/nio/fs/WindowsException'{0x00000000ead5e5d0}> (0x00000000ead5e5d0) 
thrown [s\src\hotspot\share\prims\jni.cpp, line 520]
Event: 22.399 Thread 0x000001bbe450ea00 Exception <a 'sun/nio/fs/WindowsException'{0x00000000ead71b08}> (0x00000000ead71b08) 
thrown [s\src\hotspot\share\prims\jni.cpp, line 520]
Event: 22.399 Thread 0x000001bbe450ea00 Exception <a 'sun/nio/fs/WindowsException'{0x00000000ead7cfe0}> (0x00000000ead7cfe0) 
thrown [s\src\hotspot\share\prims\jni.cpp, line 520]
Event: 22.399 Thread 0x000001bbe450ea00 Exception <a 'sun/nio/fs/WindowsException'{0x00000000ead7ddb0}> (0x00000000ead7ddb0) 
thrown [s\src\hotspot\share\prims\jni.cpp, line 520]
Event: 22.402 Thread 0x000001bbe450ea00 Exception <a 'sun/nio/fs/WindowsException'{0x00000000eab04d08}> (0x00000000eab04d08) 
thrown [s\src\hotspot\share\prims\jni.cpp, line 520]
Event: 24.041 Thread 0x000001bbe32dc860 Exception <a 'sun/nio/fs/WindowsException'{0x00000000eab166d0}> (0x00000000eab166d0) 
thrown [s\src\hotspot\share\prims\jni.cpp, line 520]
Event: 24.042 Thread 0x000001bbe32dc860 Exception <a 'sun/nio/fs/WindowsException'{0x00000000eab16d00}> (0x00000000eab16d00) 
thrown [s\src\hotspot\share\prims\jni.cpp, line 520]
Event: 24.043 Thread 0x000001bbe32dc860 Exception <a 'sun/nio/fs/WindowsException'{0x00000000eab17ae0}> (0x00000000eab17ae0) 
thrown [s\src\hotspot\share\prims\jni.cpp, line 520]
Event: 24.043 Thread 0x000001bbe32dc860 Exception <a 'sun/nio/fs/WindowsException'{0x00000000eab18110}> (0x00000000eab18110) 
thrown [s\src\hotspot\share\prims\jni.cpp, line 520]
Event: 24.048 Thread 0x000001bbe32dc860 Exception <a 'java/io/FileNotFoundException'{0x00000000eab7e020}> (0x00000000eab7e020) 
thrown [s\src\hotspot\share\prims\jni.cpp, line 520]
Event: 24.049 Thread 0x000001bbe32dc860 Exception <a 'java/io/FileNotFoundException'{0x00000000eab7f190}> (0x00000000eab7f190) 
thrown [s\src\hotspot\share\prims\jni.cpp, line 520]
Event: 24.061 Thread 0x000001bbe32dc860 Exception <a 'sun/nio/fs/WindowsException'{0x00000000eabc69b8}> (0x00000000eabc69b8) 
thrown [s\src\hotspot\share\prims\jni.cpp, line 520]
Event: 24.061 Thread 0x000001bbe32dc860 Exception <a 'sun/nio/fs/WindowsException'{0x00000000eabc6fe8}> (0x00000000eabc6fe8) 
thrown [s\src\hotspot\share\prims\jni.cpp, line 520]
Event: 24.089 Thread 0x000001bbe32dc860 Exception <a 'sun/nio/fs/WindowsException'{0x00000000eace4618}> (0x00000000eace4618) 
thrown [s\src\hotspot\share\prims\jni.cpp, line 520]
Event: 24.089 Thread 0x000001bbe32dc860 Exception <a 'sun/nio/fs/WindowsException'{0x00000000eaceea00}> (0x00000000eaceea00) 
thrown [s\src\hotspot\share\prims\jni.cpp, line 520]
Event: 24.279 Thread 0x000001bbe450ea00 Exception <a 'java/lang/IncompatibleClassChangeError'{0x00000000ead1e0e0}: Found class java.lang.Object, but interface was expected> (0x00000000ead1e0e0) 
thrown [s\src\hotspot\share\interpreter\linkResolver.cpp, line 840]

ZGC Phase Switch (0 events):
No events

VM Operations (20 events):
Event: 24.099 Executing VM operation: ParallelGCFailedAllocation (Allocation Failure)
Event: 24.104 Executing VM operation: ParallelGCFailedAllocation (Allocation Failure) done
Event: 24.148 Executing VM operation: ParallelGCFailedAllocation (Allocation Failure)
Event: 24.158 Executing VM operation: ParallelGCFailedAllocation (Allocation Failure) done
Event: 24.175 Executing VM operation: ParallelGCFailedAllocation (Allocation Failure)
Event: 24.180 Executing VM operation: ParallelGCFailedAllocation (Allocation Failure) done
Event: 24.242 Executing VM operation: ParallelGCFailedAllocation (Allocation Failure)
Event: 24.246 Executing VM operation: ParallelGCFailedAllocation (Allocation Failure) done
Event: 24.283 Executing VM operation: ParallelGCFailedAllocation (Allocation Failure)
Event: 24.296 Executing VM operation: ParallelGCFailedAllocation (Allocation Failure) done
Event: 24.312 Executing VM operation: ParallelGCFailedAllocation (Allocation Failure)
Event: 24.315 Executing VM operation: ParallelGCFailedAllocation (Allocation Failure) done
Event: 24.324 Executing VM operation: ParallelGCFailedAllocation (Allocation Failure)
Event: 24.327 Executing VM operation: ParallelGCFailedAllocation (Allocation Failure) done
Event: 24.342 Executing VM operation: ParallelGCFailedAllocation (Allocation Failure)
Event: 24.346 Executing VM operation: ParallelGCFailedAllocation (Allocation Failure) done
Event: 24.361 Executing VM operation: ParallelGCFailedAllocation (Allocation Failure)
Event: 24.365 Executing VM operation: ParallelGCFailedAllocation (Allocation Failure) done
Event: 24.392 Executing VM operation: ParallelGCFailedAllocation (Allocation Failure)
Event: 24.397 Executing VM operation: ParallelGCFailedAllocation (Allocation Failure) done

Memory protections (0 events):
No events

Nmethod flushes (20 events):
Event: 15.900 Thread 0x000001bb83dae8b0 flushing  nmethod 0x000001bb89b06c10
Event: 15.900 Thread 0x000001bb83dae8b0 flushing  nmethod 0x000001bb89b14090
Event: 15.900 Thread 0x000001bb83dae8b0 flushing  nmethod 0x000001bb89b62510
Event: 15.900 Thread 0x000001bb83dae8b0 flushing  nmethod 0x000001bb89b94790
Event: 15.900 Thread 0x000001bb83dae8b0 flushing  nmethod 0x000001bb89bb2c10
Event: 15.900 Thread 0x000001bb83dae8b0 flushing  nmethod 0x000001bb89bde590
Event: 15.900 Thread 0x000001bb83dae8b0 flushing  nmethod 0x000001bb89bdee90
Event: 15.900 Thread 0x000001bb83dae8b0 flushing  nmethod 0x000001bb89bdf210
Event: 15.900 Thread 0x000001bb83dae8b0 flushing  nmethod 0x000001bb89c1b710
Event: 15.900 Thread 0x000001bb83dae8b0 flushing  nmethod 0x000001bb89c1c690
Event: 15.900 Thread 0x000001bb83dae8b0 flushing  nmethod 0x000001bb89c1d890
Event: 15.900 Thread 0x000001bb83dae8b0 flushing  nmethod 0x000001bb89c1f110
Event: 15.900 Thread 0x000001bb83dae8b0 flushing  nmethod 0x000001bb89c1f890
Event: 15.900 Thread 0x000001bb83dae8b0 flushing  nmethod 0x000001bb89c28210
Event: 15.900 Thread 0x000001bb83dae8b0 flushing  nmethod 0x000001bb89c2a110
Event: 15.900 Thread 0x000001bb83dae8b0 flushing  nmethod 0x000001bb89c2d810
Event: 15.900 Thread 0x000001bb83dae8b0 flushing  nmethod 0x000001bb89c2e510
Event: 15.900 Thread 0x000001bb83dae8b0 flushing  nmethod 0x000001bb89c2e910
Event: 15.900 Thread 0x000001bb83dae8b0 flushing  nmethod 0x000001bb89c2ef90
Event: 15.900 Thread 0x000001bb83dae8b0 flushing  nmethod 0x000001bb89c31a10

Events (20 events):
Event: 20.337 Thread 0x000001bbe32dc860 Thread added: 0x000001bbe1602580
Event: 20.337 Thread 0x000001bbe32dc860 Thread added: 0x000001bbe1600b40
Event: 20.337 Thread 0x000001bbe32dc860 Thread added: 0x000001bbe1604650
Event: 20.338 Thread 0x000001bbe32dc860 Thread added: 0x000001bbe1602c10
Event: 20.779 Thread 0x000001bbe1602580 Thread exited: 0x000001bbe1602580
Event: 20.779 Thread 0x000001bbe1600b40 Thread exited: 0x000001bbe1600b40
Event: 20.780 Thread 0x000001bbe1602c10 Thread exited: 0x000001bbe1602c10
Event: 20.780 Thread 0x000001bbe1604650 Thread exited: 0x000001bbe1604650
Event: 20.780 Thread 0x000001bbe16004b0 Thread exited: 0x000001bbe16004b0
Event: 21.478 Thread 0x000001bbe32dc860 Thread added: 0x000001bbe1602580
Event: 21.478 Thread 0x000001bbe32dc860 Thread added: 0x000001bbe1602c10
Event: 21.479 Thread 0x000001bbe32dc860 Thread added: 0x000001bbe15ff790
Event: 21.479 Thread 0x000001bbe32dc860 Thread added: 0x000001bbe1604650
Event: 21.479 Thread 0x000001bbe32dc860 Thread added: 0x000001bbe1600b40
Event: 21.534 Thread 0x000001bbe15ff790 Thread exited: 0x000001bbe15ff790
Event: 21.534 Thread 0x000001bbe1602c10 Thread exited: 0x000001bbe1602c10
Event: 21.534 Thread 0x000001bbe1604650 Thread exited: 0x000001bbe1604650
Event: 21.534 Thread 0x000001bbe1602580 Thread exited: 0x000001bbe1602580
Event: 21.534 Thread 0x000001bbe1600b40 Thread exited: 0x000001bbe1600b40
Event: 24.077 Thread 0x000001bbe32dc860 Thread added: 0x000001bbe1603930


Dynamic libraries:
0x00007ff7fc5d0000 - 0x00007ff7fc5de000 	c:\Users\yassm\.vscode\extensions\redhat.java-1.42.0-win32-x64\jre\21.0.7-win32-x86_64\bin\java.exe
0x00007ffbdce20000 - 0x00007ffbdd029000 	C:\WINDOWS\SYSTEM32\ntdll.dll
0x00007ffbdac70000 - 0x00007ffbdad2d000 	C:\WINDOWS\System32\KERNEL32.DLL
0x00007ffbda2b0000 - 0x00007ffbda634000 	C:\WINDOWS\System32\KERNELBASE.dll
0x00007ffbda640000 - 0x00007ffbda751000 	C:\WINDOWS\System32\ucrtbase.dll
0x00007ffbc70f0000 - 0x00007ffbc7108000 	c:\Users\yassm\.vscode\extensions\redhat.java-1.42.0-win32-x64\jre\21.0.7-win32-x86_64\bin\jli.dll
0x00007ffbc7d60000 - 0x00007ffbc7d7e000 	c:\Users\yassm\.vscode\extensions\redhat.java-1.42.0-win32-x64\jre\21.0.7-win32-x86_64\bin\VCRUNTIME140.dll
0x00007ffbdb3a0000 - 0x00007ffbdb54d000 	C:\WINDOWS\System32\USER32.dll
0x00007ffbda760000 - 0x00007ffbda786000 	C:\WINDOWS\System32\win32u.dll
0x00007ffbc8590000 - 0x00007ffbc8835000 	C:\WINDOWS\WinSxS\amd64_microsoft.windows.common-controls_6595b64144ccf1df_6.0.22000.120_none_9d947278b86cc467\COMCTL32.dll
0x00007ffbdc950000 - 0x00007ffbdc97a000 	C:\WINDOWS\System32\GDI32.dll
0x00007ffbdae40000 - 0x00007ffbdaee3000 	C:\WINDOWS\System32\msvcrt.dll
0x00007ffbdab50000 - 0x00007ffbdac6e000 	C:\WINDOWS\System32\gdi32full.dll
0x00007ffbda790000 - 0x00007ffbda82d000 	C:\WINDOWS\System32\msvcp_win.dll
0x00007ffbdc770000 - 0x00007ffbdc7a1000 	C:\WINDOWS\System32\IMM32.DLL
0x0000000071d90000 - 0x0000000071d9c000 	C:\Program Files (x86)\360\Total Security\safemon\SafeWrapper.dll
0x00007ffbdb8d0000 - 0x00007ffbdb97e000 	C:\WINDOWS\System32\ADVAPI32.dll
0x00007ffbdada0000 - 0x00007ffbdae3e000 	C:\WINDOWS\System32\sechost.dll
0x00007ffbdcaa0000 - 0x00007ffbdcbc1000 	C:\WINDOWS\System32\RPCRT4.dll
0x00007ffb989c0000 - 0x00007ffb98a6c000 	C:\Program Files (x86)\360\Total Security\safemon\libzdtp64.dll
0x00007ffbdbae0000 - 0x00007ffbdc2a5000 	C:\WINDOWS\System32\SHELL32.dll
0x00007ffbdc710000 - 0x00007ffbdc76d000 	C:\WINDOWS\System32\SHLWAPI.dll
0x00007ffbd9c50000 - 0x00007ffbd9c5a000 	C:\WINDOWS\SYSTEM32\VERSION.dll
0x00007ffbd6a30000 - 0x00007ffbd6a3c000 	c:\Users\yassm\.vscode\extensions\redhat.java-1.42.0-win32-x64\jre\21.0.7-win32-x86_64\bin\vcruntime140_1.dll
0x00007ffbbf830000 - 0x00007ffbbf8bd000 	c:\Users\yassm\.vscode\extensions\redhat.java-1.42.0-win32-x64\jre\21.0.7-win32-x86_64\bin\msvcp140.dll
0x00007ffb9d270000 - 0x00007ffb9e000000 	c:\Users\yassm\.vscode\extensions\redhat.java-1.42.0-win32-x64\jre\21.0.7-win32-x86_64\bin\server\jvm.dll
0x00007ffbdad30000 - 0x00007ffbdad9f000 	C:\WINDOWS\System32\WS2_32.dll
0x00007ffbda190000 - 0x00007ffbda1dd000 	C:\WINDOWS\SYSTEM32\POWRPROF.dll
0x00007ffbd3930000 - 0x00007ffbd3963000 	C:\WINDOWS\SYSTEM32\WINMM.dll
0x00007ffbda160000 - 0x00007ffbda173000 	C:\WINDOWS\SYSTEM32\UMPDC.dll
0x00007ffbd9280000 - 0x00007ffbd9298000 	C:\WINDOWS\SYSTEM32\kernel.appcore.dll
0x00007ffbd4d40000 - 0x00007ffbd4d4a000 	c:\Users\yassm\.vscode\extensions\redhat.java-1.42.0-win32-x64\jre\21.0.7-win32-x86_64\bin\jimage.dll
0x00007ffbd1330000 - 0x00007ffbd1551000 	C:\WINDOWS\SYSTEM32\DBGHELP.DLL
0x00007ffbc76b0000 - 0x00007ffbc76e1000 	C:\WINDOWS\SYSTEM32\dbgcore.DLL
0x00007ffbdaad0000 - 0x00007ffbdab4f000 	C:\WINDOWS\System32\bcryptPrimitives.dll
0x00007ffbd4d20000 - 0x00007ffbd4d2f000 	c:\Users\yassm\.vscode\extensions\redhat.java-1.42.0-win32-x64\jre\21.0.7-win32-x86_64\bin\instrument.dll
0x00007ffbc70b0000 - 0x00007ffbc70cf000 	c:\Users\yassm\.vscode\extensions\redhat.java-1.42.0-win32-x64\jre\21.0.7-win32-x86_64\bin\java.dll
0x00007ffbd82d0000 - 0x00007ffbd8b32000 	C:\WINDOWS\SYSTEM32\windows.storage.dll
0x00007ffbdb550000 - 0x00007ffbdb8c6000 	C:\WINDOWS\System32\combase.dll
0x00007ffbd8160000 - 0x00007ffbd82c7000 	C:\WINDOWS\SYSTEM32\wintypes.dll
0x00007ffbdcc50000 - 0x00007ffbdcd3a000 	C:\WINDOWS\System32\SHCORE.dll
0x00007ffbda1e0000 - 0x00007ffbda205000 	C:\WINDOWS\SYSTEM32\profapi.dll
0x00007ffbc62e0000 - 0x00007ffbc62f8000 	c:\Users\yassm\.vscode\extensions\redhat.java-1.42.0-win32-x64\jre\21.0.7-win32-x86_64\bin\zip.dll
0x00007ffbd4640000 - 0x00007ffbd4650000 	C:\Users\yassm\.vscode\extensions\redhat.java-1.42.0-win32-x64\jre\21.0.7-win32-x86_64\bin\net.dll
0x00007ffbd4960000 - 0x00007ffbd4a74000 	C:\WINDOWS\SYSTEM32\WINHTTP.dll
0x00007ffbd9740000 - 0x00007ffbd97a7000 	C:\WINDOWS\system32\mswsock.dll
0x00007ffbc1230000 - 0x00007ffbc1246000 	C:\Users\yassm\.vscode\extensions\redhat.java-1.42.0-win32-x64\jre\21.0.7-win32-x86_64\bin\nio.dll
0x00007ffbcc530000 - 0x00007ffbcc540000 	c:\Users\yassm\.vscode\extensions\redhat.java-1.42.0-win32-x64\jre\21.0.7-win32-x86_64\bin\verify.dll
0x00007ffbbfea0000 - 0x00007ffbbfee5000 	C:\Users\yassm\AppData\Roaming\Code\User\globalStorage\redhat.java\1.42.0\config_win\org.eclipse.equinox.launcher\org.eclipse.equinox.launcher.win32.win32.x86_64_1.2.1300.v20250331-1702\eclipse_11911.dll
0x00007ffbdc7b0000 - 0x00007ffbdc94a000 	C:\WINDOWS\System32\ole32.dll
0x00007ffbd99a0000 - 0x00007ffbd99b8000 	C:\WINDOWS\SYSTEM32\CRYPTSP.dll
0x00007ffbd91e0000 - 0x00007ffbd9215000 	C:\WINDOWS\system32\rsaenh.dll
0x00007ffbd9850000 - 0x00007ffbd987c000 	C:\WINDOWS\SYSTEM32\USERENV.dll
0x00007ffbd9b20000 - 0x00007ffbd9b47000 	C:\WINDOWS\SYSTEM32\bcrypt.dll
0x00007ffbd99c0000 - 0x00007ffbd99cc000 	C:\WINDOWS\SYSTEM32\CRYPTBASE.dll
0x00007ffbd8d90000 - 0x00007ffbd8dbd000 	C:\WINDOWS\SYSTEM32\IPHLPAPI.DLL
0x00007ffbdc2b0000 - 0x00007ffbdc2b9000 	C:\WINDOWS\System32\NSI.dll
0x00007ffbbf490000 - 0x00007ffbbf4d9000 	C:\Users\yassm\AppData\Local\Temp\jna-114749957\jna88061250442856314.dll
0x00007ffbdc450000 - 0x00007ffbdc458000 	C:\WINDOWS\System32\PSAPI.DLL
0x00007ffbd3f10000 - 0x00007ffbd3f29000 	C:\WINDOWS\SYSTEM32\dhcpcsvc6.DLL
0x00007ffbd4ef0000 - 0x00007ffbd4f0e000 	C:\WINDOWS\SYSTEM32\dhcpcsvc.DLL

dbghelp: loaded successfully - version: 4.0.5 - missing functions: none
symbol engine: initialized successfully - sym options: 0x614 - pdb path: .;c:\Users\yassm\.vscode\extensions\redhat.java-1.42.0-win32-x64\jre\21.0.7-win32-x86_64\bin;C:\WINDOWS\SYSTEM32;C:\WINDOWS\WinSxS\amd64_microsoft.windows.common-controls_6595b64144ccf1df_6.0.22000.120_none_9d947278b86cc467;C:\Program Files (x86)\360\Total Security\safemon;c:\Users\yassm\.vscode\extensions\redhat.java-1.42.0-win32-x64\jre\21.0.7-win32-x86_64\bin\server;C:\Users\yassm\AppData\Roaming\Code\User\globalStorage\redhat.java\1.42.0\config_win\org.eclipse.equinox.launcher\org.eclipse.equinox.launcher.win32.win32.x86_64_1.2.1300.v20250331-1702;C:\Users\yassm\AppData\Local\Temp\jna-114749957

VM Arguments:
jvm_args: --add-modules=ALL-SYSTEM --add-opens=java.base/java.util=ALL-UNNAMED --add-opens=java.base/java.lang=ALL-UNNAMED --add-opens=java.base/sun.nio.fs=ALL-UNNAMED -Declipse.application=org.eclipse.jdt.ls.core.id1 -Dosgi.bundles.defaultStartLevel=4 -Declipse.product=org.eclipse.jdt.ls.core.product -Djava.import.generatesMetadataFilesAtProjectRoot=false -DDetectVMInstallationsJob.disabled=true -Dfile.encoding=utf8 -XX:+UseParallelGC -XX:GCTimeRatio=4 -XX:AdaptiveSizePolicyWeight=90 -Dsun.zip.disableMemoryMapping=true -Xmx1G -Xms100m -Xlog:disable -javaagent:c:\Users\yassm\.vscode\extensions\redhat.java-1.42.0-win32-x64\lombok\lombok-1.18.36.jar -XX:+HeapDumpOnOutOfMemoryError -XX:HeapDumpPath=c:\Users\yassm\AppData\Roaming\Code\User\workspaceStorage\01b6eb0d43ef3d27e35b615da00195a7\redhat.java -Daether.dependencyCollector.impl=bf 
java_command: c:\Users\yassm\.vscode\extensions\redhat.java-1.42.0-win32-x64\server\plugins\org.eclipse.equinox.launcher_1.7.0.v20250424-1814.jar -configuration c:\Users\yassm\AppData\Roaming\Code\User\globalStorage\redhat.java\1.42.0\config_win -data c:\Users\yassm\AppData\Roaming\Code\User\workspaceStorage\01b6eb0d43ef3d27e35b615da00195a7\redhat.java\jdt_ws --pipe=\\.\pipe\lsp-7a700926ea1243659feac655a86a2d50-sock
java_class_path (initial): c:\Users\yassm\.vscode\extensions\redhat.java-1.42.0-win32-x64\server\plugins\org.eclipse.equinox.launcher_1.7.0.v20250424-1814.jar
Launcher Type: SUN_STANDARD

[Global flags]
    uintx AdaptiveSizePolicyWeight                 = 90                                        {product} {command line}
     intx CICompilerCount                          = 4                                         {product} {ergonomic}
    uintx GCTimeRatio                              = 4                                         {product} {command line}
     bool HeapDumpOnOutOfMemoryError               = true                                   {manageable} {command line}
    ccstr HeapDumpPath                             = c:\Users\yassm\AppData\Roaming\Code\User\workspaceStorage\01b6eb0d43ef3d27e35b615da00195a7\redhat.java         {manageable} {command line}
   size_t InitialHeapSize                          = 104857600                                 {product} {command line}
   size_t MaxHeapSize                              = 1073741824                                {product} {command line}
   size_t MaxNewSize                               = 357564416                                 {product} {ergonomic}
   size_t MinHeapDeltaBytes                        = 524288                                    {product} {ergonomic}
   size_t MinHeapSize                              = 104857600                                 {product} {command line}
   size_t NewSize                                  = 34603008                                  {product} {ergonomic}
    uintx NonNMethodCodeHeapSize                   = 5839372                                {pd product} {ergonomic}
    uintx NonProfiledCodeHeapSize                  = 122909434                              {pd product} {ergonomic}
   size_t OldSize                                  = 70254592                                  {product} {ergonomic}
    uintx ProfiledCodeHeapSize                     = 122909434                              {pd product} {ergonomic}
    uintx ReservedCodeCacheSize                    = 251658240                              {pd product} {ergonomic}
     bool SegmentedCodeCache                       = true                                      {product} {ergonomic}
   size_t SoftMaxHeapSize                          = 1073741824                             {manageable} {ergonomic}
     bool UseCompressedOops                        = true                           {product lp64_product} {ergonomic}
     bool UseLargePagesIndividualAllocation        = false                                  {pd product} {ergonomic}
     bool UseParallelGC                            = true                                      {product} {command line}

Logging:
Log output configuration:
 #0: stdout all=off uptime,level,tags foldmultilines=false
 #1: stderr all=off uptime,level,tags foldmultilines=false

Environment Variables:
JAVA_HOME=C:\Program Files\Java\jdk-17
PATH=C:\Program Files\Common Files\Oracle\Java\javapath;C:\Program Files (x86)\VMware\VMware Workstation\bin\;C:\oraclexe\app\oracle\product\11.2.0\server\bin;C:\Program Files (x86)\Common Files\Oracle\Java\javapath;C:\Windows\system32;C:\Windows;C:\Windows\System32\Wbem;C:\Windows\System32\WindowsPowerShell\v1.0\;C:\Windows\System32\OpenSSH\;C:\WINDOWS\system32;C:\WINDOWS;C:\WINDOWS\System32\Wbem;C:\WINDOWS\System32\WindowsPowerShell\v1.0\;C:\WINDOWS\System32\OpenSSH\;C:\Program Files\Microsoft SQL Server\150\Tools\Binn\;C:\Program Files\Microsoft SQL Server\Client SDK\ODBC\170\Tools\Binn\;C:\Program Files\dotnet\;C:\Program Files\Java\jdk-17\bin;C:\Program Files (x86)\Microsoft SQL Server\110\DTS\Binn\;C:\Program Files (x86)\Microsoft SQL Server\110\Tools\Binn\;C:\Program Files (x86)\Microsoft SQL Server\110\Tools\Binn\ManagementStudio\;C:\Program Files (x86)\Microsoft Visual Studio 10.0\Common7\IDE\PrivateAssemblies\;C:\ProgramData\chocolatey\bin;C:\spark\bin;C:\Program Files\Java\jdk-17\bin;C:\Users\yassm\AppData\Local\Programs\Python\Python312\pythonw.exe;C:\Program Files\nodejs\;C:\Program Files\Git\cmd;C:\Users\yassm\AppData\Local\Programs\Python\Launcher\;C:\Users\yassm\AppData\Local\Microsoft\WindowsApps;C:\Users\yassm\AppData\Local\Programs\Microsoft VS Code\bin;C:\Users\yassm\.dotnet\tools;C:\Program Files\JetBrains\IntelliJ IDEA 2022.2.1\bin;;C:\Users\yassm\AppData\Local\Programs\Python\Python312\;C:\apache-maven-3.9.9-bin\apache-maven-3.9.9\bin;C:\Users\yassm\AppData\Local\Microsoft\WinGet\Packages\Schniz.fnm_Microsoft.Winget.Source_8wekyb3d8bbwe;C:\Users\yassm\AppData\Roaming\npm
USERNAME=yassm
OS=Windows_NT
PROCESSOR_IDENTIFIER=AMD64 Family 23 Model 24 Stepping 1, AuthenticAMD
TMP=C:\Users\yassm\AppData\Local\Temp
TEMP=C:\Users\yassm\AppData\Local\Temp




Periodic native trim disabled

---------------  S Y S T E M  ---------------

OS:
 Windows 11 , 64 bit Build 22000 (10.0.22000.2538)
OS uptime: 6 days 1:22 hours
Hyper-V role detected

CPU: total 8 (initial active 8) (8 cores per cpu, 2 threads per core) family 23 model 24 stepping 1 microcode 0x0, cx8, cmov, fxsr, ht, mmx, 3dnowpref, sse, sse2, sse3, ssse3, sse4a, sse4.1, sse4.2, popcnt, lzcnt, tsc, tscinvbit, avx, avx2, aes, clmul, bmi1, bmi2, adx, sha, fma, vzeroupper, clflush, clflushopt, hv, rdtscp, f16c
Processor Information for the first 8 processors :
  Max Mhz: 2100, Current Mhz: 2100, Mhz Limit: 2100

Memory: 4k page, system-wide physical 6091M (252M free)
TotalPageFile size 24523M (AvailPageFile size 2M)
current process WorkingSet (physical memory assigned to process): 610M, peak: 610M
current process commit charge ("private bytes"): 565M, peak: 945M

vm_info: OpenJDK 64-Bit Server VM (21.0.7+6-LTS) for windows-amd64 JRE (21.0.7+6-LTS), built on 2025-04-15T00:00:00Z by "admin" with MS VC++ 17.7 (VS2022)

END.
