#
# There is insufficient memory for the Java Runtime Environment to continue.
# Native memory allocation (malloc) failed to allocate 2176336 bytes. Error detail: Chunk::new
# Possible reasons:
#   The system is out of physical RAM or swap space
#   This process is running with CompressedOops enabled, and the Java Heap may be blocking the growth of the native heap
# Possible solutions:
#   Reduce memory load on the system
#   Increase physical memory or swap space
#   Check if swap backing store is full
#   Decrease Java heap size (-Xmx/-Xms)
#   Decrease number of Java threads
#   Decrease Java thread stack sizes (-Xss)
#   Set larger code cache with -XX:ReservedCodeCacheSize=
#   JVM is running with Unscaled Compressed Oops mode in which the Java heap is
#     placed in the first 4GB address space. The Java Heap base address is the
#     maximum limit for the native heap growth. Please use -XX:HeapBaseMinAddress
#     to set the Java Heap base and to place the Java Heap above 4GB virtual address.
# This output file may be truncated or incomplete.
#
#  Out of Memory Error (arena.cpp:168), pid=58060, tid=47644
#
# JRE version: OpenJDK Runtime Environment Temurin-21.0.7+6 (21.0.7+6) (build 21.0.7+6-LTS)
# Java VM: OpenJDK 64-Bit Server VM Temurin-21.0.7+6 (21.0.7+6-LTS, mixed mode, sharing, tiered, compressed oops, compressed class ptrs, parallel gc, windows-amd64)
# No core dump will be written. Minidumps are not enabled by default on client versions of Windows
#

---------------  S U M M A R Y ------------

Command Line: --add-modules=ALL-SYSTEM --add-opens=java.base/java.util=ALL-UNNAMED --add-opens=java.base/java.lang=ALL-UNNAMED --add-opens=java.base/sun.nio.fs=ALL-UNNAMED -Declipse.application=org.eclipse.jdt.ls.core.id1 -Dosgi.bundles.defaultStartLevel=4 -Declipse.product=org.eclipse.jdt.ls.core.product -Djava.import.generatesMetadataFilesAtProjectRoot=false -DDetectVMInstallationsJob.disabled=true -Dfile.encoding=utf8 -XX:+UseParallelGC -XX:GCTimeRatio=4 -XX:AdaptiveSizePolicyWeight=90 -Dsun.zip.disableMemoryMapping=true -Xmx1G -Xms100m -Xlog:disable -javaagent:c:\Users\yassm\.vscode\extensions\redhat.java-1.42.0-win32-x64\lombok\lombok-1.18.36.jar -XX:+HeapDumpOnOutOfMemoryError -XX:HeapDumpPath=c:\Users\yassm\AppData\Roaming\Code\User\workspaceStorage\01b6eb0d43ef3d27e35b615da00195a7\redhat.java -Daether.dependencyCollector.impl=bf c:\Users\yassm\.vscode\extensions\redhat.java-1.42.0-win32-x64\server\plugins\org.eclipse.equinox.launcher_1.7.0.v20250424-1814.jar -configuration c:\Users\yassm\AppData\Roaming\Code\User\globalStorage\redhat.java\1.42.0\config_win -data c:\Users\yassm\AppData\Roaming\Code\User\workspaceStorage\01b6eb0d43ef3d27e35b615da00195a7\redhat.java\jdt_ws --pipe=\\.\pipe\lsp-4587a378dc80a4e5d4c90cfb0d5cddf8-sock

Host: AMD Ryzen 5 3500U with Radeon Vega Mobile Gfx  , 8 cores, 5G,  Windows 11 , 64 bit Build 22000 (10.0.22000.2538)
Time: Mon Jun  9 10:37:46 2025 Afr. centrale Ouest elapsed time: 43.330334 seconds (0d 0h 0m 43s)

---------------  T H R E A D  ---------------

Current thread (0x000001ad3bd134f0):  JavaThread "C2 CompilerThread0" daemon [_thread_in_native, id=47644, stack(0x0000008ffc700000,0x0000008ffc800000) (1024K)]


Current CompileTask:
C2:43330 13420 %     4       java.util.Properties::load0 @ 29 (249 bytes)

Stack: [0x0000008ffc700000,0x0000008ffc800000]
Native frames: (J=compiled Java code, j=interpreted, Vv=VM code, C=native code)
V  [jvm.dll+0x6ce119]
V  [jvm.dll+0x8a84a1]
V  [jvm.dll+0x8aa9ce]
V  [jvm.dll+0x8ab0b3]
V  [jvm.dll+0x27f8a6]
V  [jvm.dll+0xc507d]
V  [jvm.dll+0xc55b3]
V  [jvm.dll+0x3b68f2]
V  [jvm.dll+0x1e0029]
V  [jvm.dll+0x247c42]
V  [jvm.dll+0x2470cf]
V  [jvm.dll+0x1c760e]
V  [jvm.dll+0x25695a]
V  [jvm.dll+0x254efa]
V  [jvm.dll+0x3f03f6]
V  [jvm.dll+0x851f6b]
V  [jvm.dll+0x6cc7dd]
C  [ucrtbase.dll+0x26c0c]
C  [KERNEL32.DLL+0x153e0]
C  [ntdll.dll+0x485b]


---------------  P R O C E S S  ---------------

Threads class SMR info:
_java_thread_list=0x000001ad06405910, length=61, elements={
0x000001ad25596610, 0x000001ad3bcfe490, 0x000001ad3bcffab0, 0x000001ad3bd07610,
0x000001ad3bd0a070, 0x000001ad3bd0be40, 0x000001ad3bd0d4a0, 0x000001ad3bd134f0,
0x000001ad3bd1ab50, 0x000001ad7e81e5d0, 0x000001ad7ea8bc50, 0x000001ad7f312890,
0x000001ad041042a0, 0x000001ad041d5e00, 0x000001ad7f191720, 0x000001ad042d82d0,
0x000001ad042daa30, 0x000001ad042d7c40, 0x000001ad042d8960, 0x000001ad042d9680,
0x000001ad042d9d10, 0x000001ad042d8ff0, 0x000001ad0453aec0, 0x000001ad04538760,
0x000001ad04539b10, 0x000001ad0453d620, 0x000001ad0453b550, 0x000001ad0453a1a0,
0x000001ad0453dcb0, 0x000001ad0453cf90, 0x000001ad0453e340, 0x000001ad0453e9d0,
0x000001ad0453a830, 0x000001ad0453bbe0, 0x000001ad04538df0, 0x000001ad0453c270,
0x000001ad0453c900, 0x000001ad0453f060, 0x000001ad0453f6f0, 0x000001ad04539480,
0x000001ad0767df40, 0x000001ad0767ec60, 0x000001ad076813c0, 0x000001ad0767f980,
0x000001ad0767d8b0, 0x000001ad0767b150, 0x000001ad07680010, 0x000001ad07682770,
0x000001ad07681a50, 0x000001ad0767f2f0, 0x000001ad0767b7e0, 0x000001ad0767be70,
0x000001ad0767c500, 0x000001ad0767cb90, 0x000001ad04bd2050, 0x000001ad04bce540,
0x000001ad04bd19c0, 0x000001ad04bcf8f0, 0x000001ad04bd26e0, 0x000001ad04bcebd0,
0x000001ad04bd0610
}

Java Threads: ( => current thread )
  0x000001ad25596610 JavaThread "main"                              [_thread_blocked, id=65152, stack(0x0000008ffbd00000,0x0000008ffbe00000) (1024K)]
  0x000001ad3bcfe490 JavaThread "Reference Handler"          daemon [_thread_blocked, id=51824, stack(0x0000008ffc100000,0x0000008ffc200000) (1024K)]
  0x000001ad3bcffab0 JavaThread "Finalizer"                  daemon [_thread_blocked, id=30708, stack(0x0000008ffc200000,0x0000008ffc300000) (1024K)]
  0x000001ad3bd07610 JavaThread "Signal Dispatcher"          daemon [_thread_blocked, id=64432, stack(0x0000008ffc300000,0x0000008ffc400000) (1024K)]
  0x000001ad3bd0a070 JavaThread "Attach Listener"            daemon [_thread_blocked, id=60892, stack(0x0000008ffc400000,0x0000008ffc500000) (1024K)]
  0x000001ad3bd0be40 JavaThread "Service Thread"             daemon [_thread_blocked, id=45120, stack(0x0000008ffc500000,0x0000008ffc600000) (1024K)]
  0x000001ad3bd0d4a0 JavaThread "Monitor Deflation Thread"   daemon [_thread_blocked, id=57420, stack(0x0000008ffc600000,0x0000008ffc700000) (1024K)]
=>0x000001ad3bd134f0 JavaThread "C2 CompilerThread0"         daemon [_thread_in_native, id=47644, stack(0x0000008ffc700000,0x0000008ffc800000) (1024K)]
  0x000001ad3bd1ab50 JavaThread "C1 CompilerThread0"         daemon [_thread_blocked, id=36624, stack(0x0000008ffc800000,0x0000008ffc900000) (1024K)]
  0x000001ad7e81e5d0 JavaThread "Common-Cleaner"             daemon [_thread_blocked, id=33040, stack(0x0000008ffc900000,0x0000008ffca00000) (1024K)]
  0x000001ad7ea8bc50 JavaThread "Notification Thread"        daemon [_thread_blocked, id=35176, stack(0x0000008ffca00000,0x0000008ffcb00000) (1024K)]
  0x000001ad7f312890 JavaThread "Active Thread: Equinox Container: 1da4fd86-f167-4d37-975f-309670733c8f"        [_thread_blocked, id=58532, stack(0x0000008ffd200000,0x0000008ffd300000) (1024K)]
  0x000001ad041042a0 JavaThread "Refresh Thread: Equinox Container: 1da4fd86-f167-4d37-975f-309670733c8f" daemon [_thread_blocked, id=60944, stack(0x0000008ffd400000,0x0000008ffd500000) (1024K)]
  0x000001ad041d5e00 JavaThread "Framework Event Dispatcher: Equinox Container: 1da4fd86-f167-4d37-975f-309670733c8f" daemon [_thread_blocked, id=63908, stack(0x0000008ffd500000,0x0000008ffd600000) (1024K)]
  0x000001ad7f191720 JavaThread "Start Level: Equinox Container: 1da4fd86-f167-4d37-975f-309670733c8f" daemon [_thread_blocked, id=53772, stack(0x0000008ffd600000,0x0000008ffd700000) (1024K)]
  0x000001ad042d82d0 JavaThread "Bundle File Closer"         daemon [_thread_blocked, id=43224, stack(0x0000008ffd700000,0x0000008ffd800000) (1024K)]
  0x000001ad042daa30 JavaThread "SCR Component Actor"        daemon [_thread_blocked, id=6284, stack(0x0000008ffd800000,0x0000008ffd900000) (1024K)]
  0x000001ad042d7c40 JavaThread "Worker-JM"                         [_thread_blocked, id=19024, stack(0x0000008ffda00000,0x0000008ffdb00000) (1024K)]
  0x000001ad042d8960 JavaThread "JNA Cleaner"                daemon [_thread_blocked, id=9712, stack(0x0000008ffdb00000,0x0000008ffdc00000) (1024K)]
  0x000001ad042d9680 JavaThread "Worker-0"                          [_thread_blocked, id=49836, stack(0x0000008ffdc00000,0x0000008ffdd00000) (1024K)]
  0x000001ad042d9d10 JavaThread "Worker-1"                          [_thread_blocked, id=31396, stack(0x0000008ffdd00000,0x0000008ffde00000) (1024K)]
  0x000001ad042d8ff0 JavaThread "Java indexing"              daemon [_thread_blocked, id=64208, stack(0x0000008ffdf00000,0x0000008ffe000000) (1024K)]
  0x000001ad0453aec0 JavaThread "Worker-2"                          [_thread_blocked, id=63420, stack(0x0000008ffe000000,0x0000008ffe100000) (1024K)]
  0x000001ad04538760 JavaThread "Worker-3"                          [_thread_blocked, id=61152, stack(0x0000008ffe100000,0x0000008ffe200000) (1024K)]
  0x000001ad04539b10 JavaThread "Worker-4: Java indexing... "        [_thread_blocked, id=61200, stack(0x0000008ffe200000,0x0000008ffe300000) (1024K)]
  0x000001ad0453d620 JavaThread "Worker-5"                          [_thread_blocked, id=46188, stack(0x0000008ffe300000,0x0000008ffe400000) (1024K)]
  0x000001ad0453b550 JavaThread "Thread-2"                   daemon [_thread_in_native, id=56012, stack(0x0000008ffe400000,0x0000008ffe500000) (1024K)]
  0x000001ad0453a1a0 JavaThread "Thread-3"                   daemon [_thread_in_native, id=31924, stack(0x0000008ffe500000,0x0000008ffe600000) (1024K)]
  0x000001ad0453dcb0 JavaThread "Thread-4"                   daemon [_thread_in_native, id=60924, stack(0x0000008ffe600000,0x0000008ffe700000) (1024K)]
  0x000001ad0453cf90 JavaThread "Thread-5"                   daemon [_thread_in_native, id=61480, stack(0x0000008ffe700000,0x0000008ffe800000) (1024K)]
  0x000001ad0453e340 JavaThread "Thread-6"                   daemon [_thread_in_native, id=60788, stack(0x0000008ffe800000,0x0000008ffe900000) (1024K)]
  0x000001ad0453e9d0 JavaThread "Thread-7"                   daemon [_thread_in_native, id=66972, stack(0x0000008ffe900000,0x0000008ffea00000) (1024K)]
  0x000001ad0453a830 JavaThread "Thread-8"                   daemon [_thread_in_native, id=61612, stack(0x0000008ffea00000,0x0000008ffeb00000) (1024K)]
  0x000001ad0453bbe0 JavaThread "Thread-9"                   daemon [_thread_in_native, id=64444, stack(0x0000008ffeb00000,0x0000008ffec00000) (1024K)]
  0x000001ad04538df0 JavaThread "Thread-10"                  daemon [_thread_in_native, id=7896, stack(0x0000008ffec00000,0x0000008ffed00000) (1024K)]
  0x000001ad0453c270 JavaThread "pool-2-thread-1"                   [_thread_blocked, id=32336, stack(0x0000008ffed00000,0x0000008ffee00000) (1024K)]
  0x000001ad0453c900 JavaThread "WorkspaceEventsHandler"            [_thread_blocked, id=67324, stack(0x0000008ffee00000,0x0000008ffef00000) (1024K)]
  0x000001ad0453f060 JavaThread "pool-1-thread-1"                   [_thread_blocked, id=56600, stack(0x0000008ffef00000,0x0000008fff000000) (1024K)]
  0x000001ad0453f6f0 JavaThread "Worker-6: Building"                [_thread_blocked, id=43840, stack(0x0000008fff000000,0x0000008fff100000) (1024K)]
  0x000001ad04539480 JavaThread "Worker-7"                          [_thread_blocked, id=42776, stack(0x0000008fff100000,0x0000008fff200000) (1024K)]
  0x000001ad0767df40 JavaThread "LocalFile Deleter"          daemon [_thread_blocked, id=62520, stack(0x0000008ffd900000,0x0000008ffda00000) (1024K)]
  0x000001ad0767ec60 JavaThread "LocalFile Deleter"          daemon [_thread_blocked, id=24672, stack(0x0000008fff200000,0x0000008fff300000) (1024K)]
  0x000001ad076813c0 JavaThread "LocalFile Deleter"          daemon [_thread_blocked, id=59048, stack(0x0000008fff300000,0x0000008fff400000) (1024K)]
  0x000001ad0767f980 JavaThread "LocalFile Deleter"          daemon [_thread_blocked, id=67404, stack(0x0000008fff400000,0x0000008fff500000) (1024K)]
  0x000001ad0767d8b0 JavaThread "LocalFile Deleter"          daemon [_thread_blocked, id=59780, stack(0x0000008fff500000,0x0000008fff600000) (1024K)]
  0x000001ad0767b150 JavaThread "LocalFile Deleter"          daemon [_thread_blocked, id=58412, stack(0x0000008fff600000,0x0000008fff700000) (1024K)]
  0x000001ad07680010 JavaThread "LocalFile Deleter"          daemon [_thread_blocked, id=47844, stack(0x0000008fff700000,0x0000008fff800000) (1024K)]
  0x000001ad07682770 JavaThread "LocalFile Deleter"          daemon [_thread_blocked, id=48652, stack(0x0000008fff800000,0x0000008fff900000) (1024K)]
  0x000001ad07681a50 JavaThread "Compiler Source File Reader" daemon [_thread_blocked, id=48648, stack(0x0000008fff900000,0x0000008fffa00000) (1024K)]
  0x000001ad0767f2f0 JavaThread "Compiler Source File Reader" daemon [_thread_blocked, id=55608, stack(0x0000008fffa00000,0x0000008fffb00000) (1024K)]
  0x000001ad0767b7e0 JavaThread "Compiler Source File Reader" daemon [_thread_blocked, id=33956, stack(0x0000008fffb00000,0x0000008fffc00000) (1024K)]
  0x000001ad0767be70 JavaThread "Compiler Source File Reader" daemon [_thread_blocked, id=47584, stack(0x0000008fffc00000,0x0000008fffd00000) (1024K)]
  0x000001ad0767c500 JavaThread "Compiler Source File Reader" daemon [_thread_blocked, id=57004, stack(0x0000008fffd00000,0x0000008fffe00000) (1024K)]
  0x000001ad0767cb90 JavaThread "Compiler Source File Reader" daemon [_thread_blocked, id=60688, stack(0x0000008fffe00000,0x0000008ffff00000) (1024K)]
  0x000001ad04bd2050 JavaThread "Compiler Processing Task"   daemon [_thread_blocked, id=50616, stack(0x0000008ffff00000,0x0000009000000000) (1024K)]
  0x000001ad04bce540 JavaThread "Compiler Class File Writer" daemon [_thread_blocked, id=50848, stack(0x0000008f80000000,0x0000008f80100000) (1024K)]
  0x000001ad04bd19c0 JavaThread "Compiler Class File Writer" daemon [_thread_blocked, id=61272, stack(0x0000008f80100000,0x0000008f80200000) (1024K)]
  0x000001ad04bcf8f0 JavaThread "Compiler Class File Writer" daemon [_thread_blocked, id=52416, stack(0x0000008f80200000,0x0000008f80300000) (1024K)]
  0x000001ad04bd26e0 JavaThread "Compiler Class File Writer" daemon [_thread_blocked, id=54128, stack(0x0000008f80300000,0x0000008f80400000) (1024K)]
  0x000001ad04bcebd0 JavaThread "Compiler Class File Writer" daemon [_thread_blocked, id=64200, stack(0x0000008f80400000,0x0000008f80500000) (1024K)]
  0x000001ad04bd0610 JavaThread "Compiler Class File Writer" daemon [_thread_blocked, id=55468, stack(0x0000008f80500000,0x0000008f80600000) (1024K)]
Total: 61

Other Threads:
  0x000001ad255605f0 VMThread "VM Thread"                           [id=38312, stack(0x0000008ffc000000,0x0000008ffc100000) (1024K)]
  0x000001ad3bc0ca00 WatcherThread "VM Periodic Task Thread"        [id=59868, stack(0x0000008ffbf00000,0x0000008ffc000000) (1024K)]
  0x000001ad25560250 WorkerThread "GC Thread#0"                     [id=62388, stack(0x0000008ffbe00000,0x0000008ffbf00000) (1024K)]
  0x000001ad2555f3d0 WorkerThread "GC Thread#1"                     [id=50520, stack(0x0000008ffcc00000,0x0000008ffcd00000) (1024K)]
  0x000001ad2555f770 WorkerThread "GC Thread#2"                     [id=62056, stack(0x0000008ffcd00000,0x0000008ffce00000) (1024K)]
  0x000001ad7eecdc00 WorkerThread "GC Thread#3"                     [id=47208, stack(0x0000008ffce00000,0x0000008ffcf00000) (1024K)]
  0x000001ad7eecd860 WorkerThread "GC Thread#4"                     [id=54148, stack(0x0000008ffcf00000,0x0000008ffd000000) (1024K)]
  0x000001ad7eecc640 WorkerThread "GC Thread#5"                     [id=38352, stack(0x0000008ffd000000,0x0000008ffd100000) (1024K)]
  0x000001ad7eecea80 WorkerThread "GC Thread#6"                     [id=43736, stack(0x0000008ffd100000,0x0000008ffd200000) (1024K)]
  0x000001ad7eecdfa0 WorkerThread "GC Thread#7"                     [id=58388, stack(0x0000008ffd300000,0x0000008ffd400000) (1024K)]
Total: 10

Threads with active compile tasks:
C2 CompilerThread0  43476 13420 %     4       java.util.Properties::load0 @ 29 (249 bytes)
C1 CompilerThread0  43477 13629       3       org.codehaus.plexus.classworlds.realm.Entry::matches (282 bytes)
Total: 2

VM state: not at safepoint (normal execution)

VM Mutex/Monitor currently owned by a thread: None

Heap address: 0x00000000c0000000, size: 1024 MB, Compressed Oops mode: 32-bit

CDS archive(s) mapped at: [0x000001ad3c000000-0x000001ad3cba0000-0x000001ad3cba0000), size 12189696, SharedBaseAddress: 0x000001ad3c000000, ArchiveRelocationMode: 1.
Compressed class space mapped at: 0x000001ad3d000000-0x000001ad7d000000, reserved size: 1073741824
Narrow klass base: 0x000001ad3c000000, Narrow klass shift: 0, Narrow klass range: 0x100000000

GC Precious Log:
 CardTable entry size: 512
 CPUs: 8 total, 8 available
 Memory: 6091M
 Large Page Support: Disabled
 NUMA Support: Disabled
 Compressed Oops: Enabled (32-bit)
 Alignments: Space 512K, Generation 512K, Heap 2M
 Heap Min Capacity: 100M
 Heap Initial Capacity: 100M
 Heap Max Capacity: 1G
 Pre-touch: Disabled
 Parallel Workers: 8

Heap:
 PSYoungGen      total 3584K, used 1067K [0x00000000eab00000, 0x00000000eaf80000, 0x0000000100000000)
  eden space 2560K, 15% used [0x00000000eab00000,0x00000000eab62e70,0x00000000ead80000)
  from space 1024K, 65% used [0x00000000ead80000,0x00000000eae28000,0x00000000eae80000)
  to   space 1024K, 0% used [0x00000000eae80000,0x00000000eae80000,0x00000000eaf80000)
 ParOldGen       total 273408K, used 273174K [0x00000000c0000000, 0x00000000d0b00000, 0x00000000eab00000)
  object space 273408K, 99% used [0x00000000c0000000,0x00000000d0ac5810,0x00000000d0b00000)
 Metaspace       used 63891K, committed 65344K, reserved 1114112K
  class space    used 6354K, committed 6976K, reserved 1048576K

Card table byte_map: [0x000001ad272e0000,0x000001ad274f0000] _byte_map_base: 0x000001ad26ce0000

Marking Bits: (ParMarkBitMap*) 0x00007ffb9df231f0
 Begin Bits: [0x000001ad39b30000, 0x000001ad3ab30000)
 End Bits:   [0x000001ad3ab30000, 0x000001ad3bb30000)

Polling page: 0x000001ad25760000

Metaspace:

Usage:
  Non-class:     56.19 MB used.
      Class:      6.21 MB used.
       Both:     62.39 MB used.

Virtual space:
  Non-class space:       64.00 MB reserved,      57.00 MB ( 89%) committed,  1 nodes.
      Class space:        1.00 GB reserved,       6.81 MB ( <1%) committed,  1 nodes.
             Both:        1.06 GB reserved,      63.81 MB (  6%) committed. 

Chunk freelists:
   Non-Class:  7.05 MB
       Class:  9.01 MB
        Both:  16.07 MB

MaxMetaspaceSize: unlimited
CompressedClassSpaceSize: 1.00 GB
Initial GC threshold: 21.00 MB
Current GC threshold: 97.31 MB
CDS: on
 - commit_granule_bytes: 65536.
 - commit_granule_words: 8192.
 - virtual_space_node_default_size: 8388608.
 - enlarge_chunks_in_place: 1.
 - use_allocation_guard: 0.


Internal statistics:

num_allocs_failed_limit: 9.
num_arena_births: 1276.
num_arena_deaths: 14.
num_vsnodes_births: 2.
num_vsnodes_deaths: 0.
num_space_committed: 1021.
num_space_uncommitted: 0.
num_chunks_returned_to_freelist: 23.
num_chunks_taken_from_freelist: 4405.
num_chunk_merges: 15.
num_chunk_splits: 2646.
num_chunks_enlarged: 1409.
num_inconsistent_stats: 0.

CodeHeap 'non-profiled nmethods': size=120000Kb used=7835Kb max_used=7835Kb free=112165Kb
 bounds [0x000001ad32600000, 0x000001ad32db0000, 0x000001ad39b30000]
CodeHeap 'profiled nmethods': size=120000Kb used=30874Kb max_used=30874Kb free=89125Kb
 bounds [0x000001ad2ab30000, 0x000001ad2c960000, 0x000001ad32060000]
CodeHeap 'non-nmethods': size=5760Kb used=1429Kb max_used=1532Kb free=4330Kb
 bounds [0x000001ad32060000, 0x000001ad322d0000, 0x000001ad32600000]
 total_blobs=13564 nmethods=12827 adapters=640
 compilation: enabled
              stopped_count=0, restarted_count=0
 full_count=0

Compilation events (20 events):
Event: 43.268 Thread 0x000001ad3bd1ab50 13615   !   3       org.apache.maven.model.ReportPlugin::clone (115 bytes)
Event: 43.270 Thread 0x000001ad3bd1ab50 nmethod 13615 0x000001ad2c947590 code [0x000001ad2c9478a0, 0x000001ad2c948a08]
Event: 43.276 Thread 0x000001ad3bd1ab50 13616       3       org.apache.maven.model.merge.ModelMerger::mergeReportPlugin (46 bytes)
Event: 43.277 Thread 0x000001ad3bd1ab50 nmethod 13616 0x000001ad2c949190 code [0x000001ad2c949380, 0x000001ad2c9498c0]
Event: 43.277 Thread 0x000001ad3bd1ab50 13617       3       org.apache.maven.model.merge.ModelMerger::mergeReportPlugin_GroupId (41 bytes)
Event: 43.278 Thread 0x000001ad3bd1ab50 nmethod 13617 0x000001ad2c949a10 code [0x000001ad2c949be0, 0x000001ad2c949fb8]
Event: 43.278 Thread 0x000001ad3bd1ab50 13618       3       org.apache.maven.model.merge.ModelMerger::mergeReportPlugin_ArtifactId (41 bytes)
Event: 43.278 Thread 0x000001ad3bd1ab50 nmethod 13618 0x000001ad2c94a110 code [0x000001ad2c94a2e0, 0x000001ad2c94a6b8]
Event: 43.279 Thread 0x000001ad3bd1ab50 13619       3       java.lang.Boolean::toString (8 bytes)
Event: 43.279 Thread 0x000001ad3bd1ab50 nmethod 13619 0x000001ad2c94a810 code [0x000001ad2c94a9c0, 0x000001ad2c94aba8]
Event: 43.279 Thread 0x000001ad3bd1ab50 13620       3       org.codehaus.plexus.util.xml.XmlReader::doRawStream (53 bytes)
Event: 43.280 Thread 0x000001ad3bd1ab50 nmethod 13620 0x000001ad2c94ac90 code [0x000001ad2c94ae80, 0x000001ad2c94b188]
Event: 43.280 Thread 0x000001ad3bd1ab50 13621       3       org.codehaus.plexus.util.xml.XmlReader::getXmlProlog (293 bytes)
Event: 43.285 Thread 0x000001ad3bd1ab50 nmethod 13621 0x000001ad2c94b310 code [0x000001ad2c94b780, 0x000001ad2c94d118]
Event: 43.297 Thread 0x000001ad3bd1ab50 13622   !   3       java.util.Collections$SynchronizedMap::put (28 bytes)
Event: 43.298 Thread 0x000001ad3bd1ab50 nmethod 13622 0x000001ad2c94dc90 code [0x000001ad2c94de40, 0x000001ad2c94e108]
Event: 43.299 Thread 0x000001ad3bd1ab50 13623       3       org.eclipse.aether.util.graph.transformer.JavaScopeDeriver::getDerivedScope (100 bytes)
Event: 43.300 Thread 0x000001ad3bd1ab50 nmethod 13623 0x000001ad2c94e290 code [0x000001ad2c94e4c0, 0x000001ad2c94ea20]
Event: 43.300 Thread 0x000001ad3bd1ab50 13624 %     3       java.util.IdentityHashMap::clear @ 17 (39 bytes)
Event: 43.300 Thread 0x000001ad3bd1ab50 nmethod 13624% 0x000001ad2c94ec10 code [0x000001ad2c94ede0, 0x000001ad2c94f190]

GC Heap History (20 events):
Event: 42.930 GC heap before
{Heap before GC invocations=275 (full 3):
 PSYoungGen      total 3584K, used 3168K [0x00000000eab00000, 0x00000000eaf80000, 0x0000000100000000)
  eden space 2560K, 100% used [0x00000000eab00000,0x00000000ead80000,0x00000000ead80000)
  from space 1024K, 59% used [0x00000000ead80000,0x00000000eae18000,0x00000000eae80000)
  to   space 1024K, 0% used [0x00000000eae80000,0x00000000eae80000,0x00000000eaf80000)
 ParOldGen       total 267776K, used 267337K [0x00000000c0000000, 0x00000000d0580000, 0x00000000eab00000)
  object space 267776K, 99% used [0x00000000c0000000,0x00000000d0512420,0x00000000d0580000)
 Metaspace       used 63604K, committed 65024K, reserved 1114112K
  class space    used 6316K, committed 6912K, reserved 1048576K
}
Event: 42.935 GC heap after
{Heap after GC invocations=275 (full 3):
 PSYoungGen      total 3584K, used 768K [0x00000000eab00000, 0x00000000eaf80000, 0x0000000100000000)
  eden space 2560K, 0% used [0x00000000eab00000,0x00000000eab00000,0x00000000ead80000)
  from space 1024K, 75% used [0x00000000eae80000,0x00000000eaf40000,0x00000000eaf80000)
  to   space 1024K, 0% used [0x00000000ead80000,0x00000000ead80000,0x00000000eae80000)
 ParOldGen       total 268288K, used 267838K [0x00000000c0000000, 0x00000000d0600000, 0x00000000eab00000)
  object space 268288K, 99% used [0x00000000c0000000,0x00000000d058f868,0x00000000d0600000)
 Metaspace       used 63604K, committed 65024K, reserved 1114112K
  class space    used 6316K, committed 6912K, reserved 1048576K
}
Event: 42.956 GC heap before
{Heap before GC invocations=276 (full 3):
 PSYoungGen      total 3584K, used 3328K [0x00000000eab00000, 0x00000000eaf80000, 0x0000000100000000)
  eden space 2560K, 100% used [0x00000000eab00000,0x00000000ead80000,0x00000000ead80000)
  from space 1024K, 75% used [0x00000000eae80000,0x00000000eaf40000,0x00000000eaf80000)
  to   space 1024K, 0% used [0x00000000ead80000,0x00000000ead80000,0x00000000eae80000)
 ParOldGen       total 268288K, used 267838K [0x00000000c0000000, 0x00000000d0600000, 0x00000000eab00000)
  object space 268288K, 99% used [0x00000000c0000000,0x00000000d058f868,0x00000000d0600000)
 Metaspace       used 63620K, committed 65024K, reserved 1114112K
  class space    used 6319K, committed 6912K, reserved 1048576K
}
Event: 42.960 GC heap after
{Heap after GC invocations=276 (full 3):
 PSYoungGen      total 3584K, used 764K [0x00000000eab00000, 0x00000000eaf80000, 0x0000000100000000)
  eden space 2560K, 0% used [0x00000000eab00000,0x00000000eab00000,0x00000000ead80000)
  from space 1024K, 74% used [0x00000000ead80000,0x00000000eae3f340,0x00000000eae80000)
  to   space 1024K, 0% used [0x00000000eae80000,0x00000000eae80000,0x00000000eaf80000)
 ParOldGen       total 268800K, used 268354K [0x00000000c0000000, 0x00000000d0680000, 0x00000000eab00000)
  object space 268800K, 99% used [0x00000000c0000000,0x00000000d0610838,0x00000000d0680000)
 Metaspace       used 63620K, committed 65024K, reserved 1114112K
  class space    used 6319K, committed 6912K, reserved 1048576K
}
Event: 43.003 GC heap before
{Heap before GC invocations=277 (full 3):
 PSYoungGen      total 3584K, used 3323K [0x00000000eab00000, 0x00000000eaf80000, 0x0000000100000000)
  eden space 2560K, 99% used [0x00000000eab00000,0x00000000ead7fb60,0x00000000ead80000)
  from space 1024K, 74% used [0x00000000ead80000,0x00000000eae3f340,0x00000000eae80000)
  to   space 1024K, 0% used [0x00000000eae80000,0x00000000eae80000,0x00000000eaf80000)
 ParOldGen       total 268800K, used 268354K [0x00000000c0000000, 0x00000000d0680000, 0x00000000eab00000)
  object space 268800K, 99% used [0x00000000c0000000,0x00000000d0610838,0x00000000d0680000)
 Metaspace       used 63641K, committed 65024K, reserved 1114112K
  class space    used 6322K, committed 6912K, reserved 1048576K
}
Event: 43.007 GC heap after
{Heap after GC invocations=277 (full 3):
 PSYoungGen      total 3584K, used 704K [0x00000000eab00000, 0x00000000eaf80000, 0x0000000100000000)
  eden space 2560K, 0% used [0x00000000eab00000,0x00000000eab00000,0x00000000ead80000)
  from space 1024K, 68% used [0x00000000eae80000,0x00000000eaf30000,0x00000000eaf80000)
  to   space 1024K, 0% used [0x00000000ead80000,0x00000000ead80000,0x00000000eae80000)
 ParOldGen       total 269312K, used 268810K [0x00000000c0000000, 0x00000000d0700000, 0x00000000eab00000)
  object space 269312K, 99% used [0x00000000c0000000,0x00000000d0682bc8,0x00000000d0700000)
 Metaspace       used 63641K, committed 65024K, reserved 1114112K
  class space    used 6322K, committed 6912K, reserved 1048576K
}
Event: 43.034 GC heap before
{Heap before GC invocations=278 (full 3):
 PSYoungGen      total 3584K, used 3264K [0x00000000eab00000, 0x00000000eaf80000, 0x0000000100000000)
  eden space 2560K, 100% used [0x00000000eab00000,0x00000000ead80000,0x00000000ead80000)
  from space 1024K, 68% used [0x00000000eae80000,0x00000000eaf30000,0x00000000eaf80000)
  to   space 1024K, 0% used [0x00000000ead80000,0x00000000ead80000,0x00000000eae80000)
 ParOldGen       total 269312K, used 268810K [0x00000000c0000000, 0x00000000d0700000, 0x00000000eab00000)
  object space 269312K, 99% used [0x00000000c0000000,0x00000000d0682bc8,0x00000000d0700000)
 Metaspace       used 63686K, committed 65088K, reserved 1114112K
  class space    used 6326K, committed 6912K, reserved 1048576K
}
Event: 43.039 GC heap after
{Heap after GC invocations=278 (full 3):
 PSYoungGen      total 3584K, used 701K [0x00000000eab00000, 0x00000000eaf80000, 0x0000000100000000)
  eden space 2560K, 0% used [0x00000000eab00000,0x00000000eab00000,0x00000000ead80000)
  from space 1024K, 68% used [0x00000000ead80000,0x00000000eae2f670,0x00000000eae80000)
  to   space 1024K, 0% used [0x00000000eae80000,0x00000000eae80000,0x00000000eaf80000)
 ParOldGen       total 269824K, used 269347K [0x00000000c0000000, 0x00000000d0780000, 0x00000000eab00000)
  object space 269824K, 99% used [0x00000000c0000000,0x00000000d0708c08,0x00000000d0780000)
 Metaspace       used 63686K, committed 65088K, reserved 1114112K
  class space    used 6326K, committed 6912K, reserved 1048576K
}
Event: 43.063 GC heap before
{Heap before GC invocations=279 (full 3):
 PSYoungGen      total 3584K, used 3261K [0x00000000eab00000, 0x00000000eaf80000, 0x0000000100000000)
  eden space 2560K, 100% used [0x00000000eab00000,0x00000000ead80000,0x00000000ead80000)
  from space 1024K, 68% used [0x00000000ead80000,0x00000000eae2f670,0x00000000eae80000)
  to   space 1024K, 0% used [0x00000000eae80000,0x00000000eae80000,0x00000000eaf80000)
 ParOldGen       total 269824K, used 269347K [0x00000000c0000000, 0x00000000d0780000, 0x00000000eab00000)
  object space 269824K, 99% used [0x00000000c0000000,0x00000000d0708c08,0x00000000d0780000)
 Metaspace       used 63736K, committed 65152K, reserved 1114112K
  class space    used 6336K, committed 6976K, reserved 1048576K
}
Event: 43.067 GC heap after
{Heap after GC invocations=279 (full 3):
 PSYoungGen      total 3584K, used 647K [0x00000000eab00000, 0x00000000eaf80000, 0x0000000100000000)
  eden space 2560K, 0% used [0x00000000eab00000,0x00000000eab00000,0x00000000ead80000)
  from space 1024K, 63% used [0x00000000eae80000,0x00000000eaf21e40,0x00000000eaf80000)
  to   space 1024K, 0% used [0x00000000ead80000,0x00000000ead80000,0x00000000eae80000)
 ParOldGen       total 270336K, used 269904K [0x00000000c0000000, 0x00000000d0800000, 0x00000000eab00000)
  object space 270336K, 99% used [0x00000000c0000000,0x00000000d0794008,0x00000000d0800000)
 Metaspace       used 63736K, committed 65152K, reserved 1114112K
  class space    used 6336K, committed 6976K, reserved 1048576K
}
Event: 43.115 GC heap before
{Heap before GC invocations=280 (full 3):
 PSYoungGen      total 3584K, used 3207K [0x00000000eab00000, 0x00000000eaf80000, 0x0000000100000000)
  eden space 2560K, 100% used [0x00000000eab00000,0x00000000ead80000,0x00000000ead80000)
  from space 1024K, 63% used [0x00000000eae80000,0x00000000eaf21e40,0x00000000eaf80000)
  to   space 1024K, 0% used [0x00000000ead80000,0x00000000ead80000,0x00000000eae80000)
 ParOldGen       total 270336K, used 269904K [0x00000000c0000000, 0x00000000d0800000, 0x00000000eab00000)
  object space 270336K, 99% used [0x00000000c0000000,0x00000000d0794008,0x00000000d0800000)
 Metaspace       used 63786K, committed 65216K, reserved 1114112K
  class space    used 6345K, committed 6976K, reserved 1048576K
}
Event: 43.122 GC heap after
{Heap after GC invocations=280 (full 3):
 PSYoungGen      total 3584K, used 666K [0x00000000eab00000, 0x00000000eaf80000, 0x0000000100000000)
  eden space 2560K, 0% used [0x00000000eab00000,0x00000000eab00000,0x00000000ead80000)
  from space 1024K, 65% used [0x00000000ead80000,0x00000000eae26b40,0x00000000eae80000)
  to   space 1024K, 0% used [0x00000000eae80000,0x00000000eae80000,0x00000000eaf80000)
 ParOldGen       total 270848K, used 270420K [0x00000000c0000000, 0x00000000d0880000, 0x00000000eab00000)
  object space 270848K, 99% used [0x00000000c0000000,0x00000000d0815310,0x00000000d0880000)
 Metaspace       used 63786K, committed 65216K, reserved 1114112K
  class space    used 6345K, committed 6976K, reserved 1048576K
}
Event: 43.161 GC heap before
{Heap before GC invocations=281 (full 3):
 PSYoungGen      total 3584K, used 3226K [0x00000000eab00000, 0x00000000eaf80000, 0x0000000100000000)
  eden space 2560K, 100% used [0x00000000eab00000,0x00000000ead80000,0x00000000ead80000)
  from space 1024K, 65% used [0x00000000ead80000,0x00000000eae26b40,0x00000000eae80000)
  to   space 1024K, 0% used [0x00000000eae80000,0x00000000eae80000,0x00000000eaf80000)
 ParOldGen       total 270848K, used 270420K [0x00000000c0000000, 0x00000000d0880000, 0x00000000eab00000)
  object space 270848K, 99% used [0x00000000c0000000,0x00000000d0815310,0x00000000d0880000)
 Metaspace       used 63813K, committed 65216K, reserved 1114112K
  class space    used 6346K, committed 6976K, reserved 1048576K
}
Event: 43.166 GC heap after
{Heap after GC invocations=281 (full 3):
 PSYoungGen      total 3584K, used 576K [0x00000000eab00000, 0x00000000eaf80000, 0x0000000100000000)
  eden space 2560K, 0% used [0x00000000eab00000,0x00000000eab00000,0x00000000ead80000)
  from space 1024K, 56% used [0x00000000eae80000,0x00000000eaf10000,0x00000000eaf80000)
  to   space 1024K, 0% used [0x00000000ead80000,0x00000000ead80000,0x00000000eae80000)
 ParOldGen       total 271360K, used 270983K [0x00000000c0000000, 0x00000000d0900000, 0x00000000eab00000)
  object space 271360K, 99% used [0x00000000c0000000,0x00000000d08a1d98,0x00000000d0900000)
 Metaspace       used 63813K, committed 65216K, reserved 1114112K
  class space    used 6346K, committed 6976K, reserved 1048576K
}
Event: 43.183 GC heap before
{Heap before GC invocations=282 (full 3):
 PSYoungGen      total 3584K, used 3136K [0x00000000eab00000, 0x00000000eaf80000, 0x0000000100000000)
  eden space 2560K, 100% used [0x00000000eab00000,0x00000000ead80000,0x00000000ead80000)
  from space 1024K, 56% used [0x00000000eae80000,0x00000000eaf10000,0x00000000eaf80000)
  to   space 1024K, 0% used [0x00000000ead80000,0x00000000ead80000,0x00000000eae80000)
 ParOldGen       total 271360K, used 270983K [0x00000000c0000000, 0x00000000d0900000, 0x00000000eab00000)
  object space 271360K, 99% used [0x00000000c0000000,0x00000000d08a1d98,0x00000000d0900000)
 Metaspace       used 63816K, committed 65216K, reserved 1114112K
  class space    used 6346K, committed 6976K, reserved 1048576K
}
Event: 43.187 GC heap after
{Heap after GC invocations=282 (full 3):
 PSYoungGen      total 3584K, used 640K [0x00000000eab00000, 0x00000000eaf80000, 0x0000000100000000)
  eden space 2560K, 0% used [0x00000000eab00000,0x00000000eab00000,0x00000000ead80000)
  from space 1024K, 62% used [0x00000000ead80000,0x00000000eae20000,0x00000000eae80000)
  to   space 1024K, 0% used [0x00000000eae80000,0x00000000eae80000,0x00000000eaf80000)
 ParOldGen       total 271872K, used 271394K [0x00000000c0000000, 0x00000000d0980000, 0x00000000eab00000)
  object space 271872K, 99% used [0x00000000c0000000,0x00000000d09088a0,0x00000000d0980000)
 Metaspace       used 63816K, committed 65216K, reserved 1114112K
  class space    used 6346K, committed 6976K, reserved 1048576K
}
Event: 43.225 GC heap before
{Heap before GC invocations=283 (full 3):
 PSYoungGen      total 3584K, used 3200K [0x00000000eab00000, 0x00000000eaf80000, 0x0000000100000000)
  eden space 2560K, 100% used [0x00000000eab00000,0x00000000ead80000,0x00000000ead80000)
  from space 1024K, 62% used [0x00000000ead80000,0x00000000eae20000,0x00000000eae80000)
  to   space 1024K, 0% used [0x00000000eae80000,0x00000000eae80000,0x00000000eaf80000)
 ParOldGen       total 271872K, used 271394K [0x00000000c0000000, 0x00000000d0980000, 0x00000000eab00000)
  object space 271872K, 99% used [0x00000000c0000000,0x00000000d09088a0,0x00000000d0980000)
 Metaspace       used 63823K, committed 65280K, reserved 1114112K
  class space    used 6346K, committed 6976K, reserved 1048576K
}
Event: 43.233 GC heap after
{Heap after GC invocations=283 (full 3):
 PSYoungGen      total 3584K, used 736K [0x00000000eab00000, 0x00000000eaf80000, 0x0000000100000000)
  eden space 2560K, 0% used [0x00000000eab00000,0x00000000eab00000,0x00000000ead80000)
  from space 1024K, 71% used [0x00000000eae80000,0x00000000eaf38000,0x00000000eaf80000)
  to   space 1024K, 0% used [0x00000000ead80000,0x00000000ead80000,0x00000000eae80000)
 ParOldGen       total 271872K, used 271806K [0x00000000c0000000, 0x00000000d0980000, 0x00000000eab00000)
  object space 271872K, 99% used [0x00000000c0000000,0x00000000d096f8b0,0x00000000d0980000)
 Metaspace       used 63823K, committed 65280K, reserved 1114112K
  class space    used 6346K, committed 6976K, reserved 1048576K
}
Event: 43.286 GC heap before
{Heap before GC invocations=284 (full 3):
 PSYoungGen      total 3584K, used 3296K [0x00000000eab00000, 0x00000000eaf80000, 0x0000000100000000)
  eden space 2560K, 100% used [0x00000000eab00000,0x00000000ead80000,0x00000000ead80000)
  from space 1024K, 71% used [0x00000000eae80000,0x00000000eaf38000,0x00000000eaf80000)
  to   space 1024K, 0% used [0x00000000ead80000,0x00000000ead80000,0x00000000eae80000)
 ParOldGen       total 271872K, used 271806K [0x00000000c0000000, 0x00000000d0980000, 0x00000000eab00000)
  object space 271872K, 99% used [0x00000000c0000000,0x00000000d096f8b0,0x00000000d0980000)
 Metaspace       used 63838K, committed 65280K, reserved 1114112K
  class space    used 6346K, committed 6976K, reserved 1048576K
}
Event: 43.292 GC heap after
{Heap after GC invocations=284 (full 3):
 PSYoungGen      total 3584K, used 384K [0x00000000eab00000, 0x00000000eaf80000, 0x0000000100000000)
  eden space 2560K, 0% used [0x00000000eab00000,0x00000000eab00000,0x00000000ead80000)
  from space 1024K, 37% used [0x00000000ead80000,0x00000000eade0000,0x00000000eae80000)
  to   space 1024K, 0% used [0x00000000eae80000,0x00000000eae80000,0x00000000eaf80000)
 ParOldGen       total 272384K, used 272341K [0x00000000c0000000, 0x00000000d0a00000, 0x00000000eab00000)
  object space 272384K, 99% used [0x00000000c0000000,0x00000000d09f5428,0x00000000d0a00000)
 Metaspace       used 63838K, committed 65280K, reserved 1114112K
  class space    used 6346K, committed 6976K, reserved 1048576K
}

Dll operation events (10 events):
Event: 0.020 Loaded shared library c:\Users\yassm\.vscode\extensions\redhat.java-1.42.0-win32-x64\jre\21.0.7-win32-x86_64\bin\java.dll
Event: 0.165 Loaded shared library c:\Users\yassm\.vscode\extensions\redhat.java-1.42.0-win32-x64\jre\21.0.7-win32-x86_64\bin\zip.dll
Event: 0.313 Loaded shared library C:\Users\yassm\.vscode\extensions\redhat.java-1.42.0-win32-x64\jre\21.0.7-win32-x86_64\bin\instrument.dll
Event: 0.336 Loaded shared library C:\Users\yassm\.vscode\extensions\redhat.java-1.42.0-win32-x64\jre\21.0.7-win32-x86_64\bin\net.dll
Event: 0.378 Loaded shared library C:\Users\yassm\.vscode\extensions\redhat.java-1.42.0-win32-x64\jre\21.0.7-win32-x86_64\bin\nio.dll
Event: 0.410 Loaded shared library C:\Users\yassm\.vscode\extensions\redhat.java-1.42.0-win32-x64\jre\21.0.7-win32-x86_64\bin\zip.dll
Event: 0.482 Loaded shared library C:\Users\yassm\.vscode\extensions\redhat.java-1.42.0-win32-x64\jre\21.0.7-win32-x86_64\bin\jimage.dll
Event: 0.881 Loaded shared library c:\Users\yassm\.vscode\extensions\redhat.java-1.42.0-win32-x64\jre\21.0.7-win32-x86_64\bin\verify.dll
Event: 3.618 Loaded shared library C:\Users\yassm\AppData\Roaming\Code\User\globalStorage\redhat.java\1.42.0\config_win\org.eclipse.equinox.launcher\org.eclipse.equinox.launcher.win32.win32.x86_64_1.2.1300.v20250331-1702\eclipse_11911.dll
Event: 6.797 Loaded shared library C:\Users\yassm\AppData\Local\Temp\jna-114749957\jna8264309905765276223.dll

Deoptimization events (20 events):
Event: 42.825 Thread 0x000001ad0453f6f0 DEOPT PACKING pc=0x000001ad2c6ce94d sp=0x0000008fff0fce80
Event: 42.825 Thread 0x000001ad0453f6f0 DEOPT UNPACKING pc=0x000001ad320b4242 sp=0x0000008fff0fc3b8 mode 0
Event: 42.922 Thread 0x000001ad0453f6f0 DEOPT PACKING pc=0x000001ad2c6ce94d sp=0x0000008fff0fcd20
Event: 42.922 Thread 0x000001ad0453f6f0 DEOPT UNPACKING pc=0x000001ad320b4242 sp=0x0000008fff0fc258 mode 0
Event: 43.174 Thread 0x000001ad04bcd820 DEOPT PACKING pc=0x000001ad2c6ce94d sp=0x0000008f80cfdee0
Event: 43.175 Thread 0x000001ad04bcd820 DEOPT UNPACKING pc=0x000001ad320b4242 sp=0x0000008f80cfd420 mode 0
Event: 43.176 Thread 0x000001ad04bccb00 DEOPT PACKING pc=0x000001ad2c6ce94d sp=0x0000008f80bfdcb0
Event: 43.176 Thread 0x000001ad04bccb00 DEOPT UNPACKING pc=0x000001ad320b4242 sp=0x0000008f80bfd1e8 mode 0
Event: 43.180 Thread 0x000001ad04bccb00 DEOPT PACKING pc=0x000001ad2c6ce94d sp=0x0000008f80bfdc10
Event: 43.180 Thread 0x000001ad04bccb00 DEOPT UNPACKING pc=0x000001ad320b4242 sp=0x0000008f80bfd148 mode 0
Event: 43.187 Thread 0x000001ad04bcd820 DEOPT PACKING pc=0x000001ad2c6ce94d sp=0x0000008f80cfdc80
Event: 43.188 Thread 0x000001ad04bcd820 DEOPT UNPACKING pc=0x000001ad320b4242 sp=0x0000008f80cfd1b8 mode 0
Event: 43.189 Thread 0x000001ad04bcd820 DEOPT PACKING pc=0x000001ad2c6ce94d sp=0x0000008f80cfd9f0
Event: 43.189 Thread 0x000001ad04bcd820 DEOPT UNPACKING pc=0x000001ad320b4242 sp=0x0000008f80cfcf28 mode 0
Event: 43.191 Thread 0x000001ad04bcd820 DEOPT PACKING pc=0x000001ad2c6ce94d sp=0x0000008f80cfdbd0
Event: 43.191 Thread 0x000001ad04bcd820 DEOPT UNPACKING pc=0x000001ad320b4242 sp=0x0000008f80cfd108 mode 0
Event: 43.244 Thread 0x000001ad04bd3400 Uncommon trap: trap_request=0xffffff45 fr.pc=0x000001ad32d82428 relative=0x00000000000011c8
Event: 43.244 Thread 0x000001ad04bd3400 Uncommon trap: reason=unstable_if action=reinterpret pc=0x000001ad32d82428 method=org.codehaus.plexus.util.xml.pull.MXParser.nextImpl()I @ 973 c2
Event: 43.244 Thread 0x000001ad04bd3400 DEOPT PACKING pc=0x000001ad32d82428 sp=0x0000008f809fe310
Event: 43.244 Thread 0x000001ad04bd3400 DEOPT UNPACKING pc=0x000001ad320b3aa2 sp=0x0000008f809fe288 mode 2

Classes loaded (20 events):
Event: 24.140 Loading class java/util/stream/Node$Builder$OfInt done
Event: 24.140 Loading class java/util/stream/Nodes$IntArrayNode
Event: 24.140 Loading class java/util/stream/Nodes$IntArrayNode done
Event: 24.140 Loading class java/util/stream/Nodes$IntFixedNodeBuilder done
Event: 24.141 Loading class java/util/stream/ReferencePipeline$4$1
Event: 24.143 Loading class java/util/stream/ReferencePipeline$4$1 done
Event: 29.548 Loading class java/util/ArrayDeque$DeqSpliterator
Event: 29.548 Loading class java/util/ArrayDeque$DeqSpliterator done
Event: 33.662 Loading class sun/nio/cs/ISO_8859_1$Encoder
Event: 33.663 Loading class sun/nio/cs/ISO_8859_1$Encoder done
Event: 33.664 Loading class sun/nio/cs/Surrogate$Parser
Event: 33.665 Loading class sun/nio/cs/Surrogate$Parser done
Event: 33.665 Loading class sun/nio/cs/Surrogate
Event: 33.665 Loading class sun/nio/cs/Surrogate done
Event: 42.151 Loading class java/util/stream/DistinctOps
Event: 42.151 Loading class java/util/stream/DistinctOps done
Event: 42.152 Loading class java/util/stream/DistinctOps$1
Event: 42.152 Loading class java/util/stream/DistinctOps$1 done
Event: 42.172 Loading class java/util/stream/DistinctOps$1$2
Event: 42.174 Loading class java/util/stream/DistinctOps$1$2 done

Classes unloaded (7 events):
Event: 7.936 Thread 0x000001ad255605f0 Unloading class 0x000001ad3d1a3c00 'java/lang/invoke/LambdaForm$MH+0x000001ad3d1a3c00'
Event: 7.936 Thread 0x000001ad255605f0 Unloading class 0x000001ad3d1a3800 'java/lang/invoke/LambdaForm$MH+0x000001ad3d1a3800'
Event: 7.936 Thread 0x000001ad255605f0 Unloading class 0x000001ad3d1a3400 'java/lang/invoke/LambdaForm$MH+0x000001ad3d1a3400'
Event: 7.936 Thread 0x000001ad255605f0 Unloading class 0x000001ad3d1a3000 'java/lang/invoke/LambdaForm$MH+0x000001ad3d1a3000'
Event: 7.936 Thread 0x000001ad255605f0 Unloading class 0x000001ad3d1a2c00 'java/lang/invoke/LambdaForm$BMH+0x000001ad3d1a2c00'
Event: 7.936 Thread 0x000001ad255605f0 Unloading class 0x000001ad3d1a2800 'java/lang/invoke/LambdaForm$DMH+0x000001ad3d1a2800'
Event: 7.936 Thread 0x000001ad255605f0 Unloading class 0x000001ad3d1a1400 'java/lang/invoke/LambdaForm$DMH+0x000001ad3d1a1400'

Classes redefined (0 events):
No events

Internal exceptions (20 events):
Event: 23.931 Thread 0x000001ad04bd2050 Implicit null exception at 0x000001ad32b347ca to 0x000001ad32b34848
Event: 24.376 Thread 0x000001ad04bd2050 Implicit null exception at 0x000001ad32b00d9e to 0x000001ad32b0100c
Event: 26.211 Thread 0x000001ad04bd2050 Exception <a 'java/lang/NoSuchMethodError'{0x00000000eac1e4d8}: 'java.lang.Object java.lang.invoke.DirectMethodHandle$Holder.newInvokeSpecial(java.lang.Object, java.lang.Object, java.lang.Object, java.lang.Object, int)'> (0x00000000eac1e4d8) 
thrown [s\src\hotspot\share\interpreter\linkResolver.cpp, line 773]
Event: 26.213 Thread 0x000001ad04bd2050 Exception <a 'java/lang/NoSuchMethodError'{0x00000000eac225c0}: 'java.lang.Object java.lang.invoke.DirectMethodHandle$Holder.invokeSpecial(java.lang.Object, java.lang.Object, java.lang.Object, java.lang.Object, java.lang.Object, int)'> (0x00000000eac225c0) 
thrown [s\src\hotspot\share\interpreter\linkResolver.cpp, line 773]
Event: 26.214 Thread 0x000001ad04bd2050 Exception <a 'java/lang/NoSuchMethodError'{0x00000000eac26040}: 'java.lang.Object java.lang.invoke.Invokers$Holder.linkToTargetMethod(java.lang.Object, java.lang.Object, java.lang.Object, int, java.lang.Object)'> (0x00000000eac26040) 
thrown [s\src\hotspot\share\interpreter\linkResolver.cpp, line 773]
Event: 35.477 Thread 0x000001ad04bd2050 Implicit null exception at 0x000001ad32c11e28 to 0x000001ad32c11fa0
Event: 36.315 Thread 0x000001ad0453f6f0 Exception <a 'sun/nio/fs/WindowsException'{0x00000000ead5b768}> (0x00000000ead5b768) 
thrown [s\src\hotspot\share\prims\jni.cpp, line 520]
Event: 36.316 Thread 0x000001ad0453f6f0 Exception <a 'sun/nio/fs/WindowsException'{0x00000000ead5bd98}> (0x00000000ead5bd98) 
thrown [s\src\hotspot\share\prims\jni.cpp, line 520]
Event: 37.434 Thread 0x000001ad0453f6f0 Exception <a 'java/lang/NoSuchMethodError'{0x00000000eacff4c0}: 'void java.lang.invoke.DirectMethodHandle$Holder.invokeStatic(java.lang.Object, java.lang.Object, java.lang.Object, int)'> (0x00000000eacff4c0) 
thrown [s\src\hotspot\share\interpreter\linkResolver.cpp, line 773]
Event: 37.453 Thread 0x000001ad0453f6f0 Exception <a 'java/lang/NoSuchMethodError'{0x00000000ead4cf30}: 'void java.lang.invoke.DirectMethodHandle$Holder.invokeVirtual(java.lang.Object, java.lang.Object, int)'> (0x00000000ead4cf30) 
thrown [s\src\hotspot\share\interpreter\linkResolver.cpp, line 773]
Event: 40.118 Thread 0x000001ad0453f6f0 Exception <a 'java/lang/NoSuchMethodError'{0x00000000eaca3260}: 'void java.lang.invoke.DirectMethodHandle$Holder.invokeInterface(java.lang.Object, java.lang.Object)'> (0x00000000eaca3260) 
thrown [s\src\hotspot\share\interpreter\linkResolver.cpp, line 773]
Event: 42.181 Thread 0x000001ad0453f6f0 Exception <a 'java/lang/NoSuchMethodError'{0x00000000eace5f78}: 'java.lang.Object java.lang.invoke.DirectMethodHandle$Holder.newInvokeSpecial(java.lang.Object, java.lang.Object, int, java.lang.Object, java.lang.Object)'> (0x00000000eace5f78) 
thrown [s\src\hotspot\share\interpreter\linkResolver.cpp, line 773]
Event: 42.206 Thread 0x000001ad0453f6f0 Exception <a 'java/lang/NoSuchMethodError'{0x00000000eac41b10}: 'java.lang.Object java.lang.invoke.DirectMethodHandle$Holder.invokeSpecial(java.lang.Object, java.lang.Object, java.lang.Object, int, java.lang.Object, java.lang.Object, java.lang.Object)'> (0x00000000eac41b10) 
thrown [s\src\hotspot\share\interpreter\linkResolver.cpp, line 773]
Event: 42.452 Thread 0x000001ad0453f6f0 Exception <a 'java/lang/NoSuchMethodError'{0x00000000eacbc630}: 'java.lang.Object java.lang.invoke.DirectMethodHandle$Holder.invokeStatic(java.lang.Object, java.lang.Object, int, java.lang.Object, java.lang.Object)'> (0x00000000eacbc630) 
thrown [s\src\hotspot\share\interpreter\linkResolver.cpp, line 773]
Event: 42.453 Thread 0x000001ad0453f6f0 Exception <a 'java/lang/NoSuchMethodError'{0x00000000eacf2ee0}: 'java.lang.Object java.lang.invoke.DirectMethodHandle$Holder.newInvokeSpecial(java.lang.Object, java.lang.Object, int)'> (0x00000000eacf2ee0) 
thrown [s\src\hotspot\share\interpreter\linkResolver.cpp, line 773]
Event: 42.517 Thread 0x000001ad0453f6f0 Exception <a 'java/lang/NoSuchMethodError'{0x00000000eacb4cd0}: 'void java.lang.invoke.DirectMethodHandle$Holder.invokeStatic(java.lang.Object, int)'> (0x00000000eacb4cd0) 
thrown [s\src\hotspot\share\interpreter\linkResolver.cpp, line 773]
Event: 42.985 Thread 0x000001ad0453f6f0 Exception <a 'java/io/FileNotFoundException'{0x00000000eacc8b00}> (0x00000000eacc8b00) 
thrown [s\src\hotspot\share\prims\jni.cpp, line 520]
Event: 42.986 Thread 0x000001ad0453f6f0 Exception <a 'java/io/FileNotFoundException'{0x00000000eacc9da0}> (0x00000000eacc9da0) 
thrown [s\src\hotspot\share\prims\jni.cpp, line 520]
Event: 42.987 Thread 0x000001ad0453f6f0 Exception <a 'java/io/FileNotFoundException'{0x00000000ead709e8}> (0x00000000ead709e8) 
thrown [s\src\hotspot\share\prims\jni.cpp, line 520]
Event: 43.041 Thread 0x000001ad0453f6f0 Exception <a 'java/lang/NoSuchMethodError'{0x00000000eab033c8}: 'int java.lang.invoke.DirectMethodHandle$Holder.invokeStatic(java.lang.Object, java.lang.Object, java.lang.Object, java.lang.Object, java.lang.Object, java.lang.Object)'> (0x00000000eab033c8) 
thrown [s\src\hotspot\share\interpreter\linkResolver.cpp, line 773]

ZGC Phase Switch (0 events):
No events

VM Operations (20 events):
Event: 42.929 Executing VM operation: ParallelGCFailedAllocation (Allocation Failure)
Event: 42.935 Executing VM operation: ParallelGCFailedAllocation (Allocation Failure) done
Event: 42.955 Executing VM operation: ParallelGCFailedAllocation (Allocation Failure)
Event: 42.960 Executing VM operation: ParallelGCFailedAllocation (Allocation Failure) done
Event: 42.987 Executing VM operation: ParallelGCFailedAllocation (Allocation Failure)
Event: 43.007 Executing VM operation: ParallelGCFailedAllocation (Allocation Failure) done
Event: 43.034 Executing VM operation: ParallelGCFailedAllocation (Allocation Failure)
Event: 43.039 Executing VM operation: ParallelGCFailedAllocation (Allocation Failure) done
Event: 43.062 Executing VM operation: ParallelGCFailedAllocation (Allocation Failure)
Event: 43.067 Executing VM operation: ParallelGCFailedAllocation (Allocation Failure) done
Event: 43.115 Executing VM operation: ParallelGCFailedAllocation (Allocation Failure)
Event: 43.122 Executing VM operation: ParallelGCFailedAllocation (Allocation Failure) done
Event: 43.151 Executing VM operation: ParallelGCFailedAllocation (Allocation Failure)
Event: 43.166 Executing VM operation: ParallelGCFailedAllocation (Allocation Failure) done
Event: 43.182 Executing VM operation: ParallelGCFailedAllocation (Allocation Failure)
Event: 43.187 Executing VM operation: ParallelGCFailedAllocation (Allocation Failure) done
Event: 43.208 Executing VM operation: ParallelGCFailedAllocation (Allocation Failure)
Event: 43.233 Executing VM operation: ParallelGCFailedAllocation (Allocation Failure) done
Event: 43.286 Executing VM operation: ParallelGCFailedAllocation (Allocation Failure)
Event: 43.292 Executing VM operation: ParallelGCFailedAllocation (Allocation Failure) done

Memory protections (0 events):
No events

Nmethod flushes (20 events):
Event: 24.751 Thread 0x000001ad255605f0 flushing  nmethod 0x000001ad2b356410
Event: 24.751 Thread 0x000001ad255605f0 flushing  nmethod 0x000001ad2b356910
Event: 24.751 Thread 0x000001ad255605f0 flushing  nmethod 0x000001ad2b359e10
Event: 24.751 Thread 0x000001ad255605f0 flushing  nmethod 0x000001ad2b35b410
Event: 24.751 Thread 0x000001ad255605f0 flushing  nmethod 0x000001ad2b35cf90
Event: 24.751 Thread 0x000001ad255605f0 flushing  nmethod 0x000001ad2b37b990
Event: 24.751 Thread 0x000001ad255605f0 flushing  nmethod 0x000001ad2b381710
Event: 24.751 Thread 0x000001ad255605f0 flushing osr nmethod 0x000001ad2b3c0b10
Event: 24.751 Thread 0x000001ad255605f0 flushing  nmethod 0x000001ad2b3ddc10
Event: 24.751 Thread 0x000001ad255605f0 flushing  nmethod 0x000001ad2b3f0510
Event: 24.751 Thread 0x000001ad255605f0 flushing  nmethod 0x000001ad2b3f6690
Event: 24.751 Thread 0x000001ad255605f0 flushing  nmethod 0x000001ad2b400a10
Event: 24.751 Thread 0x000001ad255605f0 flushing  nmethod 0x000001ad2b421410
Event: 24.751 Thread 0x000001ad255605f0 flushing  nmethod 0x000001ad2b450c90
Event: 24.751 Thread 0x000001ad255605f0 flushing  nmethod 0x000001ad2b457610
Event: 24.751 Thread 0x000001ad255605f0 flushing  nmethod 0x000001ad2b45ba10
Event: 24.751 Thread 0x000001ad255605f0 flushing  nmethod 0x000001ad2b460a10
Event: 24.751 Thread 0x000001ad255605f0 flushing  nmethod 0x000001ad2b46d090
Event: 24.751 Thread 0x000001ad255605f0 flushing  nmethod 0x000001ad2b471a90
Event: 24.751 Thread 0x000001ad255605f0 flushing  nmethod 0x000001ad2b478a90

Events (20 events):
Event: 40.172 Thread 0x000001ad0453f6f0 Thread added: 0x000001ad04bcbde0
Event: 40.173 Thread 0x000001ad0453f6f0 Thread added: 0x000001ad04bd3400
Event: 40.174 Thread 0x000001ad0453f6f0 Thread added: 0x000001ad04bcd820
Event: 40.174 Thread 0x000001ad0453f6f0 Thread added: 0x000001ad04bcc470
Event: 40.174 Thread 0x000001ad0453f6f0 Thread added: 0x000001ad04bccb00
Event: 41.546 Thread 0x000001ad04bcc470 Thread exited: 0x000001ad04bcc470
Event: 41.546 Thread 0x000001ad04bcd820 Thread exited: 0x000001ad04bcd820
Event: 41.547 Thread 0x000001ad04bcbde0 Thread exited: 0x000001ad04bcbde0
Event: 41.548 Thread 0x000001ad04bccb00 Thread exited: 0x000001ad04bccb00
Event: 41.552 Thread 0x000001ad04bd3400 Thread exited: 0x000001ad04bd3400
Event: 43.140 Thread 0x000001ad0453f6f0 Thread added: 0x000001ad04bcbde0
Event: 43.140 Thread 0x000001ad0453f6f0 Thread added: 0x000001ad04bd3400
Event: 43.141 Thread 0x000001ad0453f6f0 Thread added: 0x000001ad04bcc470
Event: 43.141 Thread 0x000001ad0453f6f0 Thread added: 0x000001ad04bccb00
Event: 43.141 Thread 0x000001ad0453f6f0 Thread added: 0x000001ad04bcd820
Event: 43.298 Thread 0x000001ad04bcbde0 Thread exited: 0x000001ad04bcbde0
Event: 43.298 Thread 0x000001ad04bccb00 Thread exited: 0x000001ad04bccb00
Event: 43.298 Thread 0x000001ad04bd3400 Thread exited: 0x000001ad04bd3400
Event: 43.299 Thread 0x000001ad04bcd820 Thread exited: 0x000001ad04bcd820
Event: 43.308 Thread 0x000001ad04bcc470 Thread exited: 0x000001ad04bcc470


Dynamic libraries:
0x00007ff7fc5d0000 - 0x00007ff7fc5de000 	c:\Users\yassm\.vscode\extensions\redhat.java-1.42.0-win32-x64\jre\21.0.7-win32-x86_64\bin\java.exe
0x00007ffbdce20000 - 0x00007ffbdd029000 	C:\WINDOWS\SYSTEM32\ntdll.dll
0x00007ffbdac70000 - 0x00007ffbdad2d000 	C:\WINDOWS\System32\KERNEL32.DLL
0x00007ffbda2b0000 - 0x00007ffbda634000 	C:\WINDOWS\System32\KERNELBASE.dll
0x00007ffbda640000 - 0x00007ffbda751000 	C:\WINDOWS\System32\ucrtbase.dll
0x00007ffbd69a0000 - 0x00007ffbd69be000 	c:\Users\yassm\.vscode\extensions\redhat.java-1.42.0-win32-x64\jre\21.0.7-win32-x86_64\bin\VCRUNTIME140.dll
0x00007ffbc9620000 - 0x00007ffbc9638000 	c:\Users\yassm\.vscode\extensions\redhat.java-1.42.0-win32-x64\jre\21.0.7-win32-x86_64\bin\jli.dll
0x00007ffbdb3a0000 - 0x00007ffbdb54d000 	C:\WINDOWS\System32\USER32.dll
0x00007ffbda760000 - 0x00007ffbda786000 	C:\WINDOWS\System32\win32u.dll
0x00007ffbdc950000 - 0x00007ffbdc97a000 	C:\WINDOWS\System32\GDI32.dll
0x00007ffbc8590000 - 0x00007ffbc8835000 	C:\WINDOWS\WinSxS\amd64_microsoft.windows.common-controls_6595b64144ccf1df_6.0.22000.120_none_9d947278b86cc467\COMCTL32.dll
0x00007ffbdab50000 - 0x00007ffbdac6e000 	C:\WINDOWS\System32\gdi32full.dll
0x00007ffbda790000 - 0x00007ffbda82d000 	C:\WINDOWS\System32\msvcp_win.dll
0x00007ffbdae40000 - 0x00007ffbdaee3000 	C:\WINDOWS\System32\msvcrt.dll
0x00007ffbdc770000 - 0x00007ffbdc7a1000 	C:\WINDOWS\System32\IMM32.DLL
0x0000000071d90000 - 0x0000000071d9c000 	C:\Program Files (x86)\360\Total Security\safemon\SafeWrapper.dll
0x00007ffbdb8d0000 - 0x00007ffbdb97e000 	C:\WINDOWS\System32\ADVAPI32.dll
0x00007ffbdada0000 - 0x00007ffbdae3e000 	C:\WINDOWS\System32\sechost.dll
0x00007ffbdcaa0000 - 0x00007ffbdcbc1000 	C:\WINDOWS\System32\RPCRT4.dll
0x00007ffb989c0000 - 0x00007ffb98a6c000 	C:\Program Files (x86)\360\Total Security\safemon\libzdtp64.dll
0x00007ffbdbae0000 - 0x00007ffbdc2a5000 	C:\WINDOWS\System32\SHELL32.dll
0x00007ffbdc710000 - 0x00007ffbdc76d000 	C:\WINDOWS\System32\SHLWAPI.dll
0x00007ffbd9c50000 - 0x00007ffbd9c5a000 	C:\WINDOWS\SYSTEM32\VERSION.dll
0x00007ffbd6ac0000 - 0x00007ffbd6acc000 	c:\Users\yassm\.vscode\extensions\redhat.java-1.42.0-win32-x64\jre\21.0.7-win32-x86_64\bin\vcruntime140_1.dll
0x00007ffbbf830000 - 0x00007ffbbf8bd000 	c:\Users\yassm\.vscode\extensions\redhat.java-1.42.0-win32-x64\jre\21.0.7-win32-x86_64\bin\msvcp140.dll
0x00007ffb9d270000 - 0x00007ffb9e000000 	c:\Users\yassm\.vscode\extensions\redhat.java-1.42.0-win32-x64\jre\21.0.7-win32-x86_64\bin\server\jvm.dll
0x00007ffbdad30000 - 0x00007ffbdad9f000 	C:\WINDOWS\System32\WS2_32.dll
0x00007ffbda190000 - 0x00007ffbda1dd000 	C:\WINDOWS\SYSTEM32\POWRPROF.dll
0x00007ffbd3930000 - 0x00007ffbd3963000 	C:\WINDOWS\SYSTEM32\WINMM.dll
0x00007ffbda160000 - 0x00007ffbda173000 	C:\WINDOWS\SYSTEM32\UMPDC.dll
0x00007ffbd9280000 - 0x00007ffbd9298000 	C:\WINDOWS\SYSTEM32\kernel.appcore.dll
0x00007ffbd6a30000 - 0x00007ffbd6a3a000 	c:\Users\yassm\.vscode\extensions\redhat.java-1.42.0-win32-x64\jre\21.0.7-win32-x86_64\bin\jimage.dll
0x00007ffbd1330000 - 0x00007ffbd1551000 	C:\WINDOWS\SYSTEM32\DBGHELP.DLL
0x00007ffbc76b0000 - 0x00007ffbc76e1000 	C:\WINDOWS\SYSTEM32\dbgcore.DLL
0x00007ffbdaad0000 - 0x00007ffbdab4f000 	C:\WINDOWS\System32\bcryptPrimitives.dll
0x00007ffbd4d40000 - 0x00007ffbd4d4f000 	c:\Users\yassm\.vscode\extensions\redhat.java-1.42.0-win32-x64\jre\21.0.7-win32-x86_64\bin\instrument.dll
0x00007ffbc7d60000 - 0x00007ffbc7d7f000 	c:\Users\yassm\.vscode\extensions\redhat.java-1.42.0-win32-x64\jre\21.0.7-win32-x86_64\bin\java.dll
0x00007ffbd82d0000 - 0x00007ffbd8b32000 	C:\WINDOWS\SYSTEM32\windows.storage.dll
0x00007ffbdb550000 - 0x00007ffbdb8c6000 	C:\WINDOWS\System32\combase.dll
0x00007ffbd8160000 - 0x00007ffbd82c7000 	C:\WINDOWS\SYSTEM32\wintypes.dll
0x00007ffbdcc50000 - 0x00007ffbdcd3a000 	C:\WINDOWS\System32\SHCORE.dll
0x00007ffbda1e0000 - 0x00007ffbda205000 	C:\WINDOWS\SYSTEM32\profapi.dll
0x00007ffbc70f0000 - 0x00007ffbc7108000 	c:\Users\yassm\.vscode\extensions\redhat.java-1.42.0-win32-x64\jre\21.0.7-win32-x86_64\bin\zip.dll
0x00007ffbd4d20000 - 0x00007ffbd4d30000 	C:\Users\yassm\.vscode\extensions\redhat.java-1.42.0-win32-x64\jre\21.0.7-win32-x86_64\bin\net.dll
0x00007ffbd4960000 - 0x00007ffbd4a74000 	C:\WINDOWS\SYSTEM32\WINHTTP.dll
0x00007ffbd9740000 - 0x00007ffbd97a7000 	C:\WINDOWS\system32\mswsock.dll
0x00007ffbc70b0000 - 0x00007ffbc70c6000 	C:\Users\yassm\.vscode\extensions\redhat.java-1.42.0-win32-x64\jre\21.0.7-win32-x86_64\bin\nio.dll
0x00007ffbd4640000 - 0x00007ffbd4650000 	c:\Users\yassm\.vscode\extensions\redhat.java-1.42.0-win32-x64\jre\21.0.7-win32-x86_64\bin\verify.dll
0x00007ffbc20f0000 - 0x00007ffbc2135000 	C:\Users\yassm\AppData\Roaming\Code\User\globalStorage\redhat.java\1.42.0\config_win\org.eclipse.equinox.launcher\org.eclipse.equinox.launcher.win32.win32.x86_64_1.2.1300.v20250331-1702\eclipse_11911.dll
0x00007ffbdc7b0000 - 0x00007ffbdc94a000 	C:\WINDOWS\System32\ole32.dll
0x00007ffbd99a0000 - 0x00007ffbd99b8000 	C:\WINDOWS\SYSTEM32\CRYPTSP.dll
0x00007ffbd91e0000 - 0x00007ffbd9215000 	C:\WINDOWS\system32\rsaenh.dll
0x00007ffbd9850000 - 0x00007ffbd987c000 	C:\WINDOWS\SYSTEM32\USERENV.dll
0x00007ffbd9b20000 - 0x00007ffbd9b47000 	C:\WINDOWS\SYSTEM32\bcrypt.dll
0x00007ffbd99c0000 - 0x00007ffbd99cc000 	C:\WINDOWS\SYSTEM32\CRYPTBASE.dll
0x00007ffbd8d90000 - 0x00007ffbd8dbd000 	C:\WINDOWS\SYSTEM32\IPHLPAPI.DLL
0x00007ffbdc2b0000 - 0x00007ffbdc2b9000 	C:\WINDOWS\System32\NSI.dll
0x00007ffbc01c0000 - 0x00007ffbc0209000 	C:\Users\yassm\AppData\Local\Temp\jna-114749957\jna8264309905765276223.dll
0x00007ffbdc450000 - 0x00007ffbdc458000 	C:\WINDOWS\System32\PSAPI.DLL
0x00007ffbd3f10000 - 0x00007ffbd3f29000 	C:\WINDOWS\SYSTEM32\dhcpcsvc6.DLL
0x00007ffbd4ef0000 - 0x00007ffbd4f0e000 	C:\WINDOWS\SYSTEM32\dhcpcsvc.DLL

dbghelp: loaded successfully - version: 4.0.5 - missing functions: none
symbol engine: initialized successfully - sym options: 0x614 - pdb path: .;c:\Users\yassm\.vscode\extensions\redhat.java-1.42.0-win32-x64\jre\21.0.7-win32-x86_64\bin;C:\WINDOWS\SYSTEM32;C:\WINDOWS\WinSxS\amd64_microsoft.windows.common-controls_6595b64144ccf1df_6.0.22000.120_none_9d947278b86cc467;C:\Program Files (x86)\360\Total Security\safemon;c:\Users\yassm\.vscode\extensions\redhat.java-1.42.0-win32-x64\jre\21.0.7-win32-x86_64\bin\server;C:\Users\yassm\AppData\Roaming\Code\User\globalStorage\redhat.java\1.42.0\config_win\org.eclipse.equinox.launcher\org.eclipse.equinox.launcher.win32.win32.x86_64_1.2.1300.v20250331-1702;C:\Users\yassm\AppData\Local\Temp\jna-114749957

VM Arguments:
jvm_args: --add-modules=ALL-SYSTEM --add-opens=java.base/java.util=ALL-UNNAMED --add-opens=java.base/java.lang=ALL-UNNAMED --add-opens=java.base/sun.nio.fs=ALL-UNNAMED -Declipse.application=org.eclipse.jdt.ls.core.id1 -Dosgi.bundles.defaultStartLevel=4 -Declipse.product=org.eclipse.jdt.ls.core.product -Djava.import.generatesMetadataFilesAtProjectRoot=false -DDetectVMInstallationsJob.disabled=true -Dfile.encoding=utf8 -XX:+UseParallelGC -XX:GCTimeRatio=4 -XX:AdaptiveSizePolicyWeight=90 -Dsun.zip.disableMemoryMapping=true -Xmx1G -Xms100m -Xlog:disable -javaagent:c:\Users\yassm\.vscode\extensions\redhat.java-1.42.0-win32-x64\lombok\lombok-1.18.36.jar -XX:+HeapDumpOnOutOfMemoryError -XX:HeapDumpPath=c:\Users\yassm\AppData\Roaming\Code\User\workspaceStorage\01b6eb0d43ef3d27e35b615da00195a7\redhat.java -Daether.dependencyCollector.impl=bf 
java_command: c:\Users\yassm\.vscode\extensions\redhat.java-1.42.0-win32-x64\server\plugins\org.eclipse.equinox.launcher_1.7.0.v20250424-1814.jar -configuration c:\Users\yassm\AppData\Roaming\Code\User\globalStorage\redhat.java\1.42.0\config_win -data c:\Users\yassm\AppData\Roaming\Code\User\workspaceStorage\01b6eb0d43ef3d27e35b615da00195a7\redhat.java\jdt_ws --pipe=\\.\pipe\lsp-4587a378dc80a4e5d4c90cfb0d5cddf8-sock
java_class_path (initial): c:\Users\yassm\.vscode\extensions\redhat.java-1.42.0-win32-x64\server\plugins\org.eclipse.equinox.launcher_1.7.0.v20250424-1814.jar
Launcher Type: SUN_STANDARD

[Global flags]
    uintx AdaptiveSizePolicyWeight                 = 90                                        {product} {command line}
     intx CICompilerCount                          = 4                                         {product} {ergonomic}
    uintx GCTimeRatio                              = 4                                         {product} {command line}
     bool HeapDumpOnOutOfMemoryError               = true                                   {manageable} {command line}
    ccstr HeapDumpPath                             = c:\Users\yassm\AppData\Roaming\Code\User\workspaceStorage\01b6eb0d43ef3d27e35b615da00195a7\redhat.java         {manageable} {command line}
   size_t InitialHeapSize                          = 104857600                                 {product} {command line}
   size_t MaxHeapSize                              = 1073741824                                {product} {command line}
   size_t MaxNewSize                               = 357564416                                 {product} {ergonomic}
   size_t MinHeapDeltaBytes                        = 524288                                    {product} {ergonomic}
   size_t MinHeapSize                              = 104857600                                 {product} {command line}
   size_t NewSize                                  = 34603008                                  {product} {ergonomic}
    uintx NonNMethodCodeHeapSize                   = 5839372                                {pd product} {ergonomic}
    uintx NonProfiledCodeHeapSize                  = 122909434                              {pd product} {ergonomic}
   size_t OldSize                                  = 70254592                                  {product} {ergonomic}
    uintx ProfiledCodeHeapSize                     = 122909434                              {pd product} {ergonomic}
    uintx ReservedCodeCacheSize                    = 251658240                              {pd product} {ergonomic}
     bool SegmentedCodeCache                       = true                                      {product} {ergonomic}
   size_t SoftMaxHeapSize                          = 1073741824                             {manageable} {ergonomic}
     bool UseCompressedOops                        = true                           {product lp64_product} {ergonomic}
     bool UseLargePagesIndividualAllocation        = false                                  {pd product} {ergonomic}
     bool UseParallelGC                            = true                                      {product} {command line}

Logging:
Log output configuration:
 #0: stdout all=off uptime,level,tags foldmultilines=false
 #1: stderr all=off uptime,level,tags foldmultilines=false

Environment Variables:
JAVA_HOME=C:\Program Files\Java\jdk-17
PATH=C:\Program Files\Common Files\Oracle\Java\javapath;C:\Program Files (x86)\VMware\VMware Workstation\bin\;C:\oraclexe\app\oracle\product\11.2.0\server\bin;C:\Program Files (x86)\Common Files\Oracle\Java\javapath;C:\Windows\system32;C:\Windows;C:\Windows\System32\Wbem;C:\Windows\System32\WindowsPowerShell\v1.0\;C:\Windows\System32\OpenSSH\;C:\WINDOWS\system32;C:\WINDOWS;C:\WINDOWS\System32\Wbem;C:\WINDOWS\System32\WindowsPowerShell\v1.0\;C:\WINDOWS\System32\OpenSSH\;C:\Program Files\Microsoft SQL Server\150\Tools\Binn\;C:\Program Files\Microsoft SQL Server\Client SDK\ODBC\170\Tools\Binn\;C:\Program Files\dotnet\;C:\Program Files\Java\jdk-17\bin;C:\Program Files (x86)\Microsoft SQL Server\110\DTS\Binn\;C:\Program Files (x86)\Microsoft SQL Server\110\Tools\Binn\;C:\Program Files (x86)\Microsoft SQL Server\110\Tools\Binn\ManagementStudio\;C:\Program Files (x86)\Microsoft Visual Studio 10.0\Common7\IDE\PrivateAssemblies\;C:\ProgramData\chocolatey\bin;C:\spark\bin;C:\Program Files\Java\jdk-17\bin;C:\Users\yassm\AppData\Local\Programs\Python\Python312\pythonw.exe;C:\Program Files\nodejs\;C:\Program Files\Git\cmd;C:\Users\yassm\AppData\Local\Programs\Python\Launcher\;C:\Users\yassm\AppData\Local\Microsoft\WindowsApps;C:\Users\yassm\AppData\Local\Programs\Microsoft VS Code\bin;C:\Users\yassm\.dotnet\tools;C:\Program Files\JetBrains\IntelliJ IDEA 2022.2.1\bin;;C:\Users\yassm\AppData\Local\Programs\Python\Python312\;C:\apache-maven-3.9.9-bin\apache-maven-3.9.9\bin;C:\Users\yassm\AppData\Local\Microsoft\WinGet\Packages\Schniz.fnm_Microsoft.Winget.Source_8wekyb3d8bbwe;C:\Users\yassm\AppData\Roaming\npm
USERNAME=yassm
OS=Windows_NT
PROCESSOR_IDENTIFIER=AMD64 Family 23 Model 24 Stepping 1, AuthenticAMD
TMP=C:\Users\yassm\AppData\Local\Temp
TEMP=C:\Users\yassm\AppData\Local\Temp




Periodic native trim disabled

---------------  S Y S T E M  ---------------

OS:
 Windows 11 , 64 bit Build 22000 (10.0.22000.2538)
OS uptime: 6 days 1:24 hours
Hyper-V role detected

CPU: total 8 (initial active 8) (8 cores per cpu, 2 threads per core) family 23 model 24 stepping 1 microcode 0x0, cx8, cmov, fxsr, ht, mmx, 3dnowpref, sse, sse2, sse3, ssse3, sse4a, sse4.1, sse4.2, popcnt, lzcnt, tsc, tscinvbit, avx, avx2, aes, clmul, bmi1, bmi2, adx, sha, fma, vzeroupper, clflush, clflushopt, hv, rdtscp, f16c
Processor Information for the first 8 processors :
  Max Mhz: 2100, Current Mhz: 2100, Mhz Limit: 2100

Memory: 4k page, system-wide physical 6091M (320M free)
TotalPageFile size 24523M (AvailPageFile size 34M)
current process WorkingSet (physical memory assigned to process): 518M, peak: 581M
current process commit charge ("private bytes"): 536M, peak: 564M

vm_info: OpenJDK 64-Bit Server VM (21.0.7+6-LTS) for windows-amd64 JRE (21.0.7+6-LTS), built on 2025-04-15T00:00:00Z by "admin" with MS VC++ 17.7 (VS2022)

END.
