#
# There is insufficient memory for the Java Runtime Environment to continue.
# Native memory allocation (malloc) failed to allocate 1311456 bytes. Error detail: Chunk::new
# Possible reasons:
#   The system is out of physical RAM or swap space
#   This process is running with CompressedOops enabled, and the Java Heap may be blocking the growth of the native heap
# Possible solutions:
#   Reduce memory load on the system
#   Increase physical memory or swap space
#   Check if swap backing store is full
#   Decrease Java heap size (-Xmx/-Xms)
#   Decrease number of Java threads
#   Decrease Java thread stack sizes (-Xss)
#   Set larger code cache with -XX:ReservedCodeCacheSize=
#   JVM is running with Unscaled Compressed Oops mode in which the Java heap is
#     placed in the first 4GB address space. The Java Heap base address is the
#     maximum limit for the native heap growth. Please use -XX:HeapBaseMinAddress
#     to set the Java Heap base and to place the Java Heap above 4GB virtual address.
# This output file may be truncated or incomplete.
#
#  Out of Memory Error (arena.cpp:168), pid=40508, tid=64640
#
# JRE version: OpenJDK Runtime Environment Temurin-21.0.7+6 (21.0.7+6) (build 21.0.7+6-LTS)
# Java VM: OpenJDK 64-Bit Server VM Temurin-21.0.7+6 (21.0.7+6-LTS, mixed mode, sharing, tiered, compressed oops, compressed class ptrs, parallel gc, windows-amd64)
# No core dump will be written. Minidumps are not enabled by default on client versions of Windows
#

---------------  S U M M A R Y ------------

Command Line: --add-modules=ALL-SYSTEM --add-opens=java.base/java.util=ALL-UNNAMED --add-opens=java.base/java.lang=ALL-UNNAMED --add-opens=java.base/sun.nio.fs=ALL-UNNAMED -Declipse.application=org.eclipse.jdt.ls.core.id1 -Dosgi.bundles.defaultStartLevel=4 -Declipse.product=org.eclipse.jdt.ls.core.product -Djava.import.generatesMetadataFilesAtProjectRoot=false -DDetectVMInstallationsJob.disabled=true -Dfile.encoding=utf8 -XX:+UseParallelGC -XX:GCTimeRatio=4 -XX:AdaptiveSizePolicyWeight=90 -Dsun.zip.disableMemoryMapping=true -Xmx1G -Xms100m -Xlog:disable -javaagent:c:\Users\yassm\.vscode\extensions\redhat.java-1.42.0-win32-x64\lombok\lombok-1.18.36.jar -XX:+HeapDumpOnOutOfMemoryError -XX:HeapDumpPath=c:\Users\yassm\AppData\Roaming\Code\User\workspaceStorage\01b6eb0d43ef3d27e35b615da00195a7\redhat.java -Daether.dependencyCollector.impl=bf c:\Users\yassm\.vscode\extensions\redhat.java-1.42.0-win32-x64\server\plugins\org.eclipse.equinox.launcher_1.7.0.v20250424-1814.jar -configuration c:\Users\yassm\AppData\Roaming\Code\User\globalStorage\redhat.java\1.42.0\config_win -data c:\Users\yassm\AppData\Roaming\Code\User\workspaceStorage\01b6eb0d43ef3d27e35b615da00195a7\redhat.java\jdt_ws --pipe=\\.\pipe\lsp-4bcc4d64de9cc078bb24842de2255d63-sock

Host: AMD Ryzen 5 3500U with Radeon Vega Mobile Gfx  , 8 cores, 5G,  Windows 11 , 64 bit Build 22000 (10.0.22000.2538)
Time: Mon Jun  9 10:38:04 2025 Afr. centrale Ouest elapsed time: 16.616426 seconds (0d 0h 0m 16s)

---------------  T H R E A D  ---------------

Current thread (0x0000015df082ae60):  JavaThread "C2 CompilerThread1" daemon [_thread_in_native, id=64640, stack(0x00000052cfd00000,0x00000052cfe00000) (1024K)]


Current CompileTask:
C2:16616 7544 % !   4       org.eclipse.jdt.internal.compiler.classfmt.ClassFileReader::<init> @ 81 (2135 bytes)

Stack: [0x00000052cfd00000,0x00000052cfe00000]
Native frames: (J=compiled Java code, j=interpreted, Vv=VM code, C=native code)
V  [jvm.dll+0x6ce119]
V  [jvm.dll+0x8a84a1]
V  [jvm.dll+0x8aa9ce]
V  [jvm.dll+0x8ab0b3]
V  [jvm.dll+0x27f8a6]
V  [jvm.dll+0xc507d]
V  [jvm.dll+0xc55b3]
V  [jvm.dll+0x2f2c6d]
V  [jvm.dll+0x5f6bca]
V  [jvm.dll+0x250cb2]
V  [jvm.dll+0x25106f]
V  [jvm.dll+0x249934]
V  [jvm.dll+0x246fc4]
V  [jvm.dll+0x1c760e]
V  [jvm.dll+0x25695a]
V  [jvm.dll+0x254efa]
V  [jvm.dll+0x3f03f6]
V  [jvm.dll+0x851f6b]
V  [jvm.dll+0x6cc7dd]
C  [ucrtbase.dll+0x26c0c]
C  [KERNEL32.DLL+0x153e0]
C  [ntdll.dll+0x485b]


---------------  P R O C E S S  ---------------

Threads class SMR info:
_java_thread_list=0x0000015df1fff0b0, length=42, elements={
0x0000015d91114240, 0x0000015d935cdd80, 0x0000015da78cec20, 0x0000015da78d2640,
0x0000015da78d3190, 0x0000015da78d87f0, 0x0000015da78dc870, 0x0000015da78e2f70,
0x0000015da78e3ab0, 0x0000015dea3f4720, 0x0000015dea63b1e0, 0x0000015def5a3510,
0x0000015def203120, 0x0000015deae5fc20, 0x0000015def0fbbd0, 0x0000015deae82580,
0x0000015deae81ef0, 0x0000015deae83930, 0x0000015deae80b40, 0x0000015deae811d0,
0x0000015deae81860, 0x0000015df082ae60, 0x0000015def6fc020, 0x0000015def6f98c0,
0x0000015def6fa5e0, 0x0000015def6fb300, 0x0000015def6fc6b0, 0x0000015def6fe0f0,
0x0000015def6fee10, 0x0000015def6fb990, 0x0000015def6fd3d0, 0x0000015def6fda60,
0x0000015def6f8ba0, 0x0000015def6f9230, 0x0000015def6f9f50, 0x0000015def6fe780,
0x0000015def6fac70, 0x0000015def6f7e80, 0x0000015def6ff4a0, 0x0000015df16578a0,
0x0000015df1654420, 0x0000015df1654ab0
}

Java Threads: ( => current thread )
  0x0000015d91114240 JavaThread "main"                              [_thread_blocked, id=63876, stack(0x00000052cf000000,0x00000052cf100000) (1024K)]
  0x0000015d935cdd80 JavaThread "Reference Handler"          daemon [_thread_blocked, id=36204, stack(0x00000052cf400000,0x00000052cf500000) (1024K)]
  0x0000015da78cec20 JavaThread "Finalizer"                  daemon [_thread_blocked, id=51248, stack(0x00000052cf500000,0x00000052cf600000) (1024K)]
  0x0000015da78d2640 JavaThread "Signal Dispatcher"          daemon [_thread_blocked, id=34164, stack(0x00000052cf600000,0x00000052cf700000) (1024K)]
  0x0000015da78d3190 JavaThread "Attach Listener"            daemon [_thread_blocked, id=54092, stack(0x00000052cf700000,0x00000052cf800000) (1024K)]
  0x0000015da78d87f0 JavaThread "Service Thread"             daemon [_thread_blocked, id=37680, stack(0x00000052cf800000,0x00000052cf900000) (1024K)]
  0x0000015da78dc870 JavaThread "Monitor Deflation Thread"   daemon [_thread_blocked, id=44520, stack(0x00000052cf900000,0x00000052cfa00000) (1024K)]
  0x0000015da78e2f70 JavaThread "C2 CompilerThread0"         daemon [_thread_in_native, id=52520, stack(0x00000052cfa00000,0x00000052cfb00000) (1024K)]
  0x0000015da78e3ab0 JavaThread "C1 CompilerThread0"         daemon [_thread_blocked, id=61872, stack(0x00000052cfb00000,0x00000052cfc00000) (1024K)]
  0x0000015dea3f4720 JavaThread "Common-Cleaner"             daemon [_thread_blocked, id=36212, stack(0x00000052cfc00000,0x00000052cfd00000) (1024K)]
  0x0000015dea63b1e0 JavaThread "Notification Thread"        daemon [_thread_blocked, id=56292, stack(0x00000052cfe00000,0x00000052cff00000) (1024K)]
  0x0000015def5a3510 JavaThread "Active Thread: Equinox Container: 354e4abf-1955-412c-9fbd-04c364e1df4b"        [_thread_blocked, id=57296, stack(0x00000052d0600000,0x00000052d0700000) (1024K)]
  0x0000015def203120 JavaThread "Refresh Thread: Equinox Container: 354e4abf-1955-412c-9fbd-04c364e1df4b" daemon [_thread_blocked, id=35548, stack(0x00000052d0500000,0x00000052d0600000) (1024K)]
  0x0000015deae5fc20 JavaThread "Framework Event Dispatcher: Equinox Container: 354e4abf-1955-412c-9fbd-04c364e1df4b" daemon [_thread_blocked, id=29312, stack(0x00000052d0800000,0x00000052d0900000) (1024K)]
  0x0000015def0fbbd0 JavaThread "Start Level: Equinox Container: 354e4abf-1955-412c-9fbd-04c364e1df4b" daemon [_thread_blocked, id=24296, stack(0x00000052d0900000,0x00000052d0a00000) (1024K)]
  0x0000015deae82580 JavaThread "Bundle File Closer"         daemon [_thread_blocked, id=35316, stack(0x00000052d0b00000,0x00000052d0c00000) (1024K)]
  0x0000015deae81ef0 JavaThread "SCR Component Actor"        daemon [_thread_blocked, id=50160, stack(0x00000052d0c00000,0x00000052d0d00000) (1024K)]
  0x0000015deae83930 JavaThread "Worker-JM"                         [_thread_blocked, id=47148, stack(0x00000052d0a00000,0x00000052d0b00000) (1024K)]
  0x0000015deae80b40 JavaThread "JNA Cleaner"                daemon [_thread_blocked, id=44784, stack(0x00000052d0e00000,0x00000052d0f00000) (1024K)]
  0x0000015deae811d0 JavaThread "Worker-0: Building"                [_thread_blocked, id=50916, stack(0x00000052d0f00000,0x00000052d1000000) (1024K)]
  0x0000015deae81860 JavaThread "Worker-1"                          [_thread_blocked, id=40216, stack(0x00000052d1000000,0x00000052d1100000) (1024K)]
=>0x0000015df082ae60 JavaThread "C2 CompilerThread1"         daemon [_thread_in_native, id=64640, stack(0x00000052cfd00000,0x00000052cfe00000) (1024K)]
  0x0000015def6fc020 JavaThread "Worker-2"                          [_thread_blocked, id=41852, stack(0x00000052d1100000,0x00000052d1200000) (1024K)]
  0x0000015def6f98c0 JavaThread "Java indexing"              daemon [_thread_in_Java, id=61736, stack(0x00000052d1200000,0x00000052d1300000) (1024K)]
  0x0000015def6fa5e0 JavaThread "Worker-3"                          [_thread_blocked, id=46232, stack(0x00000052d1300000,0x00000052d1400000) (1024K)]
  0x0000015def6fb300 JavaThread "Worker-4: Java indexing... "        [_thread_blocked, id=56468, stack(0x00000052d1400000,0x00000052d1500000) (1024K)]
  0x0000015def6fc6b0 JavaThread "Thread-2"                   daemon [_thread_in_native, id=47976, stack(0x00000052d1500000,0x00000052d1600000) (1024K)]
  0x0000015def6fe0f0 JavaThread "Thread-3"                   daemon [_thread_in_native, id=58872, stack(0x00000052d1600000,0x00000052d1700000) (1024K)]
  0x0000015def6fee10 JavaThread "Thread-4"                   daemon [_thread_in_native, id=34692, stack(0x00000052d1700000,0x00000052d1800000) (1024K)]
  0x0000015def6fb990 JavaThread "Thread-5"                   daemon [_thread_in_native, id=65472, stack(0x00000052d1800000,0x00000052d1900000) (1024K)]
  0x0000015def6fd3d0 JavaThread "Thread-6"                   daemon [_thread_in_native, id=5448, stack(0x00000052d1900000,0x00000052d1a00000) (1024K)]
  0x0000015def6fda60 JavaThread "Thread-7"                   daemon [_thread_in_native, id=31316, stack(0x00000052d1a00000,0x00000052d1b00000) (1024K)]
  0x0000015def6f8ba0 JavaThread "Thread-8"                   daemon [_thread_in_native, id=65764, stack(0x00000052d1b00000,0x00000052d1c00000) (1024K)]
  0x0000015def6f9230 JavaThread "Thread-9"                   daemon [_thread_in_native, id=64304, stack(0x00000052d1c00000,0x00000052d1d00000) (1024K)]
  0x0000015def6f9f50 JavaThread "Thread-10"                  daemon [_thread_in_native, id=58848, stack(0x00000052d1d00000,0x00000052d1e00000) (1024K)]
  0x0000015def6fe780 JavaThread "pool-2-thread-1"                   [_thread_blocked, id=66464, stack(0x00000052d1e00000,0x00000052d1f00000) (1024K)]
  0x0000015def6fac70 JavaThread "WorkspaceEventsHandler"            [_thread_blocked, id=61864, stack(0x00000052d1f00000,0x00000052d2000000) (1024K)]
  0x0000015def6f7e80 JavaThread "pool-1-thread-1"                   [_thread_blocked, id=34788, stack(0x00000052d2000000,0x00000052d2100000) (1024K)]
  0x0000015def6ff4a0 JavaThread "Worker-5"                          [_thread_blocked, id=48620, stack(0x00000052d2100000,0x00000052d2200000) (1024K)]
  0x0000015df16578a0 JavaThread "LocalFile Deleter"          daemon [_thread_in_Java, id=5820, stack(0x00000052d0d00000,0x00000052d0e00000) (1024K)]
  0x0000015df1654420 JavaThread "LocalFile Deleter"          daemon [_thread_new, id=64136, stack(0x0000000000000000,0x0000000000000000) (0B)]
  0x0000015df1654ab0 JavaThread "LocalFile Deleter"          daemon [_thread_new, id=67244, stack(0x0000000000000000,0x0000000000000000) (0B)]
Total: 42

Other Threads:
  0x0000015da78c2f10 VMThread "VM Thread"                           [id=5440, stack(0x00000052cf300000,0x00000052cf400000) (1024K)]
  0x0000015d9358c4d0 WatcherThread "VM Periodic Task Thread"        [id=64836, stack(0x00000052cf200000,0x00000052cf300000) (1024K)]
  0x0000015d9353ebe0 WorkerThread "GC Thread#0"                     [id=59012, stack(0x00000052cf100000,0x00000052cf200000) (1024K)]
  0x0000015deacbb790 WorkerThread "GC Thread#1"                     [id=42296, stack(0x00000052cff00000,0x00000052d0000000) (1024K)]
  0x0000015deaeed760 WorkerThread "GC Thread#2"                     [id=58936, stack(0x00000052d0000000,0x00000052d0100000) (1024K)]
  0x0000015deab512b0 WorkerThread "GC Thread#3"                     [id=66376, stack(0x00000052d0100000,0x00000052d0200000) (1024K)]
  0x0000015deadfd020 WorkerThread "GC Thread#4"                     [id=61048, stack(0x00000052d0200000,0x00000052d0300000) (1024K)]
  0x0000015deadfd3c0 WorkerThread "GC Thread#5"                     [id=66592, stack(0x00000052d0300000,0x00000052d0400000) (1024K)]
  0x0000015dea6e1c90 WorkerThread "GC Thread#6"                     [id=33332, stack(0x00000052d0400000,0x00000052d0500000) (1024K)]
  0x0000015def034b40 WorkerThread "GC Thread#7"                     [id=24384, stack(0x00000052d0700000,0x00000052d0800000) (1024K)]
Total: 10

Threads with active compile tasks:
C2 CompilerThread0  16720 7551 %     4       org.eclipse.jdt.internal.core.search.indexing.BinaryIndexer::extractReferenceFromConstantPool @ 15 (358 bytes)
C2 CompilerThread1  16720 7544 % !   4       org.eclipse.jdt.internal.compiler.classfmt.ClassFileReader::<init> @ 81 (2135 bytes)
Total: 2

VM state: not at safepoint (normal execution)

VM Mutex/Monitor currently owned by a thread: None

Heap address: 0x00000000c0000000, size: 1024 MB, Compressed Oops mode: 32-bit

CDS archive(s) mapped at: [0x0000015da8000000-0x0000015da8ba0000-0x0000015da8ba0000), size 12189696, SharedBaseAddress: 0x0000015da8000000, ArchiveRelocationMode: 1.
Compressed class space mapped at: 0x0000015da9000000-0x0000015de9000000, reserved size: 1073741824
Narrow klass base: 0x0000015da8000000, Narrow klass shift: 0, Narrow klass range: 0x100000000

GC Precious Log:
 CardTable entry size: 512
 CPUs: 8 total, 8 available
 Memory: 6091M
 Large Page Support: Disabled
 NUMA Support: Disabled
 Compressed Oops: Enabled (32-bit)
 Alignments: Space 512K, Generation 512K, Heap 2M
 Heap Min Capacity: 100M
 Heap Initial Capacity: 100M
 Heap Max Capacity: 1G
 Pre-touch: Disabled
 Parallel Workers: 8

Heap:
 PSYoungGen      total 18944K, used 6877K [0x00000000eab00000, 0x00000000ec000000, 0x0000000100000000)
  eden space 16384K, 29% used [0x00000000eab00000,0x00000000eafb4130,0x00000000ebb00000)
  from space 2560K, 80% used [0x00000000ebb00000,0x00000000ebd03390,0x00000000ebd80000)
  to   space 2560K, 0% used [0x00000000ebd80000,0x00000000ebd80000,0x00000000ec000000)
 ParOldGen       total 68608K, used 44904K [0x00000000c0000000, 0x00000000c4300000, 0x00000000eab00000)
  object space 68608K, 65% used [0x00000000c0000000,0x00000000c2bda138,0x00000000c4300000)
 Metaspace       used 51128K, committed 52480K, reserved 1114112K
  class space    used 5390K, committed 6016K, reserved 1048576K

Card table byte_map: [0x0000015d92eb0000,0x0000015d930c0000] _byte_map_base: 0x0000015d928b0000

Marking Bits: (ParMarkBitMap*) 0x00007ffb9df231f0
 Begin Bits: [0x0000015da5700000, 0x0000015da6700000)
 End Bits:   [0x0000015da6700000, 0x0000015da7700000)

Polling page: 0x0000015d91380000

Metaspace:

Usage:
  Non-class:     44.67 MB used.
      Class:      5.26 MB used.
       Both:     49.93 MB used.

Virtual space:
  Non-class space:       64.00 MB reserved,      45.38 MB ( 71%) committed,  1 nodes.
      Class space:        1.00 GB reserved,       5.88 MB ( <1%) committed,  1 nodes.
             Both:        1.06 GB reserved,      51.25 MB (  5%) committed. 

Chunk freelists:
   Non-Class:  1.79 MB
       Class:  10.16 MB
        Both:  11.95 MB

MaxMetaspaceSize: unlimited
CompressedClassSpaceSize: 1.00 GB
Initial GC threshold: 21.00 MB
Current GC threshold: 58.38 MB
CDS: on
 - commit_granule_bytes: 65536.
 - commit_granule_words: 8192.
 - virtual_space_node_default_size: 8388608.
 - enlarge_chunks_in_place: 1.
 - use_allocation_guard: 0.


Internal statistics:

num_allocs_failed_limit: 6.
num_arena_births: 1028.
num_arena_deaths: 14.
num_vsnodes_births: 2.
num_vsnodes_deaths: 0.
num_space_committed: 820.
num_space_uncommitted: 0.
num_chunks_returned_to_freelist: 20.
num_chunks_taken_from_freelist: 3474.
num_chunk_merges: 12.
num_chunk_splits: 2114.
num_chunks_enlarged: 1106.
num_inconsistent_stats: 0.

CodeHeap 'non-profiled nmethods': size=120000Kb used=3037Kb max_used=3037Kb free=116962Kb
 bounds [0x0000015d9e1d0000, 0x0000015d9e4d0000, 0x0000015da5700000]
CodeHeap 'profiled nmethods': size=120000Kb used=13879Kb max_used=13879Kb free=106120Kb
 bounds [0x0000015d96700000, 0x0000015d97490000, 0x0000015d9dc30000]
CodeHeap 'non-nmethods': size=5760Kb used=1392Kb max_used=1434Kb free=4367Kb
 bounds [0x0000015d9dc30000, 0x0000015d9dea0000, 0x0000015d9e1d0000]
 total_blobs=7683 nmethods=6986 adapters=603
 compilation: enabled
              stopped_count=0, restarted_count=0
 full_count=0

Compilation events (20 events):
Event: 16.465 Thread 0x0000015da78e3ab0 nmethod 7585 0x0000015d9745e310 code [0x0000015d9745e540, 0x0000015d9745ed60]
Event: 16.544 Thread 0x0000015da78e3ab0 7588       3       org.eclipse.jdt.internal.compiler.parser.ScannerHelper::isWhitespace (26 bytes)
Event: 16.544 Thread 0x0000015da78e3ab0 nmethod 7588 0x0000015d9745ef90 code [0x0000015d9745f160, 0x0000015d9745f360]
Event: 16.577 Thread 0x0000015da78e3ab0 7589  s    3       java.io.ByteArrayInputStream::read (73 bytes)
Event: 16.579 Thread 0x0000015da78e3ab0 nmethod 7589 0x0000015d9745f490 code [0x0000015d9745f680, 0x0000015d9745fc60]
Event: 16.591 Thread 0x0000015da78e3ab0 7590       1       jdk.internal.jimage.decompressor.CompressedResourceHeader::getDecompressorNameOffset (5 bytes)
Event: 16.591 Thread 0x0000015da78e3ab0 nmethod 7590 0x0000015d9e4c5d90 code [0x0000015d9e4c5f20, 0x0000015d9e4c5fe8]
Event: 16.597 Thread 0x0000015da78e3ab0 7591       3       java.nio.HeapByteBuffer::getLong (30 bytes)
Event: 16.599 Thread 0x0000015da78e3ab0 nmethod 7591 0x0000015d9745fe10 code [0x0000015d97460080, 0x0000015d97460a60]
Event: 16.599 Thread 0x0000015da78e3ab0 7592   !   3       jdk.internal.misc.ScopedMemoryAccess::getLongUnaligned (18 bytes)
Event: 16.600 Thread 0x0000015da78e3ab0 nmethod 7592 0x0000015d97460e90 code [0x0000015d97461080, 0x0000015d97461598]
Event: 16.600 Thread 0x0000015da78e3ab0 7593       1       jdk.internal.jimage.decompressor.CompressedResourceHeader::getUncompressedSize (5 bytes)
Event: 16.600 Thread 0x0000015da78e3ab0 nmethod 7593 0x0000015d9e4c6090 code [0x0000015d9e4c6220, 0x0000015d9e4c62e8]
Event: 16.601 Thread 0x0000015da78e3ab0 7594       3       org.eclipse.jdt.core.Signature::appendTypeSignature (513 bytes)
Event: 16.604 Thread 0x0000015da78e3ab0 nmethod 7594 0x0000015d97461890 code [0x0000015d97461d40, 0x0000015d97463530]
Event: 16.604 Thread 0x0000015da78e3ab0 7595       3       org.eclipse.jdt.internal.compiler.impl.IrritantSet::clear (22 bytes)
Event: 16.605 Thread 0x0000015da78e3ab0 nmethod 7595 0x0000015d97463e90 code [0x0000015d97464040, 0x0000015d97464190]
Event: 16.605 Thread 0x0000015da78e3ab0 7596   !   3       org.eclipse.jdt.internal.compiler.classfmt.AnnotationInfo::decodeAnnotation (305 bytes)
Event: 16.608 Thread 0x0000015da78e3ab0 nmethod 7596 0x0000015d97464290 code [0x0000015d97464640, 0x0000015d97465db8]
Event: 16.608 Thread 0x0000015da78e3ab0 7597   !   3       jdk.xml.internal.SecuritySupport::readConfig (150 bytes)

GC Heap History (20 events):
Event: 12.896 GC heap before
{Heap before GC invocations=20 (full 2):
 PSYoungGen      total 25088K, used 24813K [0x00000000eab00000, 0x00000000ec680000, 0x0000000100000000)
  eden space 22016K, 100% used [0x00000000eab00000,0x00000000ec080000,0x00000000ec080000)
  from space 3072K, 91% used [0x00000000ec080000,0x00000000ec33b570,0x00000000ec380000)
  to   space 3072K, 0% used [0x00000000ec380000,0x00000000ec380000,0x00000000ec680000)
 ParOldGen       total 68608K, used 22531K [0x00000000c0000000, 0x00000000c4300000, 0x00000000eab00000)
  object space 68608K, 32% used [0x00000000c0000000,0x00000000c1600c60,0x00000000c4300000)
 Metaspace       used 44495K, committed 45824K, reserved 1114112K
  class space    used 4689K, committed 5312K, reserved 1048576K
}
Event: 12.904 GC heap after
{Heap after GC invocations=20 (full 2):
 PSYoungGen      total 24576K, used 2336K [0x00000000eab00000, 0x00000000ec600000, 0x0000000100000000)
  eden space 22016K, 0% used [0x00000000eab00000,0x00000000eab00000,0x00000000ec080000)
  from space 2560K, 91% used [0x00000000ec380000,0x00000000ec5c8010,0x00000000ec600000)
  to   space 2560K, 0% used [0x00000000ec100000,0x00000000ec100000,0x00000000ec380000)
 ParOldGen       total 68608K, used 25169K [0x00000000c0000000, 0x00000000c4300000, 0x00000000eab00000)
  object space 68608K, 36% used [0x00000000c0000000,0x00000000c1894538,0x00000000c4300000)
 Metaspace       used 44495K, committed 45824K, reserved 1114112K
  class space    used 4689K, committed 5312K, reserved 1048576K
}
Event: 13.169 GC heap before
{Heap before GC invocations=21 (full 2):
 PSYoungGen      total 24576K, used 24352K [0x00000000eab00000, 0x00000000ec600000, 0x0000000100000000)
  eden space 22016K, 100% used [0x00000000eab00000,0x00000000ec080000,0x00000000ec080000)
  from space 2560K, 91% used [0x00000000ec380000,0x00000000ec5c8010,0x00000000ec600000)
  to   space 2560K, 0% used [0x00000000ec100000,0x00000000ec100000,0x00000000ec380000)
 ParOldGen       total 68608K, used 25348K [0x00000000c0000000, 0x00000000c4300000, 0x00000000eab00000)
  object space 68608K, 36% used [0x00000000c0000000,0x00000000c18c12a8,0x00000000c4300000)
 Metaspace       used 45683K, committed 47040K, reserved 1114112K
  class space    used 4851K, committed 5440K, reserved 1048576K
}
Event: 13.178 GC heap after
{Heap after GC invocations=21 (full 2):
 PSYoungGen      total 24576K, used 2417K [0x00000000eab00000, 0x00000000ec580000, 0x0000000100000000)
  eden space 22016K, 0% used [0x00000000eab00000,0x00000000eab00000,0x00000000ec080000)
  from space 2560K, 94% used [0x00000000ec100000,0x00000000ec35c410,0x00000000ec380000)
  to   space 2048K, 0% used [0x00000000ec380000,0x00000000ec380000,0x00000000ec580000)
 ParOldGen       total 68608K, used 27476K [0x00000000c0000000, 0x00000000c4300000, 0x00000000eab00000)
  object space 68608K, 40% used [0x00000000c0000000,0x00000000c1ad52a8,0x00000000c4300000)
 Metaspace       used 45683K, committed 47040K, reserved 1114112K
  class space    used 4851K, committed 5440K, reserved 1048576K
}
Event: 13.388 GC heap before
{Heap before GC invocations=22 (full 2):
 PSYoungGen      total 24576K, used 24433K [0x00000000eab00000, 0x00000000ec580000, 0x0000000100000000)
  eden space 22016K, 100% used [0x00000000eab00000,0x00000000ec080000,0x00000000ec080000)
  from space 2560K, 94% used [0x00000000ec100000,0x00000000ec35c410,0x00000000ec380000)
  to   space 2048K, 0% used [0x00000000ec380000,0x00000000ec380000,0x00000000ec580000)
 ParOldGen       total 68608K, used 27480K [0x00000000c0000000, 0x00000000c4300000, 0x00000000eab00000)
  object space 68608K, 40% used [0x00000000c0000000,0x00000000c1ad60c0,0x00000000c4300000)
 Metaspace       used 46193K, committed 47488K, reserved 1114112K
  class space    used 4900K, committed 5504K, reserved 1048576K
}
Event: 13.396 GC heap after
{Heap after GC invocations=22 (full 2):
 PSYoungGen      total 22016K, used 2034K [0x00000000eab00000, 0x00000000eca80000, 0x0000000100000000)
  eden space 19968K, 0% used [0x00000000eab00000,0x00000000eab00000,0x00000000ebe80000)
  from space 2048K, 99% used [0x00000000ec380000,0x00000000ec57cbc8,0x00000000ec580000)
  to   space 5120K, 0% used [0x00000000ebe80000,0x00000000ebe80000,0x00000000ec380000)
 ParOldGen       total 68608K, used 30015K [0x00000000c0000000, 0x00000000c4300000, 0x00000000eab00000)
  object space 68608K, 43% used [0x00000000c0000000,0x00000000c1d4fde8,0x00000000c4300000)
 Metaspace       used 46193K, committed 47488K, reserved 1114112K
  class space    used 4900K, committed 5504K, reserved 1048576K
}
Event: 13.708 GC heap before
{Heap before GC invocations=23 (full 2):
 PSYoungGen      total 22016K, used 22002K [0x00000000eab00000, 0x00000000eca80000, 0x0000000100000000)
  eden space 19968K, 100% used [0x00000000eab00000,0x00000000ebe80000,0x00000000ebe80000)
  from space 2048K, 99% used [0x00000000ec380000,0x00000000ec57cbc8,0x00000000ec580000)
  to   space 5120K, 0% used [0x00000000ebe80000,0x00000000ebe80000,0x00000000ec380000)
 ParOldGen       total 68608K, used 30015K [0x00000000c0000000, 0x00000000c4300000, 0x00000000eab00000)
  object space 68608K, 43% used [0x00000000c0000000,0x00000000c1d4fde8,0x00000000c4300000)
 Metaspace       used 46460K, committed 47744K, reserved 1114112K
  class space    used 4922K, committed 5504K, reserved 1048576K
}
Event: 13.719 GC heap after
{Heap after GC invocations=23 (full 2):
 PSYoungGen      total 22528K, used 2395K [0x00000000eab00000, 0x00000000ec580000, 0x0000000100000000)
  eden space 19968K, 0% used [0x00000000eab00000,0x00000000eab00000,0x00000000ebe80000)
  from space 2560K, 93% used [0x00000000ebe80000,0x00000000ec0d6f08,0x00000000ec100000)
  to   space 3584K, 0% used [0x00000000ec200000,0x00000000ec200000,0x00000000ec580000)
 ParOldGen       total 68608K, used 31921K [0x00000000c0000000, 0x00000000c4300000, 0x00000000eab00000)
  object space 68608K, 46% used [0x00000000c0000000,0x00000000c1f2c4e0,0x00000000c4300000)
 Metaspace       used 46460K, committed 47744K, reserved 1114112K
  class space    used 4922K, committed 5504K, reserved 1048576K
}
Event: 14.053 GC heap before
{Heap before GC invocations=24 (full 2):
 PSYoungGen      total 22528K, used 22363K [0x00000000eab00000, 0x00000000ec580000, 0x0000000100000000)
  eden space 19968K, 100% used [0x00000000eab00000,0x00000000ebe80000,0x00000000ebe80000)
  from space 2560K, 93% used [0x00000000ebe80000,0x00000000ec0d6f08,0x00000000ec100000)
  to   space 3584K, 0% used [0x00000000ec200000,0x00000000ec200000,0x00000000ec580000)
 ParOldGen       total 68608K, used 31921K [0x00000000c0000000, 0x00000000c4300000, 0x00000000eab00000)
  object space 68608K, 46% used [0x00000000c0000000,0x00000000c1f2c4e0,0x00000000c4300000)
 Metaspace       used 46848K, committed 48192K, reserved 1114112K
  class space    used 4967K, committed 5568K, reserved 1048576K
}
Event: 14.062 GC heap after
{Heap after GC invocations=24 (full 2):
 PSYoungGen      total 22528K, used 2240K [0x00000000eab00000, 0x00000000ec480000, 0x0000000100000000)
  eden space 19968K, 0% used [0x00000000eab00000,0x00000000eab00000,0x00000000ebe80000)
  from space 2560K, 87% used [0x00000000ec200000,0x00000000ec430010,0x00000000ec480000)
  to   space 2560K, 0% used [0x00000000ebe80000,0x00000000ebe80000,0x00000000ec100000)
 ParOldGen       total 68608K, used 34226K [0x00000000c0000000, 0x00000000c4300000, 0x00000000eab00000)
  object space 68608K, 49% used [0x00000000c0000000,0x00000000c216c988,0x00000000c4300000)
 Metaspace       used 46848K, committed 48192K, reserved 1114112K
  class space    used 4967K, committed 5568K, reserved 1048576K
}
Event: 14.439 GC heap before
{Heap before GC invocations=25 (full 2):
 PSYoungGen      total 22528K, used 22208K [0x00000000eab00000, 0x00000000ec480000, 0x0000000100000000)
  eden space 19968K, 100% used [0x00000000eab00000,0x00000000ebe80000,0x00000000ebe80000)
  from space 2560K, 87% used [0x00000000ec200000,0x00000000ec430010,0x00000000ec480000)
  to   space 2560K, 0% used [0x00000000ebe80000,0x00000000ebe80000,0x00000000ec100000)
 ParOldGen       total 68608K, used 34226K [0x00000000c0000000, 0x00000000c4300000, 0x00000000eab00000)
  object space 68608K, 49% used [0x00000000c0000000,0x00000000c216c988,0x00000000c4300000)
 Metaspace       used 47016K, committed 48320K, reserved 1114112K
  class space    used 4981K, committed 5568K, reserved 1048576K
}
Event: 14.448 GC heap after
{Heap after GC invocations=25 (full 2):
 PSYoungGen      total 22528K, used 2124K [0x00000000eab00000, 0x00000000ec380000, 0x0000000100000000)
  eden space 19968K, 0% used [0x00000000eab00000,0x00000000eab00000,0x00000000ebe80000)
  from space 2560K, 83% used [0x00000000ebe80000,0x00000000ec093388,0x00000000ec100000)
  to   space 2560K, 0% used [0x00000000ec100000,0x00000000ec100000,0x00000000ec380000)
 ParOldGen       total 68608K, used 36370K [0x00000000c0000000, 0x00000000c4300000, 0x00000000eab00000)
  object space 68608K, 53% used [0x00000000c0000000,0x00000000c2384890,0x00000000c4300000)
 Metaspace       used 47016K, committed 48320K, reserved 1114112K
  class space    used 4981K, committed 5568K, reserved 1048576K
}
Event: 14.912 GC heap before
{Heap before GC invocations=26 (full 2):
 PSYoungGen      total 22528K, used 22092K [0x00000000eab00000, 0x00000000ec380000, 0x0000000100000000)
  eden space 19968K, 99% used [0x00000000eab00000,0x00000000ebe7fff8,0x00000000ebe80000)
  from space 2560K, 83% used [0x00000000ebe80000,0x00000000ec093388,0x00000000ec100000)
  to   space 2560K, 0% used [0x00000000ec100000,0x00000000ec100000,0x00000000ec380000)
 ParOldGen       total 68608K, used 36370K [0x00000000c0000000, 0x00000000c4300000, 0x00000000eab00000)
  object space 68608K, 53% used [0x00000000c0000000,0x00000000c2384890,0x00000000c4300000)
 Metaspace       used 47877K, committed 49216K, reserved 1114112K
  class space    used 5063K, committed 5696K, reserved 1048576K
}
Event: 14.917 GC heap after
{Heap after GC invocations=26 (full 2):
 PSYoungGen      total 19456K, used 2549K [0x00000000eab00000, 0x00000000ec980000, 0x0000000100000000)
  eden space 16896K, 0% used [0x00000000eab00000,0x00000000eab00000,0x00000000ebb80000)
  from space 2560K, 99% used [0x00000000ec100000,0x00000000ec37d738,0x00000000ec380000)
  to   space 5632K, 0% used [0x00000000ebb80000,0x00000000ebb80000,0x00000000ec100000)
 ParOldGen       total 68608K, used 38614K [0x00000000c0000000, 0x00000000c4300000, 0x00000000eab00000)
  object space 68608K, 56% used [0x00000000c0000000,0x00000000c25b5a48,0x00000000c4300000)
 Metaspace       used 47877K, committed 49216K, reserved 1114112K
  class space    used 5063K, committed 5696K, reserved 1048576K
}
Event: 15.538 GC heap before
{Heap before GC invocations=27 (full 2):
 PSYoungGen      total 19456K, used 19445K [0x00000000eab00000, 0x00000000ec980000, 0x0000000100000000)
  eden space 16896K, 100% used [0x00000000eab00000,0x00000000ebb80000,0x00000000ebb80000)
  from space 2560K, 99% used [0x00000000ec100000,0x00000000ec37d738,0x00000000ec380000)
  to   space 5632K, 0% used [0x00000000ebb80000,0x00000000ebb80000,0x00000000ec100000)
 ParOldGen       total 68608K, used 38614K [0x00000000c0000000, 0x00000000c4300000, 0x00000000eab00000)
  object space 68608K, 56% used [0x00000000c0000000,0x00000000c25b5a48,0x00000000c4300000)
 Metaspace       used 48399K, committed 49664K, reserved 1114112K
  class space    used 5112K, committed 5696K, reserved 1048576K
}
Event: 15.547 GC heap after
{Heap after GC invocations=27 (full 2):
 PSYoungGen      total 18944K, used 1560K [0x00000000eab00000, 0x00000000ec180000, 0x0000000100000000)
  eden space 16896K, 0% used [0x00000000eab00000,0x00000000eab00000,0x00000000ebb80000)
  from space 2048K, 76% used [0x00000000ebb80000,0x00000000ebd06138,0x00000000ebd80000)
  to   space 3072K, 0% used [0x00000000ebe80000,0x00000000ebe80000,0x00000000ec180000)
 ParOldGen       total 68608K, used 41073K [0x00000000c0000000, 0x00000000c4300000, 0x00000000eab00000)
  object space 68608K, 59% used [0x00000000c0000000,0x00000000c281c7a0,0x00000000c4300000)
 Metaspace       used 48399K, committed 49664K, reserved 1114112K
  class space    used 5112K, committed 5696K, reserved 1048576K
}
Event: 15.964 GC heap before
{Heap before GC invocations=28 (full 2):
 PSYoungGen      total 18944K, used 18375K [0x00000000eab00000, 0x00000000ec180000, 0x0000000100000000)
  eden space 16896K, 99% used [0x00000000eab00000,0x00000000ebb6bd30,0x00000000ebb80000)
  from space 2048K, 76% used [0x00000000ebb80000,0x00000000ebd06138,0x00000000ebd80000)
  to   space 3072K, 0% used [0x00000000ebe80000,0x00000000ebe80000,0x00000000ec180000)
 ParOldGen       total 68608K, used 41073K [0x00000000c0000000, 0x00000000c4300000, 0x00000000eab00000)
  object space 68608K, 59% used [0x00000000c0000000,0x00000000c281c7a0,0x00000000c4300000)
 Metaspace       used 49635K, committed 50880K, reserved 1114112K
  class space    used 5227K, committed 5824K, reserved 1048576K
}
Event: 15.970 GC heap after
{Heap after GC invocations=28 (full 2):
 PSYoungGen      total 19456K, used 2990K [0x00000000eab00000, 0x00000000ec280000, 0x0000000100000000)
  eden space 16384K, 0% used [0x00000000eab00000,0x00000000eab00000,0x00000000ebb00000)
  from space 3072K, 97% used [0x00000000ebe80000,0x00000000ec16bb58,0x00000000ec180000)
  to   space 3584K, 0% used [0x00000000ebb00000,0x00000000ebb00000,0x00000000ebe80000)
 ParOldGen       total 68608K, used 42475K [0x00000000c0000000, 0x00000000c4300000, 0x00000000eab00000)
  object space 68608K, 61% used [0x00000000c0000000,0x00000000c297afa0,0x00000000c4300000)
 Metaspace       used 49635K, committed 50880K, reserved 1114112K
  class space    used 5227K, committed 5824K, reserved 1048576K
}
Event: 16.581 GC heap before
{Heap before GC invocations=29 (full 2):
 PSYoungGen      total 19456K, used 19366K [0x00000000eab00000, 0x00000000ec280000, 0x0000000100000000)
  eden space 16384K, 99% used [0x00000000eab00000,0x00000000ebafdef0,0x00000000ebb00000)
  from space 3072K, 97% used [0x00000000ebe80000,0x00000000ec16bb58,0x00000000ec180000)
  to   space 3584K, 0% used [0x00000000ebb00000,0x00000000ebb00000,0x00000000ebe80000)
 ParOldGen       total 68608K, used 42475K [0x00000000c0000000, 0x00000000c4300000, 0x00000000eab00000)
  object space 68608K, 61% used [0x00000000c0000000,0x00000000c297afa0,0x00000000c4300000)
 Metaspace       used 50981K, committed 52288K, reserved 1114112K
  class space    used 5374K, committed 5952K, reserved 1048576K
}
Event: 16.588 GC heap after
{Heap after GC invocations=29 (full 2):
 PSYoungGen      total 18944K, used 2060K [0x00000000eab00000, 0x00000000ec000000, 0x0000000100000000)
  eden space 16384K, 0% used [0x00000000eab00000,0x00000000eab00000,0x00000000ebb00000)
  from space 2560K, 80% used [0x00000000ebb00000,0x00000000ebd03390,0x00000000ebd80000)
  to   space 2560K, 0% used [0x00000000ebd80000,0x00000000ebd80000,0x00000000ec000000)
 ParOldGen       total 68608K, used 44904K [0x00000000c0000000, 0x00000000c4300000, 0x00000000eab00000)
  object space 68608K, 65% used [0x00000000c0000000,0x00000000c2bda138,0x00000000c4300000)
 Metaspace       used 50981K, committed 52288K, reserved 1114112K
  class space    used 5374K, committed 5952K, reserved 1048576K
}

Dll operation events (10 events):
Event: 0.017 Loaded shared library c:\Users\yassm\.vscode\extensions\redhat.java-1.42.0-win32-x64\jre\21.0.7-win32-x86_64\bin\java.dll
Event: 0.142 Loaded shared library c:\Users\yassm\.vscode\extensions\redhat.java-1.42.0-win32-x64\jre\21.0.7-win32-x86_64\bin\zip.dll
Event: 0.190 Loaded shared library C:\Users\yassm\.vscode\extensions\redhat.java-1.42.0-win32-x64\jre\21.0.7-win32-x86_64\bin\instrument.dll
Event: 0.200 Loaded shared library C:\Users\yassm\.vscode\extensions\redhat.java-1.42.0-win32-x64\jre\21.0.7-win32-x86_64\bin\net.dll
Event: 0.206 Loaded shared library C:\Users\yassm\.vscode\extensions\redhat.java-1.42.0-win32-x64\jre\21.0.7-win32-x86_64\bin\nio.dll
Event: 0.213 Loaded shared library C:\Users\yassm\.vscode\extensions\redhat.java-1.42.0-win32-x64\jre\21.0.7-win32-x86_64\bin\zip.dll
Event: 0.248 Loaded shared library C:\Users\yassm\.vscode\extensions\redhat.java-1.42.0-win32-x64\jre\21.0.7-win32-x86_64\bin\jimage.dll
Event: 0.388 Loaded shared library c:\Users\yassm\.vscode\extensions\redhat.java-1.42.0-win32-x64\jre\21.0.7-win32-x86_64\bin\verify.dll
Event: 2.941 Loaded shared library C:\Users\yassm\AppData\Roaming\Code\User\globalStorage\redhat.java\1.42.0\config_win\org.eclipse.equinox.launcher\org.eclipse.equinox.launcher.win32.win32.x86_64_1.2.1300.v20250331-1702\eclipse_11911.dll
Event: 5.613 Loaded shared library C:\Users\yassm\AppData\Local\Temp\jna-114749957\jna15088092999083287289.dll

Deoptimization events (20 events):
Event: 15.839 Thread 0x0000015def6f98c0 Uncommon trap: trap_request=0xffffff45 fr.pc=0x0000015d9e48c468 relative=0x0000000000000148
Event: 15.839 Thread 0x0000015def6f98c0 Uncommon trap: reason=unstable_if action=reinterpret pc=0x0000015d9e48c468 method=org.eclipse.jdt.internal.core.search.indexing.BinaryIndexer.replace(CC[C)[C @ 1 c2
Event: 15.839 Thread 0x0000015def6f98c0 DEOPT PACKING pc=0x0000015d9e48c468 sp=0x00000052d12fe790
Event: 15.839 Thread 0x0000015def6f98c0 DEOPT UNPACKING pc=0x0000015d9dc83aa2 sp=0x00000052d12fe700 mode 2
Event: 15.953 Thread 0x0000015def6f98c0 Uncommon trap: trap_request=0xffffff6e fr.pc=0x0000015d9e4b8c34 relative=0x00000000000007f4
Event: 15.953 Thread 0x0000015def6f98c0 Uncommon trap: reason=loop_limit_check action=maybe_recompile pc=0x0000015d9e4b8c34 method=org.eclipse.jdt.internal.core.util.SimpleWordSet.rehash()V @ 44 c2
Event: 15.953 Thread 0x0000015def6f98c0 DEOPT PACKING pc=0x0000015d9e4b8c34 sp=0x00000052d12fe570
Event: 15.953 Thread 0x0000015def6f98c0 DEOPT UNPACKING pc=0x0000015d9dc83aa2 sp=0x00000052d12fe510 mode 2
Event: 16.028 Thread 0x0000015def6f98c0 DEOPT PACKING pc=0x0000015d97349878 sp=0x00000052d12fe6c0
Event: 16.028 Thread 0x0000015def6f98c0 DEOPT UNPACKING pc=0x0000015d9dc84242 sp=0x00000052d12fdb58 mode 0
Event: 16.048 Thread 0x0000015def6f98c0 Uncommon trap: trap_request=0xffffff6e fr.pc=0x0000015d9e4c5734 relative=0x0000000000000374
Event: 16.048 Thread 0x0000015def6f98c0 Uncommon trap: reason=loop_limit_check action=maybe_recompile pc=0x0000015d9e4c5734 method=org.eclipse.jdt.core.compiler.CharOperation.concatWithAll([[CC)[C @ 99 c2
Event: 16.048 Thread 0x0000015def6f98c0 DEOPT PACKING pc=0x0000015d9e4c5734 sp=0x00000052d12fe540
Event: 16.048 Thread 0x0000015def6f98c0 DEOPT UNPACKING pc=0x0000015d9dc83aa2 sp=0x00000052d12fe4f0 mode 2
Event: 16.135 Thread 0x0000015def6f98c0 Uncommon trap: trap_request=0xffffff45 fr.pc=0x0000015d9e4b9e08 relative=0x00000000000006a8
Event: 16.135 Thread 0x0000015def6f98c0 Uncommon trap: reason=unstable_if action=reinterpret pc=0x0000015d9e4b9e08 method=org.eclipse.jdt.internal.core.search.indexing.BinaryIndexer.extractArgCount([C[CZ)I @ 206 c2
Event: 16.135 Thread 0x0000015def6f98c0 DEOPT PACKING pc=0x0000015d9e4b9e08 sp=0x00000052d12fe5f0
Event: 16.135 Thread 0x0000015def6f98c0 DEOPT UNPACKING pc=0x0000015d9dc83aa2 sp=0x00000052d12fe548 mode 2
Event: 16.472 Thread 0x0000015deae811d0 DEOPT PACKING pc=0x0000015d9722d3d5 sp=0x00000052d0ff86d0
Event: 16.472 Thread 0x0000015deae811d0 DEOPT UNPACKING pc=0x0000015d9dc84242 sp=0x00000052d0ff7bd8 mode 0

Classes loaded (20 events):
Event: 13.007 Loading class java/util/AbstractList$ListItr
Event: 13.008 Loading class java/util/AbstractList$ListItr done
Event: 13.231 Loading class java/lang/ProcessEnvironment$CheckedKeySet
Event: 13.232 Loading class java/lang/ProcessEnvironment$CheckedKeySet done
Event: 13.296 Loading class java/lang/invoke/MethodHandleImpl$CountingWrapper
Event: 13.296 Loading class java/lang/invoke/MethodHandleImpl$CountingWrapper done
Event: 14.016 Loading class java/util/regex/Pattern$Pos
Event: 14.017 Loading class java/util/regex/Pattern$Pos done
Event: 14.120 Loading class sun/security/provider/MD5
Event: 14.121 Loading class sun/security/provider/MD5 done
Event: 14.122 Loading class sun/security/provider/ByteArrayAccess$LE
Event: 14.122 Loading class sun/security/provider/ByteArrayAccess$LE done
Event: 14.606 Loading class java/util/WeakHashMap$KeyIterator
Event: 14.606 Loading class java/util/WeakHashMap$KeyIterator done
Event: 14.881 Loading class sun/nio/ch/WindowsAsynchronousFileChannelImpl$WriteTask
Event: 14.882 Loading class sun/nio/ch/WindowsAsynchronousFileChannelImpl$WriteTask done
Event: 14.936 Loading class jdk/internal/math/FormattedFPDecimal
Event: 14.937 Loading class jdk/internal/math/FormattedFPDecimal done
Event: 15.611 Loading class java/util/ImmutableCollections$SubList
Event: 15.613 Loading class java/util/ImmutableCollections$SubList done

Classes unloaded (7 events):
Event: 7.303 Thread 0x0000015da78c2f10 Unloading class 0x0000015da91a5400 'java/lang/invoke/LambdaForm$MH+0x0000015da91a5400'
Event: 7.303 Thread 0x0000015da78c2f10 Unloading class 0x0000015da91a5000 'java/lang/invoke/LambdaForm$MH+0x0000015da91a5000'
Event: 7.303 Thread 0x0000015da78c2f10 Unloading class 0x0000015da91a4c00 'java/lang/invoke/LambdaForm$MH+0x0000015da91a4c00'
Event: 7.303 Thread 0x0000015da78c2f10 Unloading class 0x0000015da91a4800 'java/lang/invoke/LambdaForm$MH+0x0000015da91a4800'
Event: 7.303 Thread 0x0000015da78c2f10 Unloading class 0x0000015da91a4400 'java/lang/invoke/LambdaForm$BMH+0x0000015da91a4400'
Event: 7.303 Thread 0x0000015da78c2f10 Unloading class 0x0000015da91a4000 'java/lang/invoke/LambdaForm$DMH+0x0000015da91a4000'
Event: 7.303 Thread 0x0000015da78c2f10 Unloading class 0x0000015da91a2c00 'java/lang/invoke/LambdaForm$DMH+0x0000015da91a2c00'

Classes redefined (0 events):
No events

Internal exceptions (20 events):
Event: 13.193 Thread 0x0000015deae811d0 Exception <a 'java/lang/NoClassDefFoundError'{0x00000000eacfe7a0}: com/google/inject/servlet/ServletModuleTargetVisitor> (0x00000000eacfe7a0) 
thrown [s\src\hotspot\share\classfile\systemDictionary.cpp, line 301]
Event: 13.291 Thread 0x0000015deae811d0 Exception <a 'java/lang/NoSuchMethodError'{0x00000000eb648848}: 'java.lang.Object java.lang.invoke.DirectMethodHandle$Holder.invokeStatic(java.lang.Object, int, java.lang.Object, java.lang.Object)'> (0x00000000eb648848) 
thrown [s\src\hotspot\share\interpreter\linkResolver.cpp, line 773]
Event: 13.292 Thread 0x0000015deae811d0 Exception <a 'java/lang/NoSuchMethodError'{0x00000000eb793158}: 'java.lang.Object java.lang.invoke.DelegatingMethodHandle$Holder.delegate(java.lang.Object, int, java.lang.Object, java.lang.Object)'> (0x00000000eb793158) 
thrown [s\src\hotspot\share\interpreter\linkResolver.cpp, line 773]
Event: 13.302 Thread 0x0000015deae811d0 Exception <a 'java/lang/NoSuchMethodError'{0x00000000eb7a66b8}: 'int java.lang.invoke.Invokers$Holder.linkToTargetMethod(java.lang.Object, java.lang.Object, java.lang.Object)'> (0x00000000eb7a66b8) 
thrown [s\src\hotspot\share\interpreter\linkResolver.cpp, line 773]
Event: 14.612 Thread 0x0000015def6fc020 Exception <a 'java/io/FileNotFoundException'{0x00000000eb5e7a90}> (0x00000000eb5e7a90) 
thrown [s\src\hotspot\share\prims\jni.cpp, line 520]
Event: 14.613 Thread 0x0000015def6fc020 Exception <a 'java/io/FileNotFoundException'{0x00000000eb5e8aa0}> (0x00000000eb5e8aa0) 
thrown [s\src\hotspot\share\prims\jni.cpp, line 520]
Event: 14.615 Thread 0x0000015def6fc020 Exception <a 'java/io/FileNotFoundException'{0x00000000eb5e9bd0}> (0x00000000eb5e9bd0) 
thrown [s\src\hotspot\share\prims\jni.cpp, line 520]
Event: 14.823 Thread 0x0000015def6f7e80 Exception <a 'java/io/FileNotFoundException'{0x00000000ebcde4c0}> (0x00000000ebcde4c0) 
thrown [s\src\hotspot\share\prims\jni.cpp, line 520]
Event: 14.918 Thread 0x0000015deae811d0 Exception <a 'java/lang/NoSuchMethodError'{0x00000000eab008d0}: 'int java.lang.invoke.DirectMethodHandle$Holder.invokeSpecialIFC(java.lang.Object, java.lang.Object, java.lang.Object, java.lang.Object)'> (0x00000000eab008d0) 
thrown [s\src\hotspot\share\interpreter\linkResolver.cpp, line 773]
Event: 14.948 Thread 0x0000015deae811d0 Exception <a 'sun/nio/fs/WindowsException'{0x00000000eabebfb0}> (0x00000000eabebfb0) 
thrown [s\src\hotspot\share\prims\jni.cpp, line 520]
Event: 14.948 Thread 0x0000015deae811d0 Exception <a 'sun/nio/fs/WindowsException'{0x00000000eabec5e0}> (0x00000000eabec5e0) 
thrown [s\src\hotspot\share\prims\jni.cpp, line 520]
Event: 15.381 Thread 0x0000015deae811d0 Exception <a 'sun/nio/fs/WindowsException'{0x00000000eb85d530}> (0x00000000eb85d530) 
thrown [s\src\hotspot\share\prims\jni.cpp, line 520]
Event: 15.382 Thread 0x0000015deae811d0 Exception <a 'sun/nio/fs/WindowsException'{0x00000000eb85de10}> (0x00000000eb85de10) 
thrown [s\src\hotspot\share\prims\jni.cpp, line 520]
Event: 15.537 Thread 0x0000015deae811d0 Exception <a 'java/io/FileNotFoundException'{0x00000000ebb7a768}> (0x00000000ebb7a768) 
thrown [s\src\hotspot\share\prims\jni.cpp, line 520]
Event: 15.547 Thread 0x0000015deae811d0 Exception <a 'java/io/FileNotFoundException'{0x00000000eab01618}> (0x00000000eab01618) 
thrown [s\src\hotspot\share\prims\jni.cpp, line 520]
Event: 15.556 Thread 0x0000015deae811d0 Exception <a 'java/io/FileNotFoundException'{0x00000000eab3a380}> (0x00000000eab3a380) 
thrown [s\src\hotspot\share\prims\jni.cpp, line 520]
Event: 15.557 Thread 0x0000015deae811d0 Exception <a 'java/io/FileNotFoundException'{0x00000000eab3b720}> (0x00000000eab3b720) 
thrown [s\src\hotspot\share\prims\jni.cpp, line 520]
Event: 15.558 Thread 0x0000015deae811d0 Exception <a 'java/io/FileNotFoundException'{0x00000000eab3cb20}> (0x00000000eab3cb20) 
thrown [s\src\hotspot\share\prims\jni.cpp, line 520]
Event: 15.839 Thread 0x0000015def6f98c0 Implicit null exception at 0x0000015d9e48c35a to 0x0000015d9e48c458
Event: 16.093 Thread 0x0000015def6f7e80 Exception <a 'java/lang/IncompatibleClassChangeError'{0x00000000eb009358}: Found class java.lang.Object, but interface was expected> (0x00000000eb009358) 
thrown [s\src\hotspot\share\interpreter\linkResolver.cpp, line 840]

ZGC Phase Switch (0 events):
No events

VM Operations (20 events):
Event: 14.052 Executing VM operation: ParallelGCFailedAllocation (Allocation Failure)
Event: 14.062 Executing VM operation: ParallelGCFailedAllocation (Allocation Failure) done
Event: 14.439 Executing VM operation: ParallelGCFailedAllocation (Allocation Failure)
Event: 14.449 Executing VM operation: ParallelGCFailedAllocation (Allocation Failure) done
Event: 14.777 Executing VM operation: HandshakeAllThreads (Deoptimize)
Event: 14.783 Executing VM operation: HandshakeAllThreads (Deoptimize) done
Event: 14.911 Executing VM operation: ParallelGCFailedAllocation (Allocation Failure)
Event: 14.918 Executing VM operation: ParallelGCFailedAllocation (Allocation Failure) done
Event: 15.441 Executing VM operation: HandshakeAllThreads (Deoptimize)
Event: 15.457 Executing VM operation: HandshakeAllThreads (Deoptimize) done
Event: 15.461 Executing VM operation: HandshakeAllThreads (Deoptimize)
Event: 15.461 Executing VM operation: HandshakeAllThreads (Deoptimize) done
Event: 15.537 Executing VM operation: ParallelGCFailedAllocation (Allocation Failure)
Event: 15.547 Executing VM operation: ParallelGCFailedAllocation (Allocation Failure) done
Event: 15.964 Executing VM operation: ParallelGCFailedAllocation (Allocation Failure)
Event: 15.970 Executing VM operation: ParallelGCFailedAllocation (Allocation Failure) done
Event: 16.455 Executing VM operation: HandshakeAllThreads (Deoptimize)
Event: 16.467 Executing VM operation: HandshakeAllThreads (Deoptimize) done
Event: 16.581 Executing VM operation: ParallelGCFailedAllocation (Allocation Failure)
Event: 16.588 Executing VM operation: ParallelGCFailedAllocation (Allocation Failure) done

Memory protections (0 events):
No events

Nmethod flushes (20 events):
Event: 10.582 Thread 0x0000015da78c2f10 flushing  nmethod 0x0000015d96d8bd90
Event: 10.582 Thread 0x0000015da78c2f10 flushing  nmethod 0x0000015d96d8c510
Event: 10.582 Thread 0x0000015da78c2f10 flushing  nmethod 0x0000015d96d8ce90
Event: 10.582 Thread 0x0000015da78c2f10 flushing  nmethod 0x0000015d96d8e790
Event: 10.582 Thread 0x0000015da78c2f10 flushing  nmethod 0x0000015d96d8f490
Event: 10.582 Thread 0x0000015da78c2f10 flushing  nmethod 0x0000015d96d90110
Event: 10.582 Thread 0x0000015da78c2f10 flushing  nmethod 0x0000015d96d90610
Event: 10.582 Thread 0x0000015da78c2f10 flushing  nmethod 0x0000015d96d92690
Event: 10.582 Thread 0x0000015da78c2f10 flushing  nmethod 0x0000015d96db1d10
Event: 10.582 Thread 0x0000015da78c2f10 flushing  nmethod 0x0000015d96dc8490
Event: 10.582 Thread 0x0000015da78c2f10 flushing  nmethod 0x0000015d96dcd090
Event: 10.582 Thread 0x0000015da78c2f10 flushing  nmethod 0x0000015d96dd6590
Event: 10.582 Thread 0x0000015da78c2f10 flushing  nmethod 0x0000015d96de2290
Event: 10.582 Thread 0x0000015da78c2f10 flushing  nmethod 0x0000015d96e27b90
Event: 10.582 Thread 0x0000015da78c2f10 flushing  nmethod 0x0000015d96e63710
Event: 10.582 Thread 0x0000015da78c2f10 flushing  nmethod 0x0000015d96e7b510
Event: 10.582 Thread 0x0000015da78c2f10 flushing  nmethod 0x0000015d96ea5390
Event: 10.582 Thread 0x0000015da78c2f10 flushing  nmethod 0x0000015d96eb4f10
Event: 10.582 Thread 0x0000015da78c2f10 flushing  nmethod 0x0000015d96eb5390
Event: 10.582 Thread 0x0000015da78c2f10 flushing  nmethod 0x0000015d96ed0490

Events (20 events):
Event: 7.999 Thread 0x0000015dea6dc680 Thread exited: 0x0000015dea6dc680
Event: 8.581 Thread 0x0000015da78e3ab0 Thread added: 0x0000015df082ae60
Event: 8.684 Thread 0x0000015deae81860 Thread added: 0x0000015def6fc020
Event: 9.602 Thread 0x0000015def0fbbd0 Thread added: 0x0000015def6f98c0
Event: 9.734 Thread 0x0000015deae81860 Thread added: 0x0000015def6fa5e0
Event: 10.671 Thread 0x0000015deae81860 Thread added: 0x0000015def6fb300
Event: 10.788 Thread 0x0000015d91114240 Thread added: 0x0000015def6fc6b0
Event: 10.789 Thread 0x0000015d91114240 Thread added: 0x0000015def6fe0f0
Event: 10.789 Thread 0x0000015d91114240 Thread added: 0x0000015def6fee10
Event: 10.789 Thread 0x0000015d91114240 Thread added: 0x0000015def6fb990
Event: 10.790 Thread 0x0000015d91114240 Thread added: 0x0000015def6fd3d0
Event: 10.790 Thread 0x0000015d91114240 Thread added: 0x0000015def6fda60
Event: 10.790 Thread 0x0000015d91114240 Thread added: 0x0000015def6f8ba0
Event: 10.790 Thread 0x0000015d91114240 Thread added: 0x0000015def6f9230
Event: 10.790 Thread 0x0000015d91114240 Thread added: 0x0000015def6f9f50
Event: 10.951 Thread 0x0000015d91114240 Thread added: 0x0000015def6fe780
Event: 11.337 Thread 0x0000015d91114240 Thread added: 0x0000015def6fac70
Event: 11.337 Thread 0x0000015d91114240 Thread added: 0x0000015def6f7e80
Event: 11.984 Thread 0x0000015deae81860 Thread added: 0x0000015def6ff4a0
Event: 12.539 Thread 0x0000015deae82c10 Thread exited: 0x0000015deae82c10


Dynamic libraries:
0x00007ff7fc5d0000 - 0x00007ff7fc5de000 	c:\Users\yassm\.vscode\extensions\redhat.java-1.42.0-win32-x64\jre\21.0.7-win32-x86_64\bin\java.exe
0x00007ffbdce20000 - 0x00007ffbdd029000 	C:\WINDOWS\SYSTEM32\ntdll.dll
0x00007ffbdac70000 - 0x00007ffbdad2d000 	C:\WINDOWS\System32\KERNEL32.DLL
0x00007ffbda2b0000 - 0x00007ffbda634000 	C:\WINDOWS\System32\KERNELBASE.dll
0x00007ffbda640000 - 0x00007ffbda751000 	C:\WINDOWS\System32\ucrtbase.dll
0x00007ffbd69a0000 - 0x00007ffbd69b8000 	c:\Users\yassm\.vscode\extensions\redhat.java-1.42.0-win32-x64\jre\21.0.7-win32-x86_64\bin\jli.dll
0x00007ffbd4d30000 - 0x00007ffbd4d4e000 	c:\Users\yassm\.vscode\extensions\redhat.java-1.42.0-win32-x64\jre\21.0.7-win32-x86_64\bin\VCRUNTIME140.dll
0x00007ffbdb3a0000 - 0x00007ffbdb54d000 	C:\WINDOWS\System32\USER32.dll
0x00007ffbda760000 - 0x00007ffbda786000 	C:\WINDOWS\System32\win32u.dll
0x00007ffbdc950000 - 0x00007ffbdc97a000 	C:\WINDOWS\System32\GDI32.dll
0x00007ffbdab50000 - 0x00007ffbdac6e000 	C:\WINDOWS\System32\gdi32full.dll
0x00007ffbc8590000 - 0x00007ffbc8835000 	C:\WINDOWS\WinSxS\amd64_microsoft.windows.common-controls_6595b64144ccf1df_6.0.22000.120_none_9d947278b86cc467\COMCTL32.dll
0x00007ffbda790000 - 0x00007ffbda82d000 	C:\WINDOWS\System32\msvcp_win.dll
0x00007ffbdae40000 - 0x00007ffbdaee3000 	C:\WINDOWS\System32\msvcrt.dll
0x00007ffbdc770000 - 0x00007ffbdc7a1000 	C:\WINDOWS\System32\IMM32.DLL
0x0000000071d90000 - 0x0000000071d9c000 	C:\Program Files (x86)\360\Total Security\safemon\SafeWrapper.dll
0x00007ffbdb8d0000 - 0x00007ffbdb97e000 	C:\WINDOWS\System32\ADVAPI32.dll
0x00007ffbdada0000 - 0x00007ffbdae3e000 	C:\WINDOWS\System32\sechost.dll
0x00007ffbdcaa0000 - 0x00007ffbdcbc1000 	C:\WINDOWS\System32\RPCRT4.dll
0x00007ffb989c0000 - 0x00007ffb98a6c000 	C:\Program Files (x86)\360\Total Security\safemon\libzdtp64.dll
0x00007ffbdbae0000 - 0x00007ffbdc2a5000 	C:\WINDOWS\System32\SHELL32.dll
0x00007ffbdc710000 - 0x00007ffbdc76d000 	C:\WINDOWS\System32\SHLWAPI.dll
0x00007ffbd9c50000 - 0x00007ffbd9c5a000 	C:\WINDOWS\SYSTEM32\VERSION.dll
0x00007ffbd6ac0000 - 0x00007ffbd6acc000 	c:\Users\yassm\.vscode\extensions\redhat.java-1.42.0-win32-x64\jre\21.0.7-win32-x86_64\bin\vcruntime140_1.dll
0x00007ffbbf830000 - 0x00007ffbbf8bd000 	c:\Users\yassm\.vscode\extensions\redhat.java-1.42.0-win32-x64\jre\21.0.7-win32-x86_64\bin\msvcp140.dll
0x00007ffb9d270000 - 0x00007ffb9e000000 	c:\Users\yassm\.vscode\extensions\redhat.java-1.42.0-win32-x64\jre\21.0.7-win32-x86_64\bin\server\jvm.dll
0x00007ffbdad30000 - 0x00007ffbdad9f000 	C:\WINDOWS\System32\WS2_32.dll
0x00007ffbd3930000 - 0x00007ffbd3963000 	C:\WINDOWS\SYSTEM32\WINMM.dll
0x00007ffbda190000 - 0x00007ffbda1dd000 	C:\WINDOWS\SYSTEM32\POWRPROF.dll
0x00007ffbda160000 - 0x00007ffbda173000 	C:\WINDOWS\SYSTEM32\UMPDC.dll
0x00007ffbd9280000 - 0x00007ffbd9298000 	C:\WINDOWS\SYSTEM32\kernel.appcore.dll
0x00007ffbd6a30000 - 0x00007ffbd6a3a000 	c:\Users\yassm\.vscode\extensions\redhat.java-1.42.0-win32-x64\jre\21.0.7-win32-x86_64\bin\jimage.dll
0x00007ffbd1330000 - 0x00007ffbd1551000 	C:\WINDOWS\SYSTEM32\DBGHELP.DLL
0x00007ffbc76b0000 - 0x00007ffbc76e1000 	C:\WINDOWS\SYSTEM32\dbgcore.DLL
0x00007ffbdaad0000 - 0x00007ffbdab4f000 	C:\WINDOWS\System32\bcryptPrimitives.dll
0x00007ffbd4d20000 - 0x00007ffbd4d2f000 	c:\Users\yassm\.vscode\extensions\redhat.java-1.42.0-win32-x64\jre\21.0.7-win32-x86_64\bin\instrument.dll
0x00007ffbd4650000 - 0x00007ffbd466f000 	c:\Users\yassm\.vscode\extensions\redhat.java-1.42.0-win32-x64\jre\21.0.7-win32-x86_64\bin\java.dll
0x00007ffbd82d0000 - 0x00007ffbd8b32000 	C:\WINDOWS\SYSTEM32\windows.storage.dll
0x00007ffbdb550000 - 0x00007ffbdb8c6000 	C:\WINDOWS\System32\combase.dll
0x00007ffbd8160000 - 0x00007ffbd82c7000 	C:\WINDOWS\SYSTEM32\wintypes.dll
0x00007ffbdcc50000 - 0x00007ffbdcd3a000 	C:\WINDOWS\System32\SHCORE.dll
0x00007ffbda1e0000 - 0x00007ffbda205000 	C:\WINDOWS\SYSTEM32\profapi.dll
0x00007ffbc9620000 - 0x00007ffbc9638000 	c:\Users\yassm\.vscode\extensions\redhat.java-1.42.0-win32-x64\jre\21.0.7-win32-x86_64\bin\zip.dll
0x00007ffbd4640000 - 0x00007ffbd4650000 	C:\Users\yassm\.vscode\extensions\redhat.java-1.42.0-win32-x64\jre\21.0.7-win32-x86_64\bin\net.dll
0x00007ffbd4960000 - 0x00007ffbd4a74000 	C:\WINDOWS\SYSTEM32\WINHTTP.dll
0x00007ffbd9740000 - 0x00007ffbd97a7000 	C:\WINDOWS\system32\mswsock.dll
0x00007ffbc7d60000 - 0x00007ffbc7d76000 	C:\Users\yassm\.vscode\extensions\redhat.java-1.42.0-win32-x64\jre\21.0.7-win32-x86_64\bin\nio.dll
0x00007ffbcc530000 - 0x00007ffbcc540000 	c:\Users\yassm\.vscode\extensions\redhat.java-1.42.0-win32-x64\jre\21.0.7-win32-x86_64\bin\verify.dll
0x00007ffbc20f0000 - 0x00007ffbc2135000 	C:\Users\yassm\AppData\Roaming\Code\User\globalStorage\redhat.java\1.42.0\config_win\org.eclipse.equinox.launcher\org.eclipse.equinox.launcher.win32.win32.x86_64_1.2.1300.v20250331-1702\eclipse_11911.dll
0x00007ffbdc7b0000 - 0x00007ffbdc94a000 	C:\WINDOWS\System32\ole32.dll
0x00007ffbd99a0000 - 0x00007ffbd99b8000 	C:\WINDOWS\SYSTEM32\CRYPTSP.dll
0x00007ffbd91e0000 - 0x00007ffbd9215000 	C:\WINDOWS\system32\rsaenh.dll
0x00007ffbd9850000 - 0x00007ffbd987c000 	C:\WINDOWS\SYSTEM32\USERENV.dll
0x00007ffbd9b20000 - 0x00007ffbd9b47000 	C:\WINDOWS\SYSTEM32\bcrypt.dll
0x00007ffbd99c0000 - 0x00007ffbd99cc000 	C:\WINDOWS\SYSTEM32\CRYPTBASE.dll
0x00007ffbd8d90000 - 0x00007ffbd8dbd000 	C:\WINDOWS\SYSTEM32\IPHLPAPI.DLL
0x00007ffbdc2b0000 - 0x00007ffbdc2b9000 	C:\WINDOWS\System32\NSI.dll
0x00007ffbc01c0000 - 0x00007ffbc0209000 	C:\Users\yassm\AppData\Local\Temp\jna-114749957\jna15088092999083287289.dll
0x00007ffbdc450000 - 0x00007ffbdc458000 	C:\WINDOWS\System32\PSAPI.DLL
0x00007ffbd3f10000 - 0x00007ffbd3f29000 	C:\WINDOWS\SYSTEM32\dhcpcsvc6.DLL
0x00007ffbd4ef0000 - 0x00007ffbd4f0e000 	C:\WINDOWS\SYSTEM32\dhcpcsvc.DLL

dbghelp: loaded successfully - version: 4.0.5 - missing functions: none
symbol engine: initialized successfully - sym options: 0x614 - pdb path: .;c:\Users\yassm\.vscode\extensions\redhat.java-1.42.0-win32-x64\jre\21.0.7-win32-x86_64\bin;C:\WINDOWS\SYSTEM32;C:\WINDOWS\WinSxS\amd64_microsoft.windows.common-controls_6595b64144ccf1df_6.0.22000.120_none_9d947278b86cc467;C:\Program Files (x86)\360\Total Security\safemon;c:\Users\yassm\.vscode\extensions\redhat.java-1.42.0-win32-x64\jre\21.0.7-win32-x86_64\bin\server;C:\Users\yassm\AppData\Roaming\Code\User\globalStorage\redhat.java\1.42.0\config_win\org.eclipse.equinox.launcher\org.eclipse.equinox.launcher.win32.win32.x86_64_1.2.1300.v20250331-1702;C:\Users\yassm\AppData\Local\Temp\jna-114749957

VM Arguments:
jvm_args: --add-modules=ALL-SYSTEM --add-opens=java.base/java.util=ALL-UNNAMED --add-opens=java.base/java.lang=ALL-UNNAMED --add-opens=java.base/sun.nio.fs=ALL-UNNAMED -Declipse.application=org.eclipse.jdt.ls.core.id1 -Dosgi.bundles.defaultStartLevel=4 -Declipse.product=org.eclipse.jdt.ls.core.product -Djava.import.generatesMetadataFilesAtProjectRoot=false -DDetectVMInstallationsJob.disabled=true -Dfile.encoding=utf8 -XX:+UseParallelGC -XX:GCTimeRatio=4 -XX:AdaptiveSizePolicyWeight=90 -Dsun.zip.disableMemoryMapping=true -Xmx1G -Xms100m -Xlog:disable -javaagent:c:\Users\yassm\.vscode\extensions\redhat.java-1.42.0-win32-x64\lombok\lombok-1.18.36.jar -XX:+HeapDumpOnOutOfMemoryError -XX:HeapDumpPath=c:\Users\yassm\AppData\Roaming\Code\User\workspaceStorage\01b6eb0d43ef3d27e35b615da00195a7\redhat.java -Daether.dependencyCollector.impl=bf 
java_command: c:\Users\yassm\.vscode\extensions\redhat.java-1.42.0-win32-x64\server\plugins\org.eclipse.equinox.launcher_1.7.0.v20250424-1814.jar -configuration c:\Users\yassm\AppData\Roaming\Code\User\globalStorage\redhat.java\1.42.0\config_win -data c:\Users\yassm\AppData\Roaming\Code\User\workspaceStorage\01b6eb0d43ef3d27e35b615da00195a7\redhat.java\jdt_ws --pipe=\\.\pipe\lsp-4bcc4d64de9cc078bb24842de2255d63-sock
java_class_path (initial): c:\Users\yassm\.vscode\extensions\redhat.java-1.42.0-win32-x64\server\plugins\org.eclipse.equinox.launcher_1.7.0.v20250424-1814.jar
Launcher Type: SUN_STANDARD

[Global flags]
    uintx AdaptiveSizePolicyWeight                 = 90                                        {product} {command line}
     intx CICompilerCount                          = 4                                         {product} {ergonomic}
    uintx GCTimeRatio                              = 4                                         {product} {command line}
     bool HeapDumpOnOutOfMemoryError               = true                                   {manageable} {command line}
    ccstr HeapDumpPath                             = c:\Users\yassm\AppData\Roaming\Code\User\workspaceStorage\01b6eb0d43ef3d27e35b615da00195a7\redhat.java         {manageable} {command line}
   size_t InitialHeapSize                          = 104857600                                 {product} {command line}
   size_t MaxHeapSize                              = 1073741824                                {product} {command line}
   size_t MaxNewSize                               = 357564416                                 {product} {ergonomic}
   size_t MinHeapDeltaBytes                        = 524288                                    {product} {ergonomic}
   size_t MinHeapSize                              = 104857600                                 {product} {command line}
   size_t NewSize                                  = 34603008                                  {product} {ergonomic}
    uintx NonNMethodCodeHeapSize                   = 5839372                                {pd product} {ergonomic}
    uintx NonProfiledCodeHeapSize                  = 122909434                              {pd product} {ergonomic}
   size_t OldSize                                  = 70254592                                  {product} {ergonomic}
    uintx ProfiledCodeHeapSize                     = 122909434                              {pd product} {ergonomic}
    uintx ReservedCodeCacheSize                    = 251658240                              {pd product} {ergonomic}
     bool SegmentedCodeCache                       = true                                      {product} {ergonomic}
   size_t SoftMaxHeapSize                          = 1073741824                             {manageable} {ergonomic}
     bool UseCompressedOops                        = true                           {product lp64_product} {ergonomic}
     bool UseLargePagesIndividualAllocation        = false                                  {pd product} {ergonomic}
     bool UseParallelGC                            = true                                      {product} {command line}

Logging:
Log output configuration:
 #0: stdout all=off uptime,level,tags foldmultilines=false
 #1: stderr all=off uptime,level,tags foldmultilines=false

Environment Variables:
JAVA_HOME=C:\Program Files\Java\jdk-17
PATH=C:\Program Files\Common Files\Oracle\Java\javapath;C:\Program Files (x86)\VMware\VMware Workstation\bin\;C:\oraclexe\app\oracle\product\11.2.0\server\bin;C:\Program Files (x86)\Common Files\Oracle\Java\javapath;C:\Windows\system32;C:\Windows;C:\Windows\System32\Wbem;C:\Windows\System32\WindowsPowerShell\v1.0\;C:\Windows\System32\OpenSSH\;C:\WINDOWS\system32;C:\WINDOWS;C:\WINDOWS\System32\Wbem;C:\WINDOWS\System32\WindowsPowerShell\v1.0\;C:\WINDOWS\System32\OpenSSH\;C:\Program Files\Microsoft SQL Server\150\Tools\Binn\;C:\Program Files\Microsoft SQL Server\Client SDK\ODBC\170\Tools\Binn\;C:\Program Files\dotnet\;C:\Program Files\Java\jdk-17\bin;C:\Program Files (x86)\Microsoft SQL Server\110\DTS\Binn\;C:\Program Files (x86)\Microsoft SQL Server\110\Tools\Binn\;C:\Program Files (x86)\Microsoft SQL Server\110\Tools\Binn\ManagementStudio\;C:\Program Files (x86)\Microsoft Visual Studio 10.0\Common7\IDE\PrivateAssemblies\;C:\ProgramData\chocolatey\bin;C:\spark\bin;C:\Program Files\Java\jdk-17\bin;C:\Users\yassm\AppData\Local\Programs\Python\Python312\pythonw.exe;C:\Program Files\nodejs\;C:\Program Files\Git\cmd;C:\Users\yassm\AppData\Local\Programs\Python\Launcher\;C:\Users\yassm\AppData\Local\Microsoft\WindowsApps;C:\Users\yassm\AppData\Local\Programs\Microsoft VS Code\bin;C:\Users\yassm\.dotnet\tools;C:\Program Files\JetBrains\IntelliJ IDEA 2022.2.1\bin;;C:\Users\yassm\AppData\Local\Programs\Python\Python312\;C:\apache-maven-3.9.9-bin\apache-maven-3.9.9\bin;C:\Users\yassm\AppData\Local\Microsoft\WinGet\Packages\Schniz.fnm_Microsoft.Winget.Source_8wekyb3d8bbwe;C:\Users\yassm\AppData\Roaming\npm
USERNAME=yassm
OS=Windows_NT
PROCESSOR_IDENTIFIER=AMD64 Family 23 Model 24 Stepping 1, AuthenticAMD
TMP=C:\Users\yassm\AppData\Local\Temp
TEMP=C:\Users\yassm\AppData\Local\Temp




Periodic native trim disabled

---------------  S Y S T E M  ---------------

OS:
 Windows 11 , 64 bit Build 22000 (10.0.22000.2538)
OS uptime: 6 days 1:24 hours
Hyper-V role detected

CPU: total 8 (initial active 8) (8 cores per cpu, 2 threads per core) family 23 model 24 stepping 1 microcode 0x0, cx8, cmov, fxsr, ht, mmx, 3dnowpref, sse, sse2, sse3, ssse3, sse4a, sse4.1, sse4.2, popcnt, lzcnt, tsc, tscinvbit, avx, avx2, aes, clmul, bmi1, bmi2, adx, sha, fma, vzeroupper, clflush, clflushopt, hv, rdtscp, f16c
Processor Information for the first 8 processors :
  Max Mhz: 2100, Current Mhz: 2100, Mhz Limit: 2100

Memory: 4k page, system-wide physical 6091M (416M free)
TotalPageFile size 24523M (AvailPageFile size 32M)
current process WorkingSet (physical memory assigned to process): 248M, peak: 248M
current process commit charge ("private bytes"): 309M, peak: 320M

vm_info: OpenJDK 64-Bit Server VM (21.0.7+6-LTS) for windows-amd64 JRE (21.0.7+6-LTS), built on 2025-04-15T00:00:00Z by "admin" with MS VC++ 17.7 (VS2022)

END.
