#
# There is insufficient memory for the Java Runtime Environment to continue.
# Native memory allocation (malloc) failed to allocate 1813520 bytes. Error detail: Chunk::new
# Possible reasons:
#   The system is out of physical RAM or swap space
#   This process is running with CompressedOops enabled, and the Java Heap may be blocking the growth of the native heap
# Possible solutions:
#   Reduce memory load on the system
#   Increase physical memory or swap space
#   Check if swap backing store is full
#   Decrease Java heap size (-Xmx/-Xms)
#   Decrease number of Java threads
#   Decrease Java thread stack sizes (-Xss)
#   Set larger code cache with -XX:ReservedCodeCacheSize=
#   JVM is running with Unscaled Compressed Oops mode in which the Java heap is
#     placed in the first 4GB address space. The Java Heap base address is the
#     maximum limit for the native heap growth. Please use -XX:HeapBaseMinAddress
#     to set the Java Heap base and to place the Java Heap above 4GB virtual address.
# This output file may be truncated or incomplete.
#
#  Out of Memory Error (arena.cpp:168), pid=52900, tid=47376
#
# JRE version: OpenJDK Runtime Environment Temurin-21.0.7+6 (21.0.7+6) (build 21.0.7+6-LTS)
# Java VM: OpenJDK 64-Bit Server VM Temurin-21.0.7+6 (21.0.7+6-LTS, mixed mode, sharing, tiered, compressed oops, compressed class ptrs, parallel gc, windows-amd64)
# No core dump will be written. Minidumps are not enabled by default on client versions of Windows
#

---------------  S U M M A R Y ------------

Command Line: --add-modules=ALL-SYSTEM --add-opens=java.base/java.util=ALL-UNNAMED --add-opens=java.base/java.lang=ALL-UNNAMED --add-opens=java.base/sun.nio.fs=ALL-UNNAMED -Declipse.application=org.eclipse.jdt.ls.core.id1 -Dosgi.bundles.defaultStartLevel=4 -Declipse.product=org.eclipse.jdt.ls.core.product -Djava.import.generatesMetadataFilesAtProjectRoot=false -DDetectVMInstallationsJob.disabled=true -Dfile.encoding=utf8 -XX:+UseParallelGC -XX:GCTimeRatio=4 -XX:AdaptiveSizePolicyWeight=90 -Dsun.zip.disableMemoryMapping=true -Xmx1G -Xms100m -Xlog:disable -javaagent:c:\Users\yassm\.vscode\extensions\redhat.java-1.42.0-win32-x64\lombok\lombok-1.18.36.jar -XX:+HeapDumpOnOutOfMemoryError -XX:HeapDumpPath=c:\Users\yassm\AppData\Roaming\Code\User\workspaceStorage\01b6eb0d43ef3d27e35b615da00195a7\redhat.java -Daether.dependencyCollector.impl=bf c:\Users\yassm\.vscode\extensions\redhat.java-1.42.0-win32-x64\server\plugins\org.eclipse.equinox.launcher_1.7.0.v20250424-1814.jar -configuration c:\Users\yassm\AppData\Roaming\Code\User\globalStorage\redhat.java\1.42.0\config_win -data c:\Users\yassm\AppData\Roaming\Code\User\workspaceStorage\01b6eb0d43ef3d27e35b615da00195a7\redhat.java\jdt_ws --pipe=\\.\pipe\lsp-f8d27054bf78921c92b56cc8758fd5e3-sock

Host: AMD Ryzen 5 3500U with Radeon Vega Mobile Gfx  , 8 cores, 5G,  Windows 11 , 64 bit Build 22000 (10.0.22000.2538)
Time: Mon Jun  9 10:36:32 2025 Afr. centrale Ouest elapsed time: 31.367457 seconds (0d 0h 0m 31s)

---------------  T H R E A D  ---------------

Current thread (0x0000029dfd3d3720):  JavaThread "C2 CompilerThread0" daemon [_thread_in_native, id=47376, stack(0x000000f359800000,0x000000f359900000) (1024K)]


Current CompileTask:
C2:31367 13812   !   4       org.eclipse.jdt.internal.compiler.classfmt.ClassFileReader::<init> (2135 bytes)

Stack: [0x000000f359800000,0x000000f359900000]
Native frames: (J=compiled Java code, j=interpreted, Vv=VM code, C=native code)
V  [jvm.dll+0x6ce119]
V  [jvm.dll+0x8a84a1]
V  [jvm.dll+0x8aa9ce]
V  [jvm.dll+0x8ab0b3]
V  [jvm.dll+0x27f8a6]
V  [jvm.dll+0xc507d]
V  [jvm.dll+0xc55b3]
V  [jvm.dll+0x3b692c]
V  [jvm.dll+0x1dfe33]
V  [jvm.dll+0x247c42]
V  [jvm.dll+0x2470cf]
V  [jvm.dll+0x1c760e]
V  [jvm.dll+0x25695a]
V  [jvm.dll+0x254efa]
V  [jvm.dll+0x3f03f6]
V  [jvm.dll+0x851f6b]
V  [jvm.dll+0x6cc7dd]
C  [ucrtbase.dll+0x26c0c]
C  [KERNEL32.DLL+0x153e0]
C  [ntdll.dll+0x485b]


---------------  P R O C E S S  ---------------

Threads class SMR info:
_java_thread_list=0x0000029dd7e244b0, length=59, elements={
0x0000029df5ca4a50, 0x0000029dfd3bf1a0, 0x0000029dfd3c0990, 0x0000029dfd3c49d0,
0x0000029dfd3c5620, 0x0000029dfd3cade0, 0x0000029dfd3cb830, 0x0000029dfd3d3720,
0x0000029dfd3d6aa0, 0x0000029dfee53f90, 0x0000029dff0bf4a0, 0x0000029dd426d090,
0x0000029dff711640, 0x0000029dff14b940, 0x0000029dd4494f10, 0x0000029dd481e420,
0x0000029dd481dd90, 0x0000029dd481d700, 0x0000029dd48de220, 0x0000029dd48df5d0,
0x0000029dd48dfc60, 0x0000029dd48dbac0, 0x0000029dd48e02f0, 0x0000029dd48db430,
0x0000029dd48e0980, 0x0000029dd48dc150, 0x0000029dd48dc7e0, 0x0000029dd48ddb90,
0x0000029dd48dce70, 0x0000029dd48e1010, 0x0000029dd48da080, 0x0000029dd48de8b0,
0x0000029dd48e16a0, 0x0000029dd48dd500, 0x0000029dd48def40, 0x0000029dd48dada0,
0x0000029dd6b88270, 0x0000029dd6b8de50, 0x0000029dd6b8a340, 0x0000029dd6b88f90,
0x0000029dd6b8eb70, 0x0000029dd6b8d130, 0x0000029dd6b89cb0, 0x0000029dd6b89620,
0x0000029dd6b8d7c0, 0x0000029dd6b8a9d0, 0x0000029dd6b8f890, 0x0000029dd6b8f200,
0x0000029dd6b8b6f0, 0x0000029dd6b8b060, 0x0000029dd6b8bd80, 0x0000029dd481eab0,
0x0000029dd79647c0, 0x0000029dd7966f20, 0x0000029dd7968ff0, 0x0000029dd7965b70,
0x0000029dd7962d80, 0x0000029dd7966200, 0x0000029dd79626f0
}

Java Threads: ( => current thread )
  0x0000029df5ca4a50 JavaThread "main"                              [_thread_blocked, id=64224, stack(0x000000f358e00000,0x000000f358f00000) (1024K)]
  0x0000029dfd3bf1a0 JavaThread "Reference Handler"          daemon [_thread_blocked, id=9716, stack(0x000000f359200000,0x000000f359300000) (1024K)]
  0x0000029dfd3c0990 JavaThread "Finalizer"                  daemon [_thread_blocked, id=33252, stack(0x000000f359300000,0x000000f359400000) (1024K)]
  0x0000029dfd3c49d0 JavaThread "Signal Dispatcher"          daemon [_thread_blocked, id=64096, stack(0x000000f359400000,0x000000f359500000) (1024K)]
  0x0000029dfd3c5620 JavaThread "Attach Listener"            daemon [_thread_blocked, id=63768, stack(0x000000f359500000,0x000000f359600000) (1024K)]
  0x0000029dfd3cade0 JavaThread "Service Thread"             daemon [_thread_blocked, id=66260, stack(0x000000f359600000,0x000000f359700000) (1024K)]
  0x0000029dfd3cb830 JavaThread "Monitor Deflation Thread"   daemon [_thread_blocked, id=64156, stack(0x000000f359700000,0x000000f359800000) (1024K)]
=>0x0000029dfd3d3720 JavaThread "C2 CompilerThread0"         daemon [_thread_in_native, id=47376, stack(0x000000f359800000,0x000000f359900000) (1024K)]
  0x0000029dfd3d6aa0 JavaThread "C1 CompilerThread0"         daemon [_thread_blocked, id=64000, stack(0x000000f359900000,0x000000f359a00000) (1024K)]
  0x0000029dfee53f90 JavaThread "Common-Cleaner"             daemon [_thread_blocked, id=57560, stack(0x000000f359a00000,0x000000f359b00000) (1024K)]
  0x0000029dff0bf4a0 JavaThread "Notification Thread"        daemon [_thread_blocked, id=13572, stack(0x000000f359c00000,0x000000f359d00000) (1024K)]
  0x0000029dd426d090 JavaThread "Active Thread: Equinox Container: 30d7afa1-0ea2-4361-ab51-8634d99a3a46"        [_thread_blocked, id=51616, stack(0x000000f35a400000,0x000000f35a500000) (1024K)]
  0x0000029dff711640 JavaThread "Refresh Thread: Equinox Container: 30d7afa1-0ea2-4361-ab51-8634d99a3a46" daemon [_thread_blocked, id=7192, stack(0x000000f359d00000,0x000000f359e00000) (1024K)]
  0x0000029dff14b940 JavaThread "Framework Event Dispatcher: Equinox Container: 30d7afa1-0ea2-4361-ab51-8634d99a3a46" daemon [_thread_blocked, id=62708, stack(0x000000f35a600000,0x000000f35a700000) (1024K)]
  0x0000029dd4494f10 JavaThread "Start Level: Equinox Container: 30d7afa1-0ea2-4361-ab51-8634d99a3a46" daemon [_thread_blocked, id=65328, stack(0x000000f35a700000,0x000000f35a800000) (1024K)]
  0x0000029dd481e420 JavaThread "Bundle File Closer"         daemon [_thread_blocked, id=65464, stack(0x000000f35a900000,0x000000f35aa00000) (1024K)]
  0x0000029dd481dd90 JavaThread "SCR Component Actor"        daemon [_thread_blocked, id=36820, stack(0x000000f359b00000,0x000000f359c00000) (1024K)]
  0x0000029dd481d700 JavaThread "Worker-JM"                         [_thread_blocked, id=66320, stack(0x000000f35ab00000,0x000000f35ac00000) (1024K)]
  0x0000029dd48de220 JavaThread "JNA Cleaner"                daemon [_thread_blocked, id=56812, stack(0x000000f35ac00000,0x000000f35ad00000) (1024K)]
  0x0000029dd48df5d0 JavaThread "Worker-0"                          [_thread_blocked, id=59788, stack(0x000000f35ad00000,0x000000f35ae00000) (1024K)]
  0x0000029dd48dfc60 JavaThread "Worker-1"                          [_thread_blocked, id=60972, stack(0x000000f35ae00000,0x000000f35af00000) (1024K)]
  0x0000029dd48dbac0 JavaThread "Java indexing"              daemon [_thread_blocked, id=12624, stack(0x000000f35af00000,0x000000f35b000000) (1024K)]
  0x0000029dd48e02f0 JavaThread "Worker-2: Java indexing... "        [_thread_blocked, id=4748, stack(0x000000f35b000000,0x000000f35b100000) (1024K)]
  0x0000029dd48db430 JavaThread "Worker-3: Initialize Workspace"        [_thread_blocked, id=65548, stack(0x000000f35b100000,0x000000f35b200000) (1024K)]
  0x0000029dd48e0980 JavaThread "Worker-4"                          [_thread_blocked, id=63192, stack(0x000000f35b200000,0x000000f35b300000) (1024K)]
  0x0000029dd48dc150 JavaThread "Thread-2"                   daemon [_thread_in_native, id=61876, stack(0x000000f35b300000,0x000000f35b400000) (1024K)]
  0x0000029dd48dc7e0 JavaThread "Thread-3"                   daemon [_thread_in_native, id=67080, stack(0x000000f35b400000,0x000000f35b500000) (1024K)]
  0x0000029dd48ddb90 JavaThread "Thread-4"                   daemon [_thread_in_native, id=64288, stack(0x000000f35b500000,0x000000f35b600000) (1024K)]
  0x0000029dd48dce70 JavaThread "Thread-5"                   daemon [_thread_in_native, id=37148, stack(0x000000f35b600000,0x000000f35b700000) (1024K)]
  0x0000029dd48e1010 JavaThread "Thread-6"                   daemon [_thread_in_native, id=55968, stack(0x000000f35b700000,0x000000f35b800000) (1024K)]
  0x0000029dd48da080 JavaThread "Thread-7"                   daemon [_thread_in_native, id=58840, stack(0x000000f35b800000,0x000000f35b900000) (1024K)]
  0x0000029dd48de8b0 JavaThread "Thread-8"                   daemon [_thread_in_native, id=58844, stack(0x000000f35b900000,0x000000f35ba00000) (1024K)]
  0x0000029dd48e16a0 JavaThread "Thread-9"                   daemon [_thread_in_native, id=54952, stack(0x000000f35ba00000,0x000000f35bb00000) (1024K)]
  0x0000029dd48dd500 JavaThread "Thread-10"                  daemon [_thread_in_native, id=59796, stack(0x000000f35bb00000,0x000000f35bc00000) (1024K)]
  0x0000029dd48def40 JavaThread "pool-2-thread-1"                   [_thread_blocked, id=64904, stack(0x000000f35bc00000,0x000000f35bd00000) (1024K)]
  0x0000029dd48dada0 JavaThread "WorkspaceEventsHandler"            [_thread_blocked, id=56448, stack(0x000000f35bd00000,0x000000f35be00000) (1024K)]
  0x0000029dd6b88270 JavaThread "pool-1-thread-1"                   [_thread_blocked, id=56216, stack(0x000000f35be00000,0x000000f35bf00000) (1024K)]
  0x0000029dd6b8de50 JavaThread "Worker-5: Initialize workspace"        [_thread_blocked, id=24920, stack(0x000000f35c000000,0x000000f35c100000) (1024K)]
  0x0000029dd6b8a340 JavaThread "LocalFile Deleter"          daemon [_thread_blocked, id=3876, stack(0x000000f35c100000,0x000000f35c200000) (1024K)]
  0x0000029dd6b88f90 JavaThread "LocalFile Deleter"          daemon [_thread_blocked, id=50952, stack(0x000000f35c200000,0x000000f35c300000) (1024K)]
  0x0000029dd6b8eb70 JavaThread "LocalFile Deleter"          daemon [_thread_blocked, id=44112, stack(0x000000f35c300000,0x000000f35c400000) (1024K)]
  0x0000029dd6b8d130 JavaThread "LocalFile Deleter"          daemon [_thread_blocked, id=66200, stack(0x000000f35c400000,0x000000f35c500000) (1024K)]
  0x0000029dd6b89cb0 JavaThread "LocalFile Deleter"          daemon [_thread_blocked, id=64620, stack(0x000000f35c500000,0x000000f35c600000) (1024K)]
  0x0000029dd6b89620 JavaThread "LocalFile Deleter"          daemon [_thread_blocked, id=58668, stack(0x000000f35c600000,0x000000f35c700000) (1024K)]
  0x0000029dd6b8d7c0 JavaThread "LocalFile Deleter"          daemon [_thread_blocked, id=64036, stack(0x000000f35c700000,0x000000f35c800000) (1024K)]
  0x0000029dd6b8a9d0 JavaThread "LocalFile Deleter"          daemon [_thread_blocked, id=29268, stack(0x000000f35c800000,0x000000f35c900000) (1024K)]
  0x0000029dd6b8f890 JavaThread "Compiler Source File Reader" daemon [_thread_blocked, id=48112, stack(0x000000f35a800000,0x000000f35a900000) (1024K)]
  0x0000029dd6b8f200 JavaThread "Compiler Source File Reader" daemon [_thread_blocked, id=37316, stack(0x000000f35c900000,0x000000f35ca00000) (1024K)]
  0x0000029dd6b8b6f0 JavaThread "Compiler Source File Reader" daemon [_thread_blocked, id=39516, stack(0x000000f35ca00000,0x000000f35cb00000) (1024K)]
  0x0000029dd6b8b060 JavaThread "Compiler Source File Reader" daemon [_thread_blocked, id=48440, stack(0x000000f35cb00000,0x000000f35cc00000) (1024K)]
  0x0000029dd6b8bd80 JavaThread "Compiler Source File Reader" daemon [_thread_blocked, id=65476, stack(0x000000f35cc00000,0x000000f35cd00000) (1024K)]
  0x0000029dd481eab0 JavaThread "Compiler Source File Reader" daemon [_thread_blocked, id=36312, stack(0x000000f35cd00000,0x000000f35ce00000) (1024K)]
  0x0000029dd79647c0 JavaThread "Compiler Processing Task"   daemon [_thread_blocked, id=66068, stack(0x000000f35ce00000,0x000000f35cf00000) (1024K)]
  0x0000029dd7966f20 JavaThread "Compiler Class File Writer" daemon [_thread_blocked, id=58336, stack(0x000000f35cf00000,0x000000f35d000000) (1024K)]
  0x0000029dd7968ff0 JavaThread "Compiler Class File Writer" daemon [_thread_blocked, id=44328, stack(0x000000f35d000000,0x000000f35d100000) (1024K)]
  0x0000029dd7965b70 JavaThread "Compiler Class File Writer" daemon [_thread_blocked, id=59232, stack(0x000000f35d100000,0x000000f35d200000) (1024K)]
  0x0000029dd7962d80 JavaThread "Compiler Class File Writer" daemon [_thread_blocked, id=64628, stack(0x000000f35d200000,0x000000f35d300000) (1024K)]
  0x0000029dd7966200 JavaThread "Compiler Class File Writer" daemon [_thread_blocked, id=65564, stack(0x000000f35d300000,0x000000f35d400000) (1024K)]
  0x0000029dd79626f0 JavaThread "Compiler Class File Writer" daemon [_thread_blocked, id=27948, stack(0x000000f35d400000,0x000000f35d500000) (1024K)]
Total: 59

Other Threads:
  0x0000029df5c6fa20 VMThread "VM Thread"                           [id=55684, stack(0x000000f359100000,0x000000f359200000) (1024K)]
  0x0000029df807c870 WatcherThread "VM Periodic Task Thread"        [id=59264, stack(0x000000f359000000,0x000000f359100000) (1024K)]
  0x0000029df5c71380 WorkerThread "GC Thread#0"                     [id=66932, stack(0x000000f358f00000,0x000000f359000000) (1024K)]
  0x0000029df5c70500 WorkerThread "GC Thread#1"                     [id=62684, stack(0x000000f359e00000,0x000000f359f00000) (1024K)]
  0x0000029dd4003730 WorkerThread "GC Thread#2"                     [id=62176, stack(0x000000f359f00000,0x000000f35a000000) (1024K)]
  0x0000029dd40000d0 WorkerThread "GC Thread#3"                     [id=42360, stack(0x000000f35a000000,0x000000f35a100000) (1024K)]
  0x0000029dd4001a30 WorkerThread "GC Thread#4"                     [id=57360, stack(0x000000f35a100000,0x000000f35a200000) (1024K)]
  0x0000029dd4002c50 WorkerThread "GC Thread#5"                     [id=31944, stack(0x000000f35a200000,0x000000f35a300000) (1024K)]
  0x0000029dd4000470 WorkerThread "GC Thread#6"                     [id=55408, stack(0x000000f35a300000,0x000000f35a400000) (1024K)]
  0x0000029dd4001dd0 WorkerThread "GC Thread#7"                     [id=54628, stack(0x000000f35a500000,0x000000f35a600000) (1024K)]
Total: 10

Threads with active compile tasks:
C2 CompilerThread0  31475 13812   !   4       org.eclipse.jdt.internal.compiler.classfmt.ClassFileReader::<init> (2135 bytes)
Total: 1

VM state: at safepoint (normal execution)

VM Mutex/Monitor currently owned by a thread:  ([mutex/lock_event])
[0x00007ffb9df1e308] Threads_lock - owner thread: 0x0000029df5c6fa20
[0x00007ffb9df1e408] Heap_lock - owner thread: 0x0000029dd48dbac0

Heap address: 0x00000000c0000000, size: 1024 MB, Compressed Oops mode: 32-bit

CDS archive(s) mapped at: [0x0000029d8f000000-0x0000029d8fba0000-0x0000029d8fba0000), size 12189696, SharedBaseAddress: 0x0000029d8f000000, ArchiveRelocationMode: 1.
Compressed class space mapped at: 0x0000029d90000000-0x0000029dd0000000, reserved size: 1073741824
Narrow klass base: 0x0000029d8f000000, Narrow klass shift: 0, Narrow klass range: 0x100000000

GC Precious Log:
 CardTable entry size: 512
 CPUs: 8 total, 8 available
 Memory: 6091M
 Large Page Support: Disabled
 NUMA Support: Disabled
 Compressed Oops: Enabled (32-bit)
 Alignments: Space 512K, Generation 512K, Heap 2M
 Heap Min Capacity: 100M
 Heap Initial Capacity: 100M
 Heap Max Capacity: 1G
 Pre-touch: Disabled
 Parallel Workers: 8

Heap:
 PSYoungGen      total 4608K, used 4160K [0x00000000eab00000, 0x00000000eb080000, 0x0000000100000000)
  eden space 3584K, 100% used [0x00000000eab00000,0x00000000eae80000,0x00000000eae80000)
  from space 1024K, 56% used [0x00000000eae80000,0x00000000eaf10000,0x00000000eaf80000)
  to   space 1024K, 40% used [0x00000000eaf80000,0x00000000eafe8000,0x00000000eb080000)
 ParOldGen       total 430592K, used 430369K [0x00000000c0000000, 0x00000000da480000, 0x00000000eab00000)
  object space 430592K, 99% used [0x00000000c0000000,0x00000000da4484d8,0x00000000da480000)
 Metaspace       used 65154K, committed 66624K, reserved 1114112K
  class space    used 6535K, committed 7168K, reserved 1048576K

Card table byte_map: [0x0000029df79a0000,0x0000029df7bb0000] _byte_map_base: 0x0000029df73a0000

Marking Bits: (ParMarkBitMap*) 0x00007ffb9df231f0
 Begin Bits: [0x0000029dfb1f0000, 0x0000029dfc1f0000)
 End Bits:   [0x0000029dfc1f0000, 0x0000029dfd1f0000)

Polling page: 0x0000029df7640000

Metaspace:

Usage:
  Non-class:     57.25 MB used.
      Class:      6.38 MB used.
       Both:     63.63 MB used.

Virtual space:
  Non-class space:       64.00 MB reserved,      58.06 MB ( 91%) committed,  1 nodes.
      Class space:        1.00 GB reserved,       7.00 MB ( <1%) committed,  1 nodes.
             Both:        1.06 GB reserved,      65.06 MB (  6%) committed. 

Chunk freelists:
   Non-Class:  5.28 MB
       Class:  9.00 MB
        Both:  14.28 MB

MaxMetaspaceSize: unlimited
CompressedClassSpaceSize: 1.00 GB
Initial GC threshold: 21.00 MB
Current GC threshold: 97.31 MB
CDS: on
 - commit_granule_bytes: 65536.
 - commit_granule_words: 8192.
 - virtual_space_node_default_size: 8388608.
 - enlarge_chunks_in_place: 1.
 - use_allocation_guard: 0.


Internal statistics:

num_allocs_failed_limit: 9.
num_arena_births: 1290.
num_arena_deaths: 14.
num_vsnodes_births: 2.
num_vsnodes_deaths: 0.
num_space_committed: 1041.
num_space_uncommitted: 0.
num_chunks_returned_to_freelist: 23.
num_chunks_taken_from_freelist: 4483.
num_chunk_merges: 15.
num_chunk_splits: 2710.
num_chunks_enlarged: 1452.
num_inconsistent_stats: 0.

CodeHeap 'non-profiled nmethods': size=120000Kb used=9013Kb max_used=9013Kb free=110986Kb
 bounds [0x0000029d87ad0000, 0x0000029d883a0000, 0x0000029d8f000000]
CodeHeap 'profiled nmethods': size=120000Kb used=31012Kb max_used=31012Kb free=88987Kb
 bounds [0x0000029d80000000, 0x0000029d81e50000, 0x0000029d87530000]
CodeHeap 'non-nmethods': size=5760Kb used=1434Kb max_used=1504Kb free=4325Kb
 bounds [0x0000029d87530000, 0x0000029d877a0000, 0x0000029d87ad0000]
 total_blobs=13770 nmethods=13030 adapters=644
 compilation: enabled
              stopped_count=0, restarted_count=0
 full_count=0

Compilation events (20 events):
Event: 30.548 Thread 0x0000029dfd3d6aa0 13837       2       org.eclipse.jdt.internal.compiler.ast.Annotation::getRetentionPolicy (92 bytes)
Event: 30.548 Thread 0x0000029dfd3d6aa0 nmethod 13837 0x0000029d81e3e890 code [0x0000029d81e3ea80, 0x0000029d81e3ed10]
Event: 30.551 Thread 0x0000029dfd3d6aa0 13838       2       org.eclipse.jdt.internal.core.search.indexing.BinaryIndexer::addBinaryRetentionAnnotation (74 bytes)
Event: 30.552 Thread 0x0000029dfd3d6aa0 nmethod 13838 0x0000029d81e3ee90 code [0x0000029d81e3f0c0, 0x0000029d81e3f478]
Event: 30.552 Thread 0x0000029dfd3d6aa0 13839       2       org.eclipse.jdt.internal.core.search.indexing.BinaryIndexer::addBinaryTargetAnnotation (349 bytes)
Event: 30.555 Thread 0x0000029dfd3d6aa0 nmethod 13839 0x0000029d81e3f790 code [0x0000029d81e3fb40, 0x0000029d81e40708]
Event: 30.613 Thread 0x0000029dfd3d6aa0 13840       2       org.eclipse.jdt.internal.compiler.classfmt.FieldInfoWithAnnotation::<init> (106 bytes)
Event: 30.613 Thread 0x0000029dfd3d6aa0 nmethod 13840 0x0000029d81e41290 code [0x0000029d81e41420, 0x0000029d81e41640]
Event: 30.621 Thread 0x0000029dfd3d3720 nmethod 13772% 0x0000029d8838e710 code [0x0000029d8838ef80, 0x0000029d88398890]
Event: 30.625 Thread 0x0000029dfd3d3720 13812   !   4       org.eclipse.jdt.internal.compiler.classfmt.ClassFileReader::<init> (2135 bytes)
Event: 30.753 Thread 0x0000029dfd3d6aa0 13844       3       org.eclipse.jdt.internal.core.search.JavaSearchDocument::<init> (21 bytes)
Event: 30.759 Thread 0x0000029dfd3d6aa0 nmethod 13844 0x0000029d81e41710 code [0x0000029d81e41b20, 0x0000029d81e43d58]
Event: 30.759 Thread 0x0000029dfd3d6aa0 13845   !   3       org.eclipse.jdt.internal.compiler.util.Util::getZipEntryByteContent (84 bytes)
Event: 30.759 Thread 0x0000029dfd3d6aa0 nmethod 13845 0x0000029d81e44910 code [0x0000029d81e44b60, 0x0000029d81e45310]
Event: 30.908 Thread 0x0000029dfd3d6aa0 13847  s    1       org.eclipse.jdt.internal.core.search.processing.JobManager::getProcessingThread (5 bytes)
Event: 30.908 Thread 0x0000029dfd3d6aa0 nmethod 13847 0x0000029d8839d110 code [0x0000029d8839d2a0, 0x0000029d8839d428]
Event: 31.024 Thread 0x0000029dfd3d6aa0 13848       2       org.eclipse.jdt.internal.compiler.classfmt.TypeAnnotationInfo::<init> (445 bytes)
Event: 31.026 Thread 0x0000029dfd3d6aa0 nmethod 13848 0x0000029d81e45790 code [0x0000029d81e459c0, 0x0000029d81e46250]
Event: 31.026 Thread 0x0000029dfd3d6aa0 13849       2       org.eclipse.jdt.internal.compiler.classfmt.TypeAnnotationInfo::<init> (18 bytes)
Event: 31.026 Thread 0x0000029dfd3d6aa0 nmethod 13849 0x0000029d81e46810 code [0x0000029d81e469a0, 0x0000029d81e46ae8]

GC Heap History (20 events):
Event: 31.145 GC heap before
{Heap before GC invocations=443 (full 3):
 PSYoungGen      total 4096K, used 4096K [0x00000000eab00000, 0x00000000eb180000, 0x0000000100000000)
  eden space 3584K, 100% used [0x00000000eab00000,0x00000000eae80000,0x00000000eae80000)
  from space 512K, 100% used [0x00000000eaf00000,0x00000000eaf80000,0x00000000eaf80000)
  to   space 1536K, 0% used [0x00000000eb000000,0x00000000eb000000,0x00000000eb180000)
 ParOldGen       total 425472K, used 425035K [0x00000000c0000000, 0x00000000d9f80000, 0x00000000eab00000)
  object space 425472K, 99% used [0x00000000c0000000,0x00000000d9f12cc8,0x00000000d9f80000)
 Metaspace       used 65154K, committed 66624K, reserved 1114112K
  class space    used 6535K, committed 7168K, reserved 1048576K
}
Event: 31.147 GC heap after
{Heap after GC invocations=443 (full 3):
 PSYoungGen      total 4608K, used 608K [0x00000000eab00000, 0x00000000eb100000, 0x0000000100000000)
  eden space 3584K, 0% used [0x00000000eab00000,0x00000000eab00000,0x00000000eae80000)
  from space 1024K, 59% used [0x00000000eb000000,0x00000000eb098270,0x00000000eb100000)
  to   space 1024K, 0% used [0x00000000eaf00000,0x00000000eaf00000,0x00000000eb000000)
 ParOldGen       total 425472K, used 425459K [0x00000000c0000000, 0x00000000d9f80000, 0x00000000eab00000)
  object space 425472K, 99% used [0x00000000c0000000,0x00000000d9f7ccc8,0x00000000d9f80000)
 Metaspace       used 65154K, committed 66624K, reserved 1114112K
  class space    used 6535K, committed 7168K, reserved 1048576K
}
Event: 31.168 GC heap before
{Heap before GC invocations=444 (full 3):
 PSYoungGen      total 4608K, used 4179K [0x00000000eab00000, 0x00000000eb100000, 0x0000000100000000)
  eden space 3584K, 99% used [0x00000000eab00000,0x00000000eae7cc28,0x00000000eae80000)
  from space 1024K, 59% used [0x00000000eb000000,0x00000000eb098270,0x00000000eb100000)
  to   space 1024K, 0% used [0x00000000eaf00000,0x00000000eaf00000,0x00000000eb000000)
 ParOldGen       total 425472K, used 425459K [0x00000000c0000000, 0x00000000d9f80000, 0x00000000eab00000)
  object space 425472K, 99% used [0x00000000c0000000,0x00000000d9f7ccc8,0x00000000d9f80000)
 Metaspace       used 65154K, committed 66624K, reserved 1114112K
  class space    used 6535K, committed 7168K, reserved 1048576K
}
Event: 31.170 GC heap after
{Heap after GC invocations=444 (full 3):
 PSYoungGen      total 4608K, used 531K [0x00000000eab00000, 0x00000000eb080000, 0x0000000100000000)
  eden space 3584K, 0% used [0x00000000eab00000,0x00000000eab00000,0x00000000eae80000)
  from space 1024K, 51% used [0x00000000eaf00000,0x00000000eaf84d50,0x00000000eb000000)
  to   space 512K, 0% used [0x00000000eb000000,0x00000000eb000000,0x00000000eb080000)
 ParOldGen       total 425984K, used 425923K [0x00000000c0000000, 0x00000000da000000, 0x00000000eab00000)
  object space 425984K, 99% used [0x00000000c0000000,0x00000000d9ff0cc8,0x00000000da000000)
 Metaspace       used 65154K, committed 66624K, reserved 1114112K
  class space    used 6535K, committed 7168K, reserved 1048576K
}
Event: 31.189 GC heap before
{Heap before GC invocations=445 (full 3):
 PSYoungGen      total 4608K, used 4102K [0x00000000eab00000, 0x00000000eb080000, 0x0000000100000000)
  eden space 3584K, 99% used [0x00000000eab00000,0x00000000eae7cc30,0x00000000eae80000)
  from space 1024K, 51% used [0x00000000eaf00000,0x00000000eaf84d50,0x00000000eb000000)
  to   space 512K, 0% used [0x00000000eb000000,0x00000000eb000000,0x00000000eb080000)
 ParOldGen       total 425984K, used 425923K [0x00000000c0000000, 0x00000000da000000, 0x00000000eab00000)
  object space 425984K, 99% used [0x00000000c0000000,0x00000000d9ff0cc8,0x00000000da000000)
 Metaspace       used 65154K, committed 66624K, reserved 1114112K
  class space    used 6535K, committed 7168K, reserved 1048576K
}
Event: 31.191 GC heap after
{Heap after GC invocations=445 (full 3):
 PSYoungGen      total 4096K, used 448K [0x00000000eab00000, 0x00000000eb080000, 0x0000000100000000)
  eden space 3584K, 0% used [0x00000000eab00000,0x00000000eab00000,0x00000000eae80000)
  from space 512K, 87% used [0x00000000eb000000,0x00000000eb070000,0x00000000eb080000)
  to   space 512K, 0% used [0x00000000eaf80000,0x00000000eaf80000,0x00000000eb000000)
 ParOldGen       total 426496K, used 426291K [0x00000000c0000000, 0x00000000da080000, 0x00000000eab00000)
  object space 426496K, 99% used [0x00000000c0000000,0x00000000da04ccc8,0x00000000da080000)
 Metaspace       used 65154K, committed 66624K, reserved 1114112K
  class space    used 6535K, committed 7168K, reserved 1048576K
}
Event: 31.213 GC heap before
{Heap before GC invocations=446 (full 3):
 PSYoungGen      total 4096K, used 4032K [0x00000000eab00000, 0x00000000eb080000, 0x0000000100000000)
  eden space 3584K, 100% used [0x00000000eab00000,0x00000000eae80000,0x00000000eae80000)
  from space 512K, 87% used [0x00000000eb000000,0x00000000eb070000,0x00000000eb080000)
  to   space 512K, 0% used [0x00000000eaf80000,0x00000000eaf80000,0x00000000eb000000)
 ParOldGen       total 426496K, used 426291K [0x00000000c0000000, 0x00000000da080000, 0x00000000eab00000)
  object space 426496K, 99% used [0x00000000c0000000,0x00000000da04ccc8,0x00000000da080000)
 Metaspace       used 65154K, committed 66624K, reserved 1114112K
  class space    used 6535K, committed 7168K, reserved 1048576K
}
Event: 31.215 GC heap after
{Heap after GC invocations=446 (full 3):
 PSYoungGen      total 4096K, used 480K [0x00000000eab00000, 0x00000000eb080000, 0x0000000100000000)
  eden space 3584K, 0% used [0x00000000eab00000,0x00000000eab00000,0x00000000eae80000)
  from space 512K, 93% used [0x00000000eaf80000,0x00000000eaff8000,0x00000000eb000000)
  to   space 512K, 0% used [0x00000000eb000000,0x00000000eb000000,0x00000000eb080000)
 ParOldGen       total 427008K, used 426683K [0x00000000c0000000, 0x00000000da100000, 0x00000000eab00000)
  object space 427008K, 99% used [0x00000000c0000000,0x00000000da0aecc8,0x00000000da100000)
 Metaspace       used 65154K, committed 66624K, reserved 1114112K
  class space    used 6535K, committed 7168K, reserved 1048576K
}
Event: 31.239 GC heap before
{Heap before GC invocations=447 (full 3):
 PSYoungGen      total 4096K, used 4064K [0x00000000eab00000, 0x00000000eb080000, 0x0000000100000000)
  eden space 3584K, 100% used [0x00000000eab00000,0x00000000eae80000,0x00000000eae80000)
  from space 512K, 93% used [0x00000000eaf80000,0x00000000eaff8000,0x00000000eb000000)
  to   space 512K, 0% used [0x00000000eb000000,0x00000000eb000000,0x00000000eb080000)
 ParOldGen       total 427008K, used 426683K [0x00000000c0000000, 0x00000000da100000, 0x00000000eab00000)
  object space 427008K, 99% used [0x00000000c0000000,0x00000000da0aecc8,0x00000000da100000)
 Metaspace       used 65154K, committed 66624K, reserved 1114112K
  class space    used 6535K, committed 7168K, reserved 1048576K
}
Event: 31.241 GC heap after
{Heap after GC invocations=447 (full 3):
 PSYoungGen      total 4096K, used 512K [0x00000000eab00000, 0x00000000eb080000, 0x0000000100000000)
  eden space 3584K, 0% used [0x00000000eab00000,0x00000000eab00000,0x00000000eae80000)
  from space 512K, 100% used [0x00000000eb000000,0x00000000eb080000,0x00000000eb080000)
  to   space 1024K, 0% used [0x00000000eae80000,0x00000000eae80000,0x00000000eaf80000)
 ParOldGen       total 427520K, used 427067K [0x00000000c0000000, 0x00000000da180000, 0x00000000eab00000)
  object space 427520K, 99% used [0x00000000c0000000,0x00000000da10ecc8,0x00000000da180000)
 Metaspace       used 65154K, committed 66624K, reserved 1114112K
  class space    used 6535K, committed 7168K, reserved 1048576K
}
Event: 31.260 GC heap before
{Heap before GC invocations=448 (full 3):
 PSYoungGen      total 4096K, used 4096K [0x00000000eab00000, 0x00000000eb080000, 0x0000000100000000)
  eden space 3584K, 100% used [0x00000000eab00000,0x00000000eae80000,0x00000000eae80000)
  from space 512K, 100% used [0x00000000eb000000,0x00000000eb080000,0x00000000eb080000)
  to   space 1024K, 0% used [0x00000000eae80000,0x00000000eae80000,0x00000000eaf80000)
 ParOldGen       total 427520K, used 427067K [0x00000000c0000000, 0x00000000da180000, 0x00000000eab00000)
  object space 427520K, 99% used [0x00000000c0000000,0x00000000da10ecc8,0x00000000da180000)
 Metaspace       used 65154K, committed 66624K, reserved 1114112K
  class space    used 6535K, committed 7168K, reserved 1048576K
}
Event: 31.263 GC heap after
{Heap after GC invocations=448 (full 3):
 PSYoungGen      total 4608K, used 480K [0x00000000eab00000, 0x00000000eb080000, 0x0000000100000000)
  eden space 3584K, 0% used [0x00000000eab00000,0x00000000eab00000,0x00000000eae80000)
  from space 1024K, 46% used [0x00000000eae80000,0x00000000eaef8000,0x00000000eaf80000)
  to   space 1024K, 0% used [0x00000000eaf80000,0x00000000eaf80000,0x00000000eb080000)
 ParOldGen       total 427520K, used 427507K [0x00000000c0000000, 0x00000000da180000, 0x00000000eab00000)
  object space 427520K, 99% used [0x00000000c0000000,0x00000000da17ccc8,0x00000000da180000)
 Metaspace       used 65154K, committed 66624K, reserved 1114112K
  class space    used 6535K, committed 7168K, reserved 1048576K
}
Event: 31.281 GC heap before
{Heap before GC invocations=449 (full 3):
 PSYoungGen      total 4608K, used 4064K [0x00000000eab00000, 0x00000000eb080000, 0x0000000100000000)
  eden space 3584K, 100% used [0x00000000eab00000,0x00000000eae80000,0x00000000eae80000)
  from space 1024K, 46% used [0x00000000eae80000,0x00000000eaef8000,0x00000000eaf80000)
  to   space 1024K, 0% used [0x00000000eaf80000,0x00000000eaf80000,0x00000000eb080000)
 ParOldGen       total 427520K, used 427507K [0x00000000c0000000, 0x00000000da180000, 0x00000000eab00000)
  object space 427520K, 99% used [0x00000000c0000000,0x00000000da17ccc8,0x00000000da180000)
 Metaspace       used 65154K, committed 66624K, reserved 1114112K
  class space    used 6535K, committed 7168K, reserved 1048576K
}
Event: 31.283 GC heap after
{Heap after GC invocations=449 (full 3):
 PSYoungGen      total 4096K, used 475K [0x00000000eab00000, 0x00000000eb000000, 0x0000000100000000)
  eden space 3584K, 0% used [0x00000000eab00000,0x00000000eab00000,0x00000000eae80000)
  from space 512K, 92% used [0x00000000eaf80000,0x00000000eaff6c08,0x00000000eb000000)
  to   space 512K, 0% used [0x00000000eaf00000,0x00000000eaf00000,0x00000000eaf80000)
 ParOldGen       total 428032K, used 427859K [0x00000000c0000000, 0x00000000da200000, 0x00000000eab00000)
  object space 428032K, 99% used [0x00000000c0000000,0x00000000da1d4cc8,0x00000000da200000)
 Metaspace       used 65154K, committed 66624K, reserved 1114112K
  class space    used 6535K, committed 7168K, reserved 1048576K
}
Event: 31.304 GC heap before
{Heap before GC invocations=450 (full 3):
 PSYoungGen      total 4096K, used 4059K [0x00000000eab00000, 0x00000000eb000000, 0x0000000100000000)
  eden space 3584K, 100% used [0x00000000eab00000,0x00000000eae80000,0x00000000eae80000)
  from space 512K, 92% used [0x00000000eaf80000,0x00000000eaff6c08,0x00000000eb000000)
  to   space 512K, 0% used [0x00000000eaf00000,0x00000000eaf00000,0x00000000eaf80000)
 ParOldGen       total 428032K, used 427859K [0x00000000c0000000, 0x00000000da200000, 0x00000000eab00000)
  object space 428032K, 99% used [0x00000000c0000000,0x00000000da1d4cc8,0x00000000da200000)
 Metaspace       used 65154K, committed 66624K, reserved 1114112K
  class space    used 6535K, committed 7168K, reserved 1048576K
}
Event: 31.307 GC heap after
{Heap after GC invocations=450 (full 3):
 PSYoungGen      total 4096K, used 416K [0x00000000eab00000, 0x00000000eb000000, 0x0000000100000000)
  eden space 3584K, 0% used [0x00000000eab00000,0x00000000eab00000,0x00000000eae80000)
  from space 512K, 81% used [0x00000000eaf00000,0x00000000eaf68000,0x00000000eaf80000)
  to   space 512K, 0% used [0x00000000eaf80000,0x00000000eaf80000,0x00000000eb000000)
 ParOldGen       total 428544K, used 428225K [0x00000000c0000000, 0x00000000da280000, 0x00000000eab00000)
  object space 428544K, 99% used [0x00000000c0000000,0x00000000da2304d8,0x00000000da280000)
 Metaspace       used 65154K, committed 66624K, reserved 1114112K
  class space    used 6535K, committed 7168K, reserved 1048576K
}
Event: 31.327 GC heap before
{Heap before GC invocations=451 (full 3):
 PSYoungGen      total 4096K, used 3989K [0x00000000eab00000, 0x00000000eb000000, 0x0000000100000000)
  eden space 3584K, 99% used [0x00000000eab00000,0x00000000eae7d410,0x00000000eae80000)
  from space 512K, 81% used [0x00000000eaf00000,0x00000000eaf68000,0x00000000eaf80000)
  to   space 512K, 0% used [0x00000000eaf80000,0x00000000eaf80000,0x00000000eb000000)
 ParOldGen       total 428544K, used 428225K [0x00000000c0000000, 0x00000000da280000, 0x00000000eab00000)
  object space 428544K, 99% used [0x00000000c0000000,0x00000000da2304d8,0x00000000da280000)
 Metaspace       used 65154K, committed 66624K, reserved 1114112K
  class space    used 6535K, committed 7168K, reserved 1048576K
}
Event: 31.330 GC heap after
{Heap after GC invocations=451 (full 3):
 PSYoungGen      total 4096K, used 512K [0x00000000eab00000, 0x00000000eb080000, 0x0000000100000000)
  eden space 3584K, 0% used [0x00000000eab00000,0x00000000eab00000,0x00000000eae80000)
  from space 512K, 100% used [0x00000000eaf80000,0x00000000eb000000,0x00000000eb000000)
  to   space 1024K, 0% used [0x00000000eae80000,0x00000000eae80000,0x00000000eaf80000)
 ParOldGen       total 429056K, used 428601K [0x00000000c0000000, 0x00000000da300000, 0x00000000eab00000)
  object space 429056K, 99% used [0x00000000c0000000,0x00000000da28e4d8,0x00000000da300000)
 Metaspace       used 65154K, committed 66624K, reserved 1114112K
  class space    used 6535K, committed 7168K, reserved 1048576K
}
Event: 31.351 GC heap before
{Heap before GC invocations=452 (full 3):
 PSYoungGen      total 4096K, used 4096K [0x00000000eab00000, 0x00000000eb080000, 0x0000000100000000)
  eden space 3584K, 100% used [0x00000000eab00000,0x00000000eae80000,0x00000000eae80000)
  from space 512K, 100% used [0x00000000eaf80000,0x00000000eb000000,0x00000000eb000000)
  to   space 1024K, 0% used [0x00000000eae80000,0x00000000eae80000,0x00000000eaf80000)
 ParOldGen       total 429056K, used 428601K [0x00000000c0000000, 0x00000000da300000, 0x00000000eab00000)
  object space 429056K, 99% used [0x00000000c0000000,0x00000000da28e4d8,0x00000000da300000)
 Metaspace       used 65154K, committed 66624K, reserved 1114112K
  class space    used 6535K, committed 7168K, reserved 1048576K
}
Event: 31.353 GC heap after
{Heap after GC invocations=452 (full 3):
 PSYoungGen      total 4608K, used 512K [0x00000000eab00000, 0x00000000eb080000, 0x0000000100000000)
  eden space 3584K, 0% used [0x00000000eab00000,0x00000000eab00000,0x00000000eae80000)
  from space 1024K, 50% used [0x00000000eae80000,0x00000000eaf00000,0x00000000eaf80000)
  to   space 1024K, 0% used [0x00000000eaf80000,0x00000000eaf80000,0x00000000eb080000)
 ParOldGen       total 429568K, used 429057K [0x00000000c0000000, 0x00000000da380000, 0x00000000eab00000)
  object space 429568K, 99% used [0x00000000c0000000,0x00000000da3004d8,0x00000000da380000)
 Metaspace       used 65154K, committed 66624K, reserved 1114112K
  class space    used 6535K, committed 7168K, reserved 1048576K
}

Dll operation events (10 events):
Event: 0.017 Loaded shared library c:\Users\yassm\.vscode\extensions\redhat.java-1.42.0-win32-x64\jre\21.0.7-win32-x86_64\bin\java.dll
Event: 0.137 Loaded shared library c:\Users\yassm\.vscode\extensions\redhat.java-1.42.0-win32-x64\jre\21.0.7-win32-x86_64\bin\zip.dll
Event: 0.185 Loaded shared library C:\Users\yassm\.vscode\extensions\redhat.java-1.42.0-win32-x64\jre\21.0.7-win32-x86_64\bin\instrument.dll
Event: 0.193 Loaded shared library C:\Users\yassm\.vscode\extensions\redhat.java-1.42.0-win32-x64\jre\21.0.7-win32-x86_64\bin\net.dll
Event: 0.198 Loaded shared library C:\Users\yassm\.vscode\extensions\redhat.java-1.42.0-win32-x64\jre\21.0.7-win32-x86_64\bin\nio.dll
Event: 0.203 Loaded shared library C:\Users\yassm\.vscode\extensions\redhat.java-1.42.0-win32-x64\jre\21.0.7-win32-x86_64\bin\zip.dll
Event: 0.235 Loaded shared library C:\Users\yassm\.vscode\extensions\redhat.java-1.42.0-win32-x64\jre\21.0.7-win32-x86_64\bin\jimage.dll
Event: 0.372 Loaded shared library c:\Users\yassm\.vscode\extensions\redhat.java-1.42.0-win32-x64\jre\21.0.7-win32-x86_64\bin\verify.dll
Event: 2.269 Loaded shared library C:\Users\yassm\AppData\Roaming\Code\User\globalStorage\redhat.java\1.42.0\config_win\org.eclipse.equinox.launcher\org.eclipse.equinox.launcher.win32.win32.x86_64_1.2.1300.v20250331-1702\eclipse_11911.dll
Event: 4.847 Loaded shared library C:\Users\yassm\AppData\Local\Temp\jna-114749957\jna10731890119619741356.dll

Deoptimization events (20 events):
Event: 31.311 Thread 0x0000029dd48dbac0 DEOPT PACKING pc=0x0000029d80a6206f sp=0x000000f35affe780
Event: 31.311 Thread 0x0000029dd48dbac0 DEOPT UNPACKING pc=0x0000029d87584242 sp=0x000000f35affdc08 mode 0
Event: 31.317 Thread 0x0000029dd48dbac0 DEOPT PACKING pc=0x0000029d80a9f030 sp=0x000000f35affe8c0
Event: 31.317 Thread 0x0000029dd48dbac0 DEOPT UNPACKING pc=0x0000029d87584242 sp=0x000000f35affdd08 mode 0
Event: 31.322 Thread 0x0000029dd48dbac0 DEOPT PACKING pc=0x0000029d80a6206f sp=0x000000f35affe800
Event: 31.322 Thread 0x0000029dd48dbac0 DEOPT UNPACKING pc=0x0000029d87584242 sp=0x000000f35affdc88 mode 0
Event: 31.322 Thread 0x0000029dd48dbac0 DEOPT PACKING pc=0x0000029d80a6829a sp=0x000000f35affe840
Event: 31.322 Thread 0x0000029dd48dbac0 DEOPT UNPACKING pc=0x0000029d87584242 sp=0x000000f35affdc58 mode 0
Event: 31.336 Thread 0x0000029dd48dbac0 DEOPT PACKING pc=0x0000029d80a6206f sp=0x000000f35affe700
Event: 31.336 Thread 0x0000029dd48dbac0 DEOPT UNPACKING pc=0x0000029d87584242 sp=0x000000f35affdb88 mode 0
Event: 31.339 Thread 0x0000029dd48dbac0 DEOPT PACKING pc=0x0000029d80a6829a sp=0x000000f35affe820
Event: 31.339 Thread 0x0000029dd48dbac0 DEOPT UNPACKING pc=0x0000029d87584242 sp=0x000000f35affdc38 mode 0
Event: 31.347 Thread 0x0000029dd48dbac0 DEOPT PACKING pc=0x0000029d80a6206f sp=0x000000f35affe780
Event: 31.347 Thread 0x0000029dd48dbac0 DEOPT UNPACKING pc=0x0000029d87584242 sp=0x000000f35affdc08 mode 0
Event: 31.356 Thread 0x0000029dd48dbac0 DEOPT PACKING pc=0x0000029d80a6829a sp=0x000000f35affe8f0
Event: 31.356 Thread 0x0000029dd48dbac0 DEOPT UNPACKING pc=0x0000029d87584242 sp=0x000000f35affdd08 mode 0
Event: 31.359 Thread 0x0000029dd48dbac0 DEOPT PACKING pc=0x0000029d80a9f030 sp=0x000000f35affe8c0
Event: 31.359 Thread 0x0000029dd48dbac0 DEOPT UNPACKING pc=0x0000029d87584242 sp=0x000000f35affdd08 mode 0
Event: 31.360 Thread 0x0000029dd48dbac0 DEOPT PACKING pc=0x0000029d80a6206f sp=0x000000f35affe760
Event: 31.360 Thread 0x0000029dd48dbac0 DEOPT UNPACKING pc=0x0000029d87584242 sp=0x000000f35affdbe8 mode 0

Classes loaded (20 events):
Event: 24.570 Loading class java/util/concurrent/CompletionException
Event: 24.570 Loading class java/util/concurrent/CompletionException done
Event: 24.583 Loading class java/nio/file/FileTreeWalker$1
Event: 24.583 Loading class java/nio/file/FileTreeWalker$1 done
Event: 24.584 Loading class sun/nio/fs/Globs
Event: 24.585 Loading class sun/nio/fs/Globs done
Event: 24.585 Loading class java/util/regex/Pattern$SliceU
Event: 24.586 Loading class java/util/regex/Pattern$SliceU done
Event: 24.586 Loading class sun/nio/fs/WindowsFileSystem$2
Event: 24.586 Loading class java/nio/file/PathMatcher
Event: 24.586 Loading class java/nio/file/PathMatcher done
Event: 24.586 Loading class sun/nio/fs/WindowsFileSystem$2 done
Event: 24.804 Loading class java/util/Collections$SynchronizedRandomAccessList
Event: 24.804 Loading class java/util/Collections$SynchronizedList
Event: 24.805 Loading class java/util/Collections$SynchronizedList done
Event: 24.805 Loading class java/util/Collections$SynchronizedRandomAccessList done
Event: 24.824 Loading class java/util/concurrent/CompletableFuture$Signaller
Event: 24.825 Loading class java/util/concurrent/CompletableFuture$Signaller done
Event: 29.711 Loading class sun/nio/fs/WindowsFileCopy
Event: 29.712 Loading class sun/nio/fs/WindowsFileCopy done

Classes unloaded (7 events):
Event: 5.607 Thread 0x0000029df5c6fa20 Unloading class 0x0000029d901a4c00 'java/lang/invoke/LambdaForm$MH+0x0000029d901a4c00'
Event: 5.607 Thread 0x0000029df5c6fa20 Unloading class 0x0000029d901a4800 'java/lang/invoke/LambdaForm$MH+0x0000029d901a4800'
Event: 5.607 Thread 0x0000029df5c6fa20 Unloading class 0x0000029d901a4400 'java/lang/invoke/LambdaForm$MH+0x0000029d901a4400'
Event: 5.607 Thread 0x0000029df5c6fa20 Unloading class 0x0000029d901a4000 'java/lang/invoke/LambdaForm$MH+0x0000029d901a4000'
Event: 5.607 Thread 0x0000029df5c6fa20 Unloading class 0x0000029d901a3c00 'java/lang/invoke/LambdaForm$BMH+0x0000029d901a3c00'
Event: 5.607 Thread 0x0000029df5c6fa20 Unloading class 0x0000029d901a3800 'java/lang/invoke/LambdaForm$DMH+0x0000029d901a3800'
Event: 5.607 Thread 0x0000029df5c6fa20 Unloading class 0x0000029d901a2400 'java/lang/invoke/LambdaForm$DMH+0x0000029d901a2400'

Classes redefined (0 events):
No events

Internal exceptions (20 events):
Event: 24.842 Thread 0x0000029dd6b88270 Exception <a 'sun/nio/fs/WindowsException'{0x00000000eac427f8}> (0x00000000eac427f8) 
thrown [s\src\hotspot\share\prims\jni.cpp, line 520]
Event: 24.842 Thread 0x0000029dd6b88270 Exception <a 'sun/nio/fs/WindowsException'{0x00000000eac430b0}> (0x00000000eac430b0) 
thrown [s\src\hotspot\share\prims\jni.cpp, line 520]
Event: 24.844 Thread 0x0000029dd6b88270 Exception <a 'sun/nio/fs/WindowsException'{0x00000000eac46e20}> (0x00000000eac46e20) 
thrown [s\src\hotspot\share\prims\jni.cpp, line 520]
Event: 24.844 Thread 0x0000029dd6b88270 Exception <a 'sun/nio/fs/WindowsException'{0x00000000eac476c0}> (0x00000000eac476c0) 
thrown [s\src\hotspot\share\prims\jni.cpp, line 520]
Event: 24.846 Thread 0x0000029dd6b88270 Exception <a 'sun/nio/fs/WindowsException'{0x00000000eac48b30}> (0x00000000eac48b30) 
thrown [s\src\hotspot\share\prims\jni.cpp, line 520]
Event: 24.846 Thread 0x0000029dd6b88270 Exception <a 'sun/nio/fs/WindowsException'{0x00000000eac493a8}> (0x00000000eac493a8) 
thrown [s\src\hotspot\share\prims\jni.cpp, line 520]
Event: 24.847 Thread 0x0000029dd6b88270 Exception <a 'sun/nio/fs/WindowsException'{0x00000000eac4a180}> (0x00000000eac4a180) 
thrown [s\src\hotspot\share\prims\jni.cpp, line 520]
Event: 24.848 Thread 0x0000029dd6b88270 Exception <a 'sun/nio/fs/WindowsException'{0x00000000eac4a9f0}> (0x00000000eac4a9f0) 
thrown [s\src\hotspot\share\prims\jni.cpp, line 520]
Event: 24.853 Thread 0x0000029dd6b88270 Exception <a 'java/lang/IncompatibleClassChangeError'{0x00000000eac81a50}: Found class java.lang.Object, but interface was expected> (0x00000000eac81a50) 
thrown [s\src\hotspot\share\interpreter\linkResolver.cpp, line 840]
Event: 29.713 Thread 0x0000029dd48dbac0 Exception <a 'sun/nio/fs/WindowsException'{0x00000000eae53bb8}> (0x00000000eae53bb8) 
thrown [s\src\hotspot\share\prims\jni.cpp, line 520]
Event: 29.740 Thread 0x0000029dd48dbac0 Exception <a 'sun/nio/fs/WindowsException'{0x00000000eab032c0}> (0x00000000eab032c0) 
thrown [s\src\hotspot\share\prims\jni.cpp, line 520]
Event: 29.755 Thread 0x0000029dd48dbac0 Exception <a 'sun/nio/fs/WindowsException'{0x00000000eab13440}> (0x00000000eab13440) 
thrown [s\src\hotspot\share\prims\jni.cpp, line 520]
Event: 29.767 Thread 0x0000029dd48dbac0 Exception <a 'sun/nio/fs/WindowsException'{0x00000000eab2c548}> (0x00000000eab2c548) 
thrown [s\src\hotspot\share\prims\jni.cpp, line 520]
Event: 29.845 Thread 0x0000029dd48dbac0 Exception <a 'sun/nio/fs/WindowsException'{0x00000000ead7bd70}> (0x00000000ead7bd70) 
thrown [s\src\hotspot\share\prims\jni.cpp, line 520]
Event: 30.052 Thread 0x0000029dd48dbac0 Exception <a 'sun/nio/fs/WindowsException'{0x00000000ead207c0}> (0x00000000ead207c0) 
thrown [s\src\hotspot\share\prims\jni.cpp, line 520]
Event: 30.082 Thread 0x0000029dd48dbac0 Exception <a 'sun/nio/fs/WindowsException'{0x00000000eadc2d60}> (0x00000000eadc2d60) 
thrown [s\src\hotspot\share\prims\jni.cpp, line 520]
Event: 30.299 Thread 0x0000029dd48dbac0 Exception <a 'sun/nio/fs/WindowsException'{0x00000000eacc2de0}> (0x00000000eacc2de0) 
thrown [s\src\hotspot\share\prims\jni.cpp, line 520]
Event: 30.323 Thread 0x0000029dd48dbac0 Exception <a 'sun/nio/fs/WindowsException'{0x00000000eacec5e0}> (0x00000000eacec5e0) 
thrown [s\src\hotspot\share\prims\jni.cpp, line 520]
Event: 30.352 Thread 0x0000029dd48dbac0 Exception <a 'sun/nio/fs/WindowsException'{0x00000000ead86f18}> (0x00000000ead86f18) 
thrown [s\src\hotspot\share\prims\jni.cpp, line 520]
Event: 30.474 Thread 0x0000029dd48dbac0 Exception <a 'sun/nio/fs/WindowsException'{0x00000000eadfca98}> (0x00000000eadfca98) 
thrown [s\src\hotspot\share\prims\jni.cpp, line 520]

ZGC Phase Switch (0 events):
No events

VM Operations (20 events):
Event: 31.145 Executing VM operation: ParallelGCFailedAllocation (Allocation Failure)
Event: 31.147 Executing VM operation: ParallelGCFailedAllocation (Allocation Failure) done
Event: 31.168 Executing VM operation: ParallelGCFailedAllocation (Allocation Failure)
Event: 31.170 Executing VM operation: ParallelGCFailedAllocation (Allocation Failure) done
Event: 31.189 Executing VM operation: ParallelGCFailedAllocation (Allocation Failure)
Event: 31.191 Executing VM operation: ParallelGCFailedAllocation (Allocation Failure) done
Event: 31.213 Executing VM operation: ParallelGCFailedAllocation (Allocation Failure)
Event: 31.215 Executing VM operation: ParallelGCFailedAllocation (Allocation Failure) done
Event: 31.239 Executing VM operation: ParallelGCFailedAllocation (Allocation Failure)
Event: 31.241 Executing VM operation: ParallelGCFailedAllocation (Allocation Failure) done
Event: 31.260 Executing VM operation: ParallelGCFailedAllocation (Allocation Failure)
Event: 31.263 Executing VM operation: ParallelGCFailedAllocation (Allocation Failure) done
Event: 31.281 Executing VM operation: ParallelGCFailedAllocation (Allocation Failure)
Event: 31.283 Executing VM operation: ParallelGCFailedAllocation (Allocation Failure) done
Event: 31.304 Executing VM operation: ParallelGCFailedAllocation (Allocation Failure)
Event: 31.307 Executing VM operation: ParallelGCFailedAllocation (Allocation Failure) done
Event: 31.327 Executing VM operation: ParallelGCFailedAllocation (Allocation Failure)
Event: 31.330 Executing VM operation: ParallelGCFailedAllocation (Allocation Failure) done
Event: 31.351 Executing VM operation: ParallelGCFailedAllocation (Allocation Failure)
Event: 31.353 Executing VM operation: ParallelGCFailedAllocation (Allocation Failure) done

Memory protections (0 events):
No events

Nmethod flushes (20 events):
Event: 17.242 Thread 0x0000029df5c6fa20 flushing osr nmethod 0x0000029d80880490
Event: 17.242 Thread 0x0000029df5c6fa20 flushing  nmethod 0x0000029d808abe10
Event: 17.242 Thread 0x0000029df5c6fa20 flushing  nmethod 0x0000029d808b6e90
Event: 17.242 Thread 0x0000029df5c6fa20 flushing  nmethod 0x0000029d808b9f90
Event: 17.242 Thread 0x0000029df5c6fa20 flushing  nmethod 0x0000029d808c8310
Event: 17.242 Thread 0x0000029df5c6fa20 flushing  nmethod 0x0000029d808c8890
Event: 17.242 Thread 0x0000029df5c6fa20 flushing  nmethod 0x0000029d808db710
Event: 17.242 Thread 0x0000029df5c6fa20 flushing  nmethod 0x0000029d808dc290
Event: 17.242 Thread 0x0000029df5c6fa20 flushing  nmethod 0x0000029d808dd210
Event: 17.242 Thread 0x0000029df5c6fa20 flushing  nmethod 0x0000029d808e0710
Event: 17.242 Thread 0x0000029df5c6fa20 flushing  nmethod 0x0000029d808e0e10
Event: 17.242 Thread 0x0000029df5c6fa20 flushing  nmethod 0x0000029d808e2310
Event: 17.242 Thread 0x0000029df5c6fa20 flushing  nmethod 0x0000029d808e2790
Event: 17.242 Thread 0x0000029df5c6fa20 flushing  nmethod 0x0000029d808e4490
Event: 17.242 Thread 0x0000029df5c6fa20 flushing  nmethod 0x0000029d808f7c10
Event: 17.242 Thread 0x0000029df5c6fa20 flushing  nmethod 0x0000029d8097de90
Event: 17.242 Thread 0x0000029df5c6fa20 flushing  nmethod 0x0000029d8097f990
Event: 17.242 Thread 0x0000029df5c6fa20 flushing  nmethod 0x0000029d80981290
Event: 17.242 Thread 0x0000029df5c6fa20 flushing  nmethod 0x0000029d8098e110
Event: 17.242 Thread 0x0000029df5c6fa20 flushing  nmethod 0x0000029d8098eb90

Events (20 events):
Event: 22.183 Thread 0x0000029dd6b8de50 Thread added: 0x0000029dd79654e0
Event: 22.183 Thread 0x0000029dd6b8de50 Thread added: 0x0000029dd7964130
Event: 22.184 Thread 0x0000029dd6b8de50 Thread added: 0x0000029dd7966890
Event: 22.810 Thread 0x0000029dd7964130 Thread exited: 0x0000029dd7964130
Event: 22.811 Thread 0x0000029dd7966890 Thread exited: 0x0000029dd7966890
Event: 22.812 Thread 0x0000029dd7963410 Thread exited: 0x0000029dd7963410
Event: 22.812 Thread 0x0000029dd79654e0 Thread exited: 0x0000029dd79654e0
Event: 22.812 Thread 0x0000029dd7963aa0 Thread exited: 0x0000029dd7963aa0
Event: 23.602 Thread 0x0000029dd6b8de50 Thread added: 0x0000029dd79654e0
Event: 23.602 Thread 0x0000029dd6b8de50 Thread added: 0x0000029dd7966890
Event: 23.603 Thread 0x0000029dd6b8de50 Thread added: 0x0000029dd7963410
Event: 23.605 Thread 0x0000029dd6b8de50 Thread added: 0x0000029dd7963aa0
Event: 23.605 Thread 0x0000029dd6b8de50 Thread added: 0x0000029dd7964130
Event: 23.736 Thread 0x0000029dd7963aa0 Thread exited: 0x0000029dd7963aa0
Event: 23.736 Thread 0x0000029dd7964130 Thread exited: 0x0000029dd7964130
Event: 23.737 Thread 0x0000029dd7963410 Thread exited: 0x0000029dd7963410
Event: 23.741 Thread 0x0000029dd79654e0 Thread exited: 0x0000029dd79654e0
Event: 23.742 Thread 0x0000029dd7966890 Thread exited: 0x0000029dd7966890
Event: 26.027 Thread 0x0000029dd42529b0 Thread exited: 0x0000029dd42529b0
Event: 26.485 Thread 0x0000029dd43dbd90 Thread exited: 0x0000029dd43dbd90


Dynamic libraries:
0x00007ff7fc5d0000 - 0x00007ff7fc5de000 	c:\Users\yassm\.vscode\extensions\redhat.java-1.42.0-win32-x64\jre\21.0.7-win32-x86_64\bin\java.exe
0x00007ffbdce20000 - 0x00007ffbdd029000 	C:\WINDOWS\SYSTEM32\ntdll.dll
0x00007ffbdac70000 - 0x00007ffbdad2d000 	C:\WINDOWS\System32\KERNEL32.DLL
0x00007ffbda2b0000 - 0x00007ffbda634000 	C:\WINDOWS\System32\KERNELBASE.dll
0x00007ffbda640000 - 0x00007ffbda751000 	C:\WINDOWS\System32\ucrtbase.dll
0x00007ffbc70f0000 - 0x00007ffbc7108000 	c:\Users\yassm\.vscode\extensions\redhat.java-1.42.0-win32-x64\jre\21.0.7-win32-x86_64\bin\jli.dll
0x00007ffbdb3a0000 - 0x00007ffbdb54d000 	C:\WINDOWS\System32\USER32.dll
0x00007ffbda760000 - 0x00007ffbda786000 	C:\WINDOWS\System32\win32u.dll
0x00007ffbdc950000 - 0x00007ffbdc97a000 	C:\WINDOWS\System32\GDI32.dll
0x00007ffbdab50000 - 0x00007ffbdac6e000 	C:\WINDOWS\System32\gdi32full.dll
0x00007ffbda790000 - 0x00007ffbda82d000 	C:\WINDOWS\System32\msvcp_win.dll
0x00007ffbc7d60000 - 0x00007ffbc7d7e000 	c:\Users\yassm\.vscode\extensions\redhat.java-1.42.0-win32-x64\jre\21.0.7-win32-x86_64\bin\VCRUNTIME140.dll
0x00007ffbc8590000 - 0x00007ffbc8835000 	C:\WINDOWS\WinSxS\amd64_microsoft.windows.common-controls_6595b64144ccf1df_6.0.22000.120_none_9d947278b86cc467\COMCTL32.dll
0x00007ffbdae40000 - 0x00007ffbdaee3000 	C:\WINDOWS\System32\msvcrt.dll
0x00007ffbdc770000 - 0x00007ffbdc7a1000 	C:\WINDOWS\System32\IMM32.DLL
0x0000000071d90000 - 0x0000000071d9c000 	C:\Program Files (x86)\360\Total Security\safemon\SafeWrapper.dll
0x00007ffbdb8d0000 - 0x00007ffbdb97e000 	C:\WINDOWS\System32\ADVAPI32.dll
0x00007ffbdada0000 - 0x00007ffbdae3e000 	C:\WINDOWS\System32\sechost.dll
0x00007ffbdcaa0000 - 0x00007ffbdcbc1000 	C:\WINDOWS\System32\RPCRT4.dll
0x00007ffb989c0000 - 0x00007ffb98a6c000 	C:\Program Files (x86)\360\Total Security\safemon\libzdtp64.dll
0x00007ffbdbae0000 - 0x00007ffbdc2a5000 	C:\WINDOWS\System32\SHELL32.dll
0x00007ffbdc710000 - 0x00007ffbdc76d000 	C:\WINDOWS\System32\SHLWAPI.dll
0x00007ffbd9c50000 - 0x00007ffbd9c5a000 	C:\WINDOWS\SYSTEM32\VERSION.dll
0x00007ffbd6a30000 - 0x00007ffbd6a3c000 	c:\Users\yassm\.vscode\extensions\redhat.java-1.42.0-win32-x64\jre\21.0.7-win32-x86_64\bin\vcruntime140_1.dll
0x00007ffbbf830000 - 0x00007ffbbf8bd000 	c:\Users\yassm\.vscode\extensions\redhat.java-1.42.0-win32-x64\jre\21.0.7-win32-x86_64\bin\msvcp140.dll
0x00007ffb9d270000 - 0x00007ffb9e000000 	c:\Users\yassm\.vscode\extensions\redhat.java-1.42.0-win32-x64\jre\21.0.7-win32-x86_64\bin\server\jvm.dll
0x00007ffbdad30000 - 0x00007ffbdad9f000 	C:\WINDOWS\System32\WS2_32.dll
0x00007ffbd3930000 - 0x00007ffbd3963000 	C:\WINDOWS\SYSTEM32\WINMM.dll
0x00007ffbda190000 - 0x00007ffbda1dd000 	C:\WINDOWS\SYSTEM32\POWRPROF.dll
0x00007ffbda160000 - 0x00007ffbda173000 	C:\WINDOWS\SYSTEM32\UMPDC.dll
0x00007ffbd9280000 - 0x00007ffbd9298000 	C:\WINDOWS\SYSTEM32\kernel.appcore.dll
0x00007ffbd4d40000 - 0x00007ffbd4d4a000 	c:\Users\yassm\.vscode\extensions\redhat.java-1.42.0-win32-x64\jre\21.0.7-win32-x86_64\bin\jimage.dll
0x00007ffbd1330000 - 0x00007ffbd1551000 	C:\WINDOWS\SYSTEM32\DBGHELP.DLL
0x00007ffbc76b0000 - 0x00007ffbc76e1000 	C:\WINDOWS\SYSTEM32\dbgcore.DLL
0x00007ffbdaad0000 - 0x00007ffbdab4f000 	C:\WINDOWS\System32\bcryptPrimitives.dll
0x00007ffbd6ac0000 - 0x00007ffbd6acf000 	c:\Users\yassm\.vscode\extensions\redhat.java-1.42.0-win32-x64\jre\21.0.7-win32-x86_64\bin\instrument.dll
0x00007ffbd69a0000 - 0x00007ffbd69bf000 	c:\Users\yassm\.vscode\extensions\redhat.java-1.42.0-win32-x64\jre\21.0.7-win32-x86_64\bin\java.dll
0x00007ffbd82d0000 - 0x00007ffbd8b32000 	C:\WINDOWS\SYSTEM32\windows.storage.dll
0x00007ffbdb550000 - 0x00007ffbdb8c6000 	C:\WINDOWS\System32\combase.dll
0x00007ffbd8160000 - 0x00007ffbd82c7000 	C:\WINDOWS\SYSTEM32\wintypes.dll
0x00007ffbdcc50000 - 0x00007ffbdcd3a000 	C:\WINDOWS\System32\SHCORE.dll
0x00007ffbda1e0000 - 0x00007ffbda205000 	C:\WINDOWS\SYSTEM32\profapi.dll
0x00007ffbc9620000 - 0x00007ffbc9638000 	c:\Users\yassm\.vscode\extensions\redhat.java-1.42.0-win32-x64\jre\21.0.7-win32-x86_64\bin\zip.dll
0x00007ffbd4d20000 - 0x00007ffbd4d30000 	C:\Users\yassm\.vscode\extensions\redhat.java-1.42.0-win32-x64\jre\21.0.7-win32-x86_64\bin\net.dll
0x00007ffbd4960000 - 0x00007ffbd4a74000 	C:\WINDOWS\SYSTEM32\WINHTTP.dll
0x00007ffbd9740000 - 0x00007ffbd97a7000 	C:\WINDOWS\system32\mswsock.dll
0x00007ffbc70b0000 - 0x00007ffbc70c6000 	C:\Users\yassm\.vscode\extensions\redhat.java-1.42.0-win32-x64\jre\21.0.7-win32-x86_64\bin\nio.dll
0x00007ffbd4640000 - 0x00007ffbd4650000 	c:\Users\yassm\.vscode\extensions\redhat.java-1.42.0-win32-x64\jre\21.0.7-win32-x86_64\bin\verify.dll
0x00007ffbc20f0000 - 0x00007ffbc2135000 	C:\Users\yassm\AppData\Roaming\Code\User\globalStorage\redhat.java\1.42.0\config_win\org.eclipse.equinox.launcher\org.eclipse.equinox.launcher.win32.win32.x86_64_1.2.1300.v20250331-1702\eclipse_11911.dll
0x00007ffbdc7b0000 - 0x00007ffbdc94a000 	C:\WINDOWS\System32\ole32.dll
0x00007ffbd99a0000 - 0x00007ffbd99b8000 	C:\WINDOWS\SYSTEM32\CRYPTSP.dll
0x00007ffbd91e0000 - 0x00007ffbd9215000 	C:\WINDOWS\system32\rsaenh.dll
0x00007ffbd9850000 - 0x00007ffbd987c000 	C:\WINDOWS\SYSTEM32\USERENV.dll
0x00007ffbd9b20000 - 0x00007ffbd9b47000 	C:\WINDOWS\SYSTEM32\bcrypt.dll
0x00007ffbd99c0000 - 0x00007ffbd99cc000 	C:\WINDOWS\SYSTEM32\CRYPTBASE.dll
0x00007ffbd8d90000 - 0x00007ffbd8dbd000 	C:\WINDOWS\SYSTEM32\IPHLPAPI.DLL
0x00007ffbdc2b0000 - 0x00007ffbdc2b9000 	C:\WINDOWS\System32\NSI.dll
0x00007ffbc01c0000 - 0x00007ffbc0209000 	C:\Users\yassm\AppData\Local\Temp\jna-114749957\jna10731890119619741356.dll
0x00007ffbdc450000 - 0x00007ffbdc458000 	C:\WINDOWS\System32\PSAPI.DLL
0x00007ffbd3f10000 - 0x00007ffbd3f29000 	C:\WINDOWS\SYSTEM32\dhcpcsvc6.DLL
0x00007ffbd4ef0000 - 0x00007ffbd4f0e000 	C:\WINDOWS\SYSTEM32\dhcpcsvc.DLL

dbghelp: loaded successfully - version: 4.0.5 - missing functions: none
symbol engine: initialized successfully - sym options: 0x614 - pdb path: .;c:\Users\yassm\.vscode\extensions\redhat.java-1.42.0-win32-x64\jre\21.0.7-win32-x86_64\bin;C:\WINDOWS\SYSTEM32;C:\WINDOWS\WinSxS\amd64_microsoft.windows.common-controls_6595b64144ccf1df_6.0.22000.120_none_9d947278b86cc467;C:\Program Files (x86)\360\Total Security\safemon;c:\Users\yassm\.vscode\extensions\redhat.java-1.42.0-win32-x64\jre\21.0.7-win32-x86_64\bin\server;C:\Users\yassm\AppData\Roaming\Code\User\globalStorage\redhat.java\1.42.0\config_win\org.eclipse.equinox.launcher\org.eclipse.equinox.launcher.win32.win32.x86_64_1.2.1300.v20250331-1702;C:\Users\yassm\AppData\Local\Temp\jna-114749957

VM Arguments:
jvm_args: --add-modules=ALL-SYSTEM --add-opens=java.base/java.util=ALL-UNNAMED --add-opens=java.base/java.lang=ALL-UNNAMED --add-opens=java.base/sun.nio.fs=ALL-UNNAMED -Declipse.application=org.eclipse.jdt.ls.core.id1 -Dosgi.bundles.defaultStartLevel=4 -Declipse.product=org.eclipse.jdt.ls.core.product -Djava.import.generatesMetadataFilesAtProjectRoot=false -DDetectVMInstallationsJob.disabled=true -Dfile.encoding=utf8 -XX:+UseParallelGC -XX:GCTimeRatio=4 -XX:AdaptiveSizePolicyWeight=90 -Dsun.zip.disableMemoryMapping=true -Xmx1G -Xms100m -Xlog:disable -javaagent:c:\Users\yassm\.vscode\extensions\redhat.java-1.42.0-win32-x64\lombok\lombok-1.18.36.jar -XX:+HeapDumpOnOutOfMemoryError -XX:HeapDumpPath=c:\Users\yassm\AppData\Roaming\Code\User\workspaceStorage\01b6eb0d43ef3d27e35b615da00195a7\redhat.java -Daether.dependencyCollector.impl=bf 
java_command: c:\Users\yassm\.vscode\extensions\redhat.java-1.42.0-win32-x64\server\plugins\org.eclipse.equinox.launcher_1.7.0.v20250424-1814.jar -configuration c:\Users\yassm\AppData\Roaming\Code\User\globalStorage\redhat.java\1.42.0\config_win -data c:\Users\yassm\AppData\Roaming\Code\User\workspaceStorage\01b6eb0d43ef3d27e35b615da00195a7\redhat.java\jdt_ws --pipe=\\.\pipe\lsp-f8d27054bf78921c92b56cc8758fd5e3-sock
java_class_path (initial): c:\Users\yassm\.vscode\extensions\redhat.java-1.42.0-win32-x64\server\plugins\org.eclipse.equinox.launcher_1.7.0.v20250424-1814.jar
Launcher Type: SUN_STANDARD

[Global flags]
    uintx AdaptiveSizePolicyWeight                 = 90                                        {product} {command line}
     intx CICompilerCount                          = 4                                         {product} {ergonomic}
    uintx GCTimeRatio                              = 4                                         {product} {command line}
     bool HeapDumpOnOutOfMemoryError               = true                                   {manageable} {command line}
    ccstr HeapDumpPath                             = c:\Users\yassm\AppData\Roaming\Code\User\workspaceStorage\01b6eb0d43ef3d27e35b615da00195a7\redhat.java         {manageable} {command line}
   size_t InitialHeapSize                          = 104857600                                 {product} {command line}
   size_t MaxHeapSize                              = 1073741824                                {product} {command line}
   size_t MaxNewSize                               = 357564416                                 {product} {ergonomic}
   size_t MinHeapDeltaBytes                        = 524288                                    {product} {ergonomic}
   size_t MinHeapSize                              = 104857600                                 {product} {command line}
   size_t NewSize                                  = 34603008                                  {product} {ergonomic}
    uintx NonNMethodCodeHeapSize                   = 5839372                                {pd product} {ergonomic}
    uintx NonProfiledCodeHeapSize                  = 122909434                              {pd product} {ergonomic}
   size_t OldSize                                  = 70254592                                  {product} {ergonomic}
    uintx ProfiledCodeHeapSize                     = 122909434                              {pd product} {ergonomic}
    uintx ReservedCodeCacheSize                    = 251658240                              {pd product} {ergonomic}
     bool SegmentedCodeCache                       = true                                      {product} {ergonomic}
   size_t SoftMaxHeapSize                          = 1073741824                             {manageable} {ergonomic}
     bool UseCompressedOops                        = true                           {product lp64_product} {ergonomic}
     bool UseLargePagesIndividualAllocation        = false                                  {pd product} {ergonomic}
     bool UseParallelGC                            = true                                      {product} {command line}

Logging:
Log output configuration:
 #0: stdout all=off uptime,level,tags foldmultilines=false
 #1: stderr all=off uptime,level,tags foldmultilines=false

Environment Variables:
JAVA_HOME=C:\Program Files\Java\jdk-17
PATH=C:\Program Files\Common Files\Oracle\Java\javapath;C:\Program Files (x86)\VMware\VMware Workstation\bin\;C:\oraclexe\app\oracle\product\11.2.0\server\bin;C:\Program Files (x86)\Common Files\Oracle\Java\javapath;C:\Windows\system32;C:\Windows;C:\Windows\System32\Wbem;C:\Windows\System32\WindowsPowerShell\v1.0\;C:\Windows\System32\OpenSSH\;C:\WINDOWS\system32;C:\WINDOWS;C:\WINDOWS\System32\Wbem;C:\WINDOWS\System32\WindowsPowerShell\v1.0\;C:\WINDOWS\System32\OpenSSH\;C:\Program Files\Microsoft SQL Server\150\Tools\Binn\;C:\Program Files\Microsoft SQL Server\Client SDK\ODBC\170\Tools\Binn\;C:\Program Files\dotnet\;C:\Program Files\Java\jdk-17\bin;C:\Program Files (x86)\Microsoft SQL Server\110\DTS\Binn\;C:\Program Files (x86)\Microsoft SQL Server\110\Tools\Binn\;C:\Program Files (x86)\Microsoft SQL Server\110\Tools\Binn\ManagementStudio\;C:\Program Files (x86)\Microsoft Visual Studio 10.0\Common7\IDE\PrivateAssemblies\;C:\ProgramData\chocolatey\bin;C:\spark\bin;C:\Program Files\Java\jdk-17\bin;C:\Users\yassm\AppData\Local\Programs\Python\Python312\pythonw.exe;C:\Program Files\nodejs\;C:\Program Files\Git\cmd;C:\Users\yassm\AppData\Local\Programs\Python\Launcher\;C:\Users\yassm\AppData\Local\Microsoft\WindowsApps;C:\Users\yassm\AppData\Local\Programs\Microsoft VS Code\bin;C:\Users\yassm\.dotnet\tools;C:\Program Files\JetBrains\IntelliJ IDEA 2022.2.1\bin;;C:\Users\yassm\AppData\Local\Programs\Python\Python312\;C:\apache-maven-3.9.9-bin\apache-maven-3.9.9\bin;C:\Users\yassm\AppData\Local\Microsoft\WinGet\Packages\Schniz.fnm_Microsoft.Winget.Source_8wekyb3d8bbwe;C:\Users\yassm\AppData\Roaming\npm
USERNAME=yassm
OS=Windows_NT
PROCESSOR_IDENTIFIER=AMD64 Family 23 Model 24 Stepping 1, AuthenticAMD
TMP=C:\Users\yassm\AppData\Local\Temp
TEMP=C:\Users\yassm\AppData\Local\Temp




Periodic native trim disabled

---------------  S Y S T E M  ---------------

OS:
 Windows 11 , 64 bit Build 22000 (10.0.22000.2538)
OS uptime: 6 days 1:23 hours
Hyper-V role detected

CPU: total 8 (initial active 8) (8 cores per cpu, 2 threads per core) family 23 model 24 stepping 1 microcode 0x0, cx8, cmov, fxsr, ht, mmx, 3dnowpref, sse, sse2, sse3, ssse3, sse4a, sse4.1, sse4.2, popcnt, lzcnt, tsc, tscinvbit, avx, avx2, aes, clmul, bmi1, bmi2, adx, sha, fma, vzeroupper, clflush, clflushopt, hv, rdtscp, f16c
Processor Information for the first 8 processors :
  Max Mhz: 2100, Current Mhz: 2100, Mhz Limit: 2100

Memory: 4k page, system-wide physical 6091M (249M free)
TotalPageFile size 24523M (AvailPageFile size 4M)
current process WorkingSet (physical memory assigned to process): 776M, peak: 776M
current process commit charge ("private bytes"): 697M, peak: 959M

vm_info: OpenJDK 64-Bit Server VM (21.0.7+6-LTS) for windows-amd64 JRE (21.0.7+6-LTS), built on 2025-04-15T00:00:00Z by "admin" with MS VC++ 17.7 (VS2022)

END.
